# JRE version: Java(TM) SE Runtime Environment (8.0_101-b13) (build 1.8.0_101-b13)
# Java VM: Java HotSpot(TM) 64-Bit Server VM (25.101-b13 mixed mode linux-amd64 compressed oops)
Heap:
 PSYoungGen      total 35840K, used 23945K [0x00000000d8a00000, 0x00000000db200000, 0x0000000100000000)
  eden space 30720K, 77% used [0x00000000d8a00000,0x00000000da162458,0x00000000da800000)
  from space 5120K, 0% used [0x00000000da800000,0x00000000da800000,0x00000000dad00000)
  to   space 5120K, 0% used [0x00000000dad00000,0x00000000dad00000,0x00000000db200000)
 ParOldGen       total 54272K, used 9551K [0x0000000089e00000, 0x000000008d300000, 0x00000000d8a00000)
  object space 54272K, 17% used [0x0000000089e00000,0x000000008a753ec0,0x000000008d300000)
 Metaspace       used 24777K, capacity 25572K, committed 25856K, reserved 1071104K
  class space    used 3153K, capacity 3324K, committed 3328K, reserved 1048576K
GC Heap History (8 events):
Event: 9.875 GC heap before
{Heap before GC invocations=1 (full 0):
 PSYoungGen      total 35840K, used 30720K [0x00000000d8a00000, 0x00000000db200000, 0x0000000100000000)
  eden space 30720K, 100% used [0x00000000d8a00000,0x00000000da800000,0x00000000da800000)
  from space 5120K, 0% used [0x00000000dad00000,0x00000000dad00000,0x00000000db200000)
  to   space 5120K, 0% used [0x00000000da800000,0x00000000da800000,0x00000000dad00000)
 ParOldGen       total 81920K, used 0K [0x0000000089e00000, 0x000000008ee00000, 0x00000000d8a00000)
  object space 81920K, 0% used [0x0000000089e00000,0x0000000089e00000,0x000000008ee00000)
 Metaspace       used 14527K, capacity 15130K, committed 15232K, reserved 1062912K
  class space    used 1979K, capacity 2144K, committed 2176K, reserved 1048576K
Event: 9.893 GC heap after
Heap after GC invocations=1 (full 0):
 PSYoungGen      total 35840K, used 3986K [0x00000000d8a00000, 0x00000000db200000, 0x0000000100000000)
  eden space 30720K, 0% used [0x00000000d8a00000,0x00000000d8a00000,0x00000000da800000)
  from space 5120K, 77% used [0x00000000da800000,0x00000000dabe4bd0,0x00000000dad00000)
  to   space 5120K, 0% used [0x00000000dad00000,0x00000000dad00000,0x00000000db200000)
 ParOldGen       total 81920K, used 16K [0x0000000089e00000, 0x000000008ee00000, 0x00000000d8a00000)
  object space 81920K, 0% used [0x0000000089e00000,0x0000000089e04000,0x000000008ee00000)
 Metaspace       used 14527K, capacity 15130K, committed 15232K, reserved 1062912K
  class space    used 1979K, capacity 2144K, committed 2176K, reserved 1048576K
}
Event: 11.676 GC heap before
{Heap before GC invocations=2 (full 0):
 PSYoungGen      total 35840K, used 34706K [0x00000000d8a00000, 0x00000000db200000, 0x0000000100000000)
  eden space 30720K, 100% used [0x00000000d8a00000,0x00000000da800000,0x00000000da800000)
  from space 5120K, 77% used [0x00000000da800000,0x00000000dabe4bd0,0x00000000dad00000)
  to   space 5120K, 0% used [0x00000000dad00000,0x00000000dad00000,0x00000000db200000)
 ParOldGen       total 81920K, used 16K [0x0000000089e00000, 0x000000008ee00000, 0x00000000d8a00000)
  object space 81920K, 0% used [0x0000000089e00000,0x0000000089e04000,0x000000008ee00000)
 Metaspace       used 20041K, capacity 20816K, committed 21120K, reserved 1067008K
  class space    used 2647K, capacity 2834K, committed 2944K, reserved 1048576K
Event: 11.697 GC heap after
Heap after GC invocations=2 (full 0):
 PSYoungGen      total 35840K, used 5107K [0x00000000d8a00000, 0x00000000db200000, 0x0000000100000000)
  eden space 30720K, 0% used [0x00000000d8a00000,0x00000000d8a00000,0x00000000da800000)
  from space 5120K, 99% used [0x00000000dad00000,0x00000000db1fcd88,0x00000000db200000)
  to   space 5120K, 0% used [0x00000000da800000,0x00000000da800000,0x00000000dad00000)
 ParOldGen       total 81920K, used 5754K [0x0000000089e00000, 0x000000008ee00000, 0x00000000d8a00000)
  object space 81920K, 7% used [0x0000000089e00000,0x000000008a39ea48,0x000000008ee00000)
 Metaspace       used 20041K, capacity 20816K, committed 21120K, reserved 1067008K
  class space    used 2647K, capacity 2834K, committed 2944K, reserved 1048576K
}
Event: 12.259 GC heap before
{Heap before GC invocations=3 (full 0):
 PSYoungGen      total 35840K, used 10083K [0x00000000d8a00000, 0x00000000db200000, 0x0000000100000000)
  eden space 30720K, 16% used [0x00000000d8a00000,0x00000000d8edc1d0,0x00000000da800000)
  from space 5120K, 99% used [0x00000000dad00000,0x00000000db1fcd88,0x00000000db200000)
  to   space 5120K, 0% used [0x00000000da800000,0x00000000da800000,0x00000000dad00000)
 ParOldGen       total 81920K, used 5754K [0x0000000089e00000, 0x000000008ee00000, 0x00000000d8a00000)
  object space 81920K, 7% used [0x0000000089e00000,0x000000008a39ea48,0x000000008ee00000)
 Metaspace       used 20478K, capacity 21200K, committed 21296K, reserved 1067008K
  class space    used 2704K, capacity 2898K, committed 2944K, reserved 1048576K
Event: 12.269 GC heap after
Heap after GC invocations=3 (full 0):
 PSYoungGen      total 35840K, used 5106K [0x00000000d8a00000, 0x00000000db200000, 0x0000000100000000)
  eden space 30720K, 0% used [0x00000000d8a00000,0x00000000d8a00000,0x00000000da800000)
  from space 5120K, 99% used [0x00000000da800000,0x00000000dacfc928,0x00000000dad00000)
  to   space 5120K, 0% used [0x00000000dad00000,0x00000000dad00000,0x00000000db200000)
 ParOldGen       total 81920K, used 6788K [0x0000000089e00000, 0x000000008ee00000, 0x00000000d8a00000)
  object space 81920K, 8% used [0x0000000089e00000,0x000000008a4a1290,0x000000008ee00000)
 Metaspace       used 20478K, capacity 21200K, committed 21296K, reserved 1067008K
  class space    used 2704K, capacity 2898K, committed 2944K, reserved 1048576K
}
Event: 12.269 GC heap before
{Heap before GC invocations=4 (full 1):
 PSYoungGen      total 35840K, used 5106K [0x00000000d8a00000, 0x00000000db200000, 0x0000000100000000)
  eden space 30720K, 0% used [0x00000000d8a00000,0x00000000d8a00000,0x00000000da800000)
  from space 5120K, 99% used [0x00000000da800000,0x00000000dacfc928,0x00000000dad00000)
  to   space 5120K, 0% used [0x00000000dad00000,0x00000000dad00000,0x00000000db200000)
 ParOldGen       total 81920K, used 6788K [0x0000000089e00000, 0x000000008ee00000, 0x00000000d8a00000)
  object space 81920K, 8% used [0x0000000089e00000,0x000000008a4a1290,0x000000008ee00000)
 Metaspace       used 20478K, capacity 21200K, committed 21296K, reserved 1067008K
  class space    used 2704K, capacity 2898K, committed 2944K, reserved 1048576K
Event: 12.304 GC heap after
Heap after GC invocations=4 (full 1):
 PSYoungGen      total 35840K, used 0K [0x00000000d8a00000, 0x00000000db200000, 0x0000000100000000)
  eden space 30720K, 0% used [0x00000000d8a00000,0x00000000d8a00000,0x00000000da800000)
  from space 5120K, 0% used [0x00000000da800000,0x00000000da800000,0x00000000dad00000)
  to   space 5120K, 0% used [0x00000000dad00000,0x00000000dad00000,0x00000000db200000)
 ParOldGen       total 54272K, used 9551K [0x0000000089e00000, 0x000000008d300000, 0x00000000d8a00000)
  object space 54272K, 17% used [0x0000000089e00000,0x000000008a753ec0,0x000000008d300000)
 Metaspace       used 20478K, capacity 21200K, committed 21296K, reserved 1067008K
  class space    used 2704K, capacity 2898K, committed 2944K, reserved 1048576K
}

