# JRE version: Java(TM) SE Runtime Environment (8.0_101-b13) (build 1.8.0_101-b13)
# Java VM: Java HotSpot(TM) Client VM (25.101-b13 mixed mode windows-x86 )
Heap:
 def new generation   total 8064K, used 2726K [0x04a00000, 0x052c0000, 0x19f50000)
  eden space 7168K,  34% used [0x04a00000, 0x04c66108, 0x05100000)
  from space 896K,  30% used [0x051e0000, 0x05223750, 0x052c0000)
  to   space 896K,   0% used [0x05100000, 0x05100000, 0x051e0000)
 tenured generation   total 17864K, used 13322K [0x19f50000, 0x1b0c2000, 0x44a00000)
   the space 17864K,  74% used [0x19f50000, 0x1ac528d8, 0x1ac52a00, 0x1b0c2000)
 Metaspace       used 17293K, capacity 17982K, committed 18048K, reserved 18816K
GC Heap History (10 events):
Event: 6.722 GC heap before
{Heap before GC invocations=25 (full 2):
 def new generation   total 8064K, used 6611K [0x04a00000, 0x052c0000, 0x19f50000)
  eden space 7168K,  92% used [0x04a00000, 0x05074ed8, 0x05100000)
  from space 896K,   0% used [0x05100000, 0x05100000, 0x051e0000)
  to   space 896K,   0% used [0x051e0000, 0x051e0000, 0x052c0000)
 tenured generation   total 17864K, used 10717K [0x19f50000, 0x1b0c2000, 0x44a00000)
   the space 17864K,  59% used [0x19f50000, 0x1a9c7760, 0x1a9c7800, 0x1b0c2000)
 Metaspace       used 16962K, capacity 17627K, committed 17664K, reserved 17792K
Event: 6.725 GC heap after
Heap after GC invocations=26 (full 2):
 def new generation   total 8064K, used 482K [0x04a00000, 0x052c0000, 0x19f50000)
  eden space 7168K,   0% used [0x04a00000, 0x04a00000, 0x05100000)
  from space 896K,  53% used [0x051e0000, 0x05258a20, 0x052c0000)
  to   space 896K,   0% used [0x05100000, 0x05100000, 0x051e0000)
 tenured generation   total 17864K, used 10717K [0x19f50000, 0x1b0c2000, 0x44a00000)
   the space 17864K,  59% used [0x19f50000, 0x1a9c7760, 0x1a9c7800, 0x1b0c2000)
 Metaspace       used 16962K, capacity 17627K, committed 17664K, reserved 17792K
}
Event: 10.501 GC heap before
{Heap before GC invocations=26 (full 2):
 def new generation   total 8064K, used 7740K [0x04a00000, 0x052c0000, 0x19f50000)
  eden space 7168K,  99% used [0x04a00000, 0x050f66a0, 0x05100000)
  from space 896K,  68% used [0x051e0000, 0x05278a30, 0x052c0000)
  to   space 896K,   0% used [0x05100000, 0x05100000, 0x051e0000)
 tenured generation   total 17864K, used 10717K [0x19f50000, 0x1b0c2000, 0x44a00000)
   the space 17864K,  59% used [0x19f50000, 0x1a9c7760, 0x1a9c7800, 0x1b0c2000)
 Metaspace       used 16982K, capacity 17629K, committed 17664K, reserved 17792K
Event: 10.507 GC heap after
Heap after GC invocations=27 (full 2):
 def new generation   total 8064K, used 349K [0x04a00000, 0x052c0000, 0x19f50000)
  eden space 7168K,   0% used [0x04a00000, 0x04a00000, 0x05100000)
  from space 896K,  38% used [0x05100000, 0x05157548, 0x051e0000)
  to   space 896K,   0% used [0x051e0000, 0x051e0000, 0x052c0000)
 tenured generation   total 17864K, used 13115K [0x19f50000, 0x1b0c2000, 0x44a00000)
   the space 17864K,  73% used [0x19f50000, 0x1ac1edf8, 0x1ac1ee00, 0x1b0c2000)
 Metaspace       used 16982K, capacity 17629K, committed 17664K, reserved 17792K
}
Event: 12.002 GC heap before
{Heap before GC invocations=27 (full 2):
 def new generation   total 8064K, used 7397K [0x04a00000, 0x052c0000, 0x19f50000)
  eden space 7168K,  98% used [0x04a00000, 0x050e1fb0, 0x05100000)
  from space 896K,  38% used [0x05100000, 0x05157548, 0x051e0000)
  to   space 896K,   0% used [0x051e0000, 0x051e0000, 0x052c0000)
 tenured generation   total 17864K, used 13115K [0x19f50000, 0x1b0c2000, 0x44a00000)
   the space 17864K,  73% used [0x19f50000, 0x1ac1edf8, 0x1ac1ee00, 0x1b0c2000)
 Metaspace       used 16982K, capacity 17629K, committed 17664K, reserved 17792K
Event: 12.006 GC heap after
Heap after GC invocations=28 (full 2):
 def new generation   total 8064K, used 478K [0x04a00000, 0x052c0000, 0x19f50000)
  eden space 7168K,   0% used [0x04a00000, 0x04a00000, 0x05100000)
  from space 896K,  53% used [0x051e0000, 0x05257a80, 0x052c0000)
  to   space 896K,   0% used [0x05100000, 0x05100000, 0x051e0000)
 tenured generation   total 17864K, used 13115K [0x19f50000, 0x1b0c2000, 0x44a00000)
   the space 17864K,  73% used [0x19f50000, 0x1ac1edf8, 0x1ac1ee00, 0x1b0c2000)
 Metaspace       used 16982K, capacity 17629K, committed 17664K, reserved 17792K
}
Event: 13.578 GC heap before
{Heap before GC invocations=28 (full 2):
 def new generation   total 8064K, used 7646K [0x04a00000, 0x052c0000, 0x19f50000)
  eden space 7168K, 100% used [0x04a00000, 0x05100000, 0x05100000)
  from space 896K,  53% used [0x051e0000, 0x05257a80, 0x052c0000)
  to   space 896K,   0% used [0x05100000, 0x05100000, 0x051e0000)
 tenured generation   total 17864K, used 13115K [0x19f50000, 0x1b0c2000, 0x44a00000)
   the space 17864K,  73% used [0x19f50000, 0x1ac1edf8, 0x1ac1ee00, 0x1b0c2000)
 Metaspace       used 17291K, capacity 17979K, committed 18048K, reserved 18816K
Event: 13.582 GC heap after
Heap after GC invocations=29 (full 2):
 def new generation   total 8064K, used 745K [0x04a00000, 0x052c0000, 0x19f50000)
  eden space 7168K,   0% used [0x04a00000, 0x04a00000, 0x05100000)
  from space 896K,  83% used [0x05100000, 0x051ba4c0, 0x051e0000)
  to   space 896K,   0% used [0x051e0000, 0x051e0000, 0x052c0000)
 tenured generation   total 17864K, used 13160K [0x19f50000, 0x1b0c2000, 0x44a00000)
   the space 17864K,  73% used [0x19f50000, 0x1ac2a0a0, 0x1ac2a200, 0x1b0c2000)
 Metaspace       used 17291K, capacity 17979K, committed 18048K, reserved 18816K
}
Event: 22.022 GC heap before
{Heap before GC invocations=29 (full 2):
 def new generation   total 8064K, used 7912K [0x04a00000, 0x052c0000, 0x19f50000)
  eden space 7168K,  99% used [0x04a00000, 0x050ffca0, 0x05100000)
  from space 896K,  83% used [0x05100000, 0x051ba4c0, 0x051e0000)
  to   space 896K,   0% used [0x051e0000, 0x051e0000, 0x052c0000)
 tenured generation   total 17864K, used 13160K [0x19f50000, 0x1b0c2000, 0x44a00000)
   the space 17864K,  73% used [0x19f50000, 0x1ac2a0a0, 0x1ac2a200, 0x1b0c2000)
 Metaspace       used 17293K, capacity 17982K, committed 18048K, reserved 18816K
Event: 22.028 GC heap after
Heap after GC invocations=30 (full 2):
 def new generation   total 8064K, used 269K [0x04a00000, 0x052c0000, 0x19f50000)
  eden space 7168K,   0% used [0x04a00000, 0x04a00000, 0x05100000)
  from space 896K,  30% used [0x051e0000, 0x05223750, 0x052c0000)
  to   space 896K,   0% used [0x05100000, 0x05100000, 0x051e0000)
 tenured generation   total 17864K, used 13322K [0x19f50000, 0x1b0c2000, 0x44a00000)
   the space 17864K,  74% used [0x19f50000, 0x1ac528d8, 0x1ac52a00, 0x1b0c2000)
 Metaspace       used 17293K, capacity 17982K, committed 18048K, reserved 18816K
}

