# JRE version: Java(TM) SE Runtime Environment (8.0_101-b13) (build 1.8.0_101-b13)
# Java VM: Java HotSpot(TM) Client VM (25.101-b13 mixed mode windows-x86 )
Heap:
 def new generation   total 8064K, used 7498K [0x04800000, 0x050b0000, 0x09d50000)
  eden space 7232K,  96% used [0x04800000, 0x04ec7d10, 0x04f10000)
  from space 832K,  66% used [0x04f10000, 0x04f9ade0, 0x04fe0000)
  to   space 832K,   0% used [0x04fe0000, 0x04fe0000, 0x050b0000)
 tenured generation   total 17740K, used 13101K [0x09d50000, 0x0aea3000, 0x14800000)
   the space 17740K,  73% used [0x09d50000, 0x0aa1b5e8, 0x0aa1b600, 0x0aea3000)
 Metaspace       used 15843K, capacity 16432K, committed 16512K, reserved 16768K
GC Heap History (10 events):
Event: 2.741 GC heap before
{Heap before GC invocations=12 (full 0):
 def new generation   total 4928K, used 1332K [0x04800000, 0x04d50000, 0x09d50000)
  eden space 4416K,  18% used [0x04800000, 0x048cd180, 0x04c50000)
  from space 512K, 100% used [0x04c50000, 0x04cd0000, 0x04cd0000)
  to   space 512K,   0% used [0x04cd0000, 0x04cd0000, 0x04d50000)
 tenured generation   total 10944K, used 10501K [0x09d50000, 0x0a800000, 0x14800000)
   the space 10944K,  95% used [0x09d50000, 0x0a7915e0, 0x0a791600, 0x0a800000)
 Metaspace       used 11772K, capacity 12277K, committed 12288K, reserved 12672K
Event: 2.762 GC heap after
Heap after GC invocations=13 (full 1):
 def new generation   total 8064K, used 0K [0x04800000, 0x050b0000, 0x09d50000)
  eden space 7232K,   0% used [0x04800000, 0x04800000, 0x04f10000)
  from space 832K,   0% used [0x04f10000, 0x04f10000, 0x04fe0000)
  to   space 832K,   0% used [0x04fe0000, 0x04fe0000, 0x050b0000)
 tenured generation   total 17740K, used 10642K [0x09d50000, 0x0aea3000, 0x14800000)
   the space 17740K,  59% used [0x09d50000, 0x0a7b49c8, 0x0a7b4a00, 0x0aea3000)
 Metaspace       used 11772K, capacity 12277K, committed 12288K, reserved 12672K
}
Event: 3.055 GC heap before
{Heap before GC invocations=13 (full 1):
 def new generation   total 8064K, used 7230K [0x04800000, 0x050b0000, 0x09d50000)
  eden space 7232K,  99% used [0x04800000, 0x04f0f9d8, 0x04f10000)
  from space 832K,   0% used [0x04f10000, 0x04f10000, 0x04fe0000)
  to   space 832K,   0% used [0x04fe0000, 0x04fe0000, 0x050b0000)
 tenured generation   total 17740K, used 10642K [0x09d50000, 0x0aea3000, 0x14800000)
   the space 17740K,  59% used [0x09d50000, 0x0a7b49c8, 0x0a7b4a00, 0x0aea3000)
 Metaspace       used 12482K, capacity 13018K, committed 13056K, reserved 13696K
Event: 3.060 GC heap after
Heap after GC invocations=14 (full 1):
 def new generation   total 8064K, used 832K [0x04800000, 0x050b0000, 0x09d50000)
  eden space 7232K,   0% used [0x04800000, 0x04800000, 0x04f10000)
  from space 832K, 100% used [0x04fe0000, 0x050b0000, 0x050b0000)
  to   space 832K,   0% used [0x04f10000, 0x04f10000, 0x04fe0000)
 tenured generation   total 17740K, used 11149K [0x09d50000, 0x0aea3000, 0x14800000)
   the space 17740K,  62% used [0x09d50000, 0x0a833490, 0x0a833600, 0x0aea3000)
 Metaspace       used 12482K, capacity 13018K, committed 13056K, reserved 13696K
}
Event: 3.172 GC heap before
{Heap before GC invocations=14 (full 1):
 def new generation   total 8064K, used 8064K [0x04800000, 0x050b0000, 0x09d50000)
  eden space 7232K, 100% used [0x04800000, 0x04f10000, 0x04f10000)
  from space 832K, 100% used [0x04fe0000, 0x050b0000, 0x050b0000)
  to   space 832K,   0% used [0x04f10000, 0x04f10000, 0x04fe0000)
 tenured generation   total 17740K, used 11149K [0x09d50000, 0x0aea3000, 0x14800000)
   the space 17740K,  62% used [0x09d50000, 0x0a833490, 0x0a833600, 0x0aea3000)
 Metaspace       used 13643K, capacity 14170K, committed 14208K, reserved 14720K
Event: 3.175 GC heap after
Heap after GC invocations=15 (full 1):
 def new generation   total 8064K, used 831K [0x04800000, 0x050b0000, 0x09d50000)
  eden space 7232K,   0% used [0x04800000, 0x04800000, 0x04f10000)
  from space 832K,  99% used [0x04f10000, 0x04fdfff8, 0x04fe0000)
  to   space 832K,   0% used [0x04fe0000, 0x04fe0000, 0x050b0000)
 tenured generation   total 17740K, used 12281K [0x09d50000, 0x0aea3000, 0x14800000)
   the space 17740K,  69% used [0x09d50000, 0x0a94e5d8, 0x0a94e600, 0x0aea3000)
 Metaspace       used 13643K, capacity 14170K, committed 14208K, reserved 14720K
}
Event: 3.285 GC heap before
{Heap before GC invocations=15 (full 1):
 def new generation   total 8064K, used 8063K [0x04800000, 0x050b0000, 0x09d50000)
  eden space 7232K, 100% used [0x04800000, 0x04f10000, 0x04f10000)
  from space 832K,  99% used [0x04f10000, 0x04fdfff8, 0x04fe0000)
  to   space 832K,   0% used [0x04fe0000, 0x04fe0000, 0x050b0000)
 tenured generation   total 17740K, used 12281K [0x09d50000, 0x0aea3000, 0x14800000)
   the space 17740K,  69% used [0x09d50000, 0x0a94e5d8, 0x0a94e600, 0x0aea3000)
 Metaspace       used 14469K, capacity 15002K, committed 15104K, reserved 15744K
Event: 3.288 GC heap after
Heap after GC invocations=16 (full 1):
 def new generation   total 8064K, used 832K [0x04800000, 0x050b0000, 0x09d50000)
  eden space 7232K,   0% used [0x04800000, 0x04800000, 0x04f10000)
  from space 832K, 100% used [0x04fe0000, 0x050b0000, 0x050b0000)
  to   space 832K,   0% used [0x04f10000, 0x04f10000, 0x04fe0000)
 tenured generation   total 17740K, used 12979K [0x09d50000, 0x0aea3000, 0x14800000)
   the space 17740K,  73% used [0x09d50000, 0x0a9fcde0, 0x0a9fce00, 0x0aea3000)
 Metaspace       used 14469K, capacity 15002K, committed 15104K, reserved 15744K
}
Event: 5.125 GC heap before
{Heap before GC invocations=16 (full 1):
 def new generation   total 8064K, used 8064K [0x04800000, 0x050b0000, 0x09d50000)
  eden space 7232K, 100% used [0x04800000, 0x04f10000, 0x04f10000)
  from space 832K, 100% used [0x04fe0000, 0x050b0000, 0x050b0000)
  to   space 832K,   0% used [0x04f10000, 0x04f10000, 0x04fe0000)
 tenured generation   total 17740K, used 12979K [0x09d50000, 0x0aea3000, 0x14800000)
   the space 17740K,  73% used [0x09d50000, 0x0a9fcde0, 0x0a9fce00, 0x0aea3000)
 Metaspace       used 15510K, capacity 16074K, committed 16128K, reserved 16768K
Event: 5.129 GC heap after
Heap after GC invocations=17 (full 1):
 def new generation   total 8064K, used 555K [0x04800000, 0x050b0000, 0x09d50000)
  eden space 7232K,   0% used [0x04800000, 0x04800000, 0x04f10000)
  from space 832K,  66% used [0x04f10000, 0x04f9ade0, 0x04fe0000)
  to   space 832K,   0% used [0x04fe0000, 0x04fe0000, 0x050b0000)
 tenured generation   total 17740K, used 13101K [0x09d50000, 0x0aea3000, 0x14800000)
   the space 17740K,  73% used [0x09d50000, 0x0aa1b5e8, 0x0aa1b600, 0x0aea3000)
 Metaspace       used 15510K, capacity 16074K, committed 16128K, reserved 16768K
}

