# JRE version: Java(TM) SE Runtime Environment (8.0_101-b13) (build 1.8.0_101-b13)
# Java VM: Java HotSpot(TM) 64-Bit Server VM (25.101-b13 mixed mode linux-amd64 compressed oops)
Heap:
 PSYoungGen      total 53248K, used 13548K [0x00000000d8a00000, 0x00000000dcf80000, 0x0000000100000000)
  eden space 48640K, 19% used [0x00000000d8a00000,0x00000000d93345c8,0x00000000db980000)
  from space 4608K, 89% used [0x00000000dcb00000,0x00000000dcf06da0,0x00000000dcf80000)
  to   space 5120K, 0% used [0x00000000dc580000,0x00000000dc580000,0x00000000dca80000)
 ParOldGen       total 59904K, used 11351K [0x0000000089e00000, 0x000000008d880000, 0x00000000d8a00000)
  object space 59904K, 18% used [0x0000000089e00000,0x000000008a915fd0,0x000000008d880000)
 Metaspace       used 26504K, capacity 27422K, committed 27520K, reserved 1073152K
  class space    used 3424K, capacity 3645K, committed 3712K, reserved 1048576K
GC Heap History (10 events):
Event: 2.116 GC heap before
{Heap before GC invocations=1 (full 0):
 PSYoungGen      total 35840K, used 30720K [0x00000000d8a00000, 0x00000000db200000, 0x0000000100000000)
  eden space 30720K, 100% used [0x00000000d8a00000,0x00000000da800000,0x00000000da800000)
  from space 5120K, 0% used [0x00000000dad00000,0x00000000dad00000,0x00000000db200000)
  to   space 5120K, 0% used [0x00000000da800000,0x00000000da800000,0x00000000dad00000)
 ParOldGen       total 81920K, used 0K [0x0000000089e00000, 0x000000008ee00000, 0x00000000d8a00000)
  object space 81920K, 0% used [0x0000000089e00000,0x0000000089e00000,0x000000008ee00000)
 Metaspace       used 13893K, capacity 14484K, committed 14720K, reserved 1062912K
  class space    used 1931K, capacity 2111K, committed 2176K, reserved 1048576K
Event: 2.126 GC heap after
Heap after GC invocations=1 (full 0):
 PSYoungGen      total 35840K, used 4066K [0x00000000d8a00000, 0x00000000db200000, 0x0000000100000000)
  eden space 30720K, 0% used [0x00000000d8a00000,0x00000000d8a00000,0x00000000da800000)
  from space 5120K, 79% used [0x00000000da800000,0x00000000dabf8bc0,0x00000000dad00000)
  to   space 5120K, 0% used [0x00000000dad00000,0x00000000dad00000,0x00000000db200000)
 ParOldGen       total 81920K, used 8K [0x0000000089e00000, 0x000000008ee00000, 0x00000000d8a00000)
  object space 81920K, 0% used [0x0000000089e00000,0x0000000089e02000,0x000000008ee00000)
 Metaspace       used 13893K, capacity 14484K, committed 14720K, reserved 1062912K
  class space    used 1931K, capacity 2111K, committed 2176K, reserved 1048576K
}
Event: 3.817 GC heap before
{Heap before GC invocations=2 (full 0):
 PSYoungGen      total 35840K, used 34786K [0x00000000d8a00000, 0x00000000db200000, 0x0000000100000000)
  eden space 30720K, 100% used [0x00000000d8a00000,0x00000000da800000,0x00000000da800000)
  from space 5120K, 79% used [0x00000000da800000,0x00000000dabf8bc0,0x00000000dad00000)
  to   space 5120K, 0% used [0x00000000dad00000,0x00000000dad00000,0x00000000db200000)
 ParOldGen       total 81920K, used 8K [0x0000000089e00000, 0x000000008ee00000, 0x00000000d8a00000)
  object space 81920K, 0% used [0x0000000089e00000,0x0000000089e02000,0x000000008ee00000)
 Metaspace       used 19799K, capacity 20548K, committed 20736K, reserved 1067008K
  class space    used 2610K, capacity 2806K, committed 2816K, reserved 1048576K
Event: 3.833 GC heap after
Heap after GC invocations=2 (full 0):
 PSYoungGen      total 35840K, used 5090K [0x00000000d8a00000, 0x00000000db200000, 0x0000000100000000)
  eden space 30720K, 0% used [0x00000000d8a00000,0x00000000d8a00000,0x00000000da800000)
  from space 5120K, 99% used [0x00000000dad00000,0x00000000db1f89c0,0x00000000db200000)
  to   space 5120K, 0% used [0x00000000da800000,0x00000000da800000,0x00000000dad00000)
 ParOldGen       total 81920K, used 5805K [0x0000000089e00000, 0x000000008ee00000, 0x00000000d8a00000)
  object space 81920K, 7% used [0x0000000089e00000,0x000000008a3ab780,0x000000008ee00000)
 Metaspace       used 19799K, capacity 20548K, committed 20736K, reserved 1067008K
  class space    used 2610K, capacity 2806K, committed 2816K, reserved 1048576K
}
Event: 3.919 GC heap before
{Heap before GC invocations=3 (full 0):
 PSYoungGen      total 35840K, used 9966K [0x00000000d8a00000, 0x00000000db200000, 0x0000000100000000)
  eden space 30720K, 15% used [0x00000000d8a00000,0x00000000d8ec3108,0x00000000da800000)
  from space 5120K, 99% used [0x00000000dad00000,0x00000000db1f89c0,0x00000000db200000)
  to   space 5120K, 0% used [0x00000000da800000,0x00000000da800000,0x00000000dad00000)
 ParOldGen       total 81920K, used 5805K [0x0000000089e00000, 0x000000008ee00000, 0x00000000d8a00000)
  object space 81920K, 7% used [0x0000000089e00000,0x000000008a3ab780,0x000000008ee00000)
 Metaspace       used 20509K, capacity 21220K, committed 21296K, reserved 1067008K
  class space    used 2712K, capacity 2902K, committed 2944K, reserved 1048576K
Event: 3.925 GC heap after
Heap after GC invocations=3 (full 0):
 PSYoungGen      total 35840K, used 5092K [0x00000000d8a00000, 0x00000000dd000000, 0x0000000100000000)
  eden space 30720K, 0% used [0x00000000d8a00000,0x00000000d8a00000,0x00000000da800000)
  from space 5120K, 99% used [0x00000000da800000,0x00000000dacf9100,0x00000000dad00000)
  to   space 5120K, 0% used [0x00000000dcb00000,0x00000000dcb00000,0x00000000dd000000)
 ParOldGen       total 81920K, used 6514K [0x0000000089e00000, 0x000000008ee00000, 0x00000000d8a00000)
  object space 81920K, 7% used [0x0000000089e00000,0x000000008a45c8a8,0x000000008ee00000)
 Metaspace       used 20509K, capacity 21220K, committed 21296K, reserved 1067008K
  class space    used 2712K, capacity 2902K, committed 2944K, reserved 1048576K
}
Event: 3.925 GC heap before
{Heap before GC invocations=4 (full 1):
 PSYoungGen      total 35840K, used 5092K [0x00000000d8a00000, 0x00000000dd000000, 0x0000000100000000)
  eden space 30720K, 0% used [0x00000000d8a00000,0x00000000d8a00000,0x00000000da800000)
  from space 5120K, 99% used [0x00000000da800000,0x00000000dacf9100,0x00000000dad00000)
  to   space 5120K, 0% used [0x00000000dcb00000,0x00000000dcb00000,0x00000000dd000000)
 ParOldGen       total 81920K, used 6514K [0x0000000089e00000, 0x000000008ee00000, 0x00000000d8a00000)
  object space 81920K, 7% used [0x0000000089e00000,0x000000008a45c8a8,0x000000008ee00000)
 Metaspace       used 20509K, capacity 21220K, committed 21296K, reserved 1067008K
  class space    used 2712K, capacity 2902K, committed 2944K, reserved 1048576K
Event: 3.983 GC heap after
Heap after GC invocations=4 (full 1):
 PSYoungGen      total 35840K, used 0K [0x00000000d8a00000, 0x00000000dd000000, 0x0000000100000000)
  eden space 30720K, 0% used [0x00000000d8a00000,0x00000000d8a00000,0x00000000da800000)
  from space 5120K, 0% used [0x00000000da800000,0x00000000da800000,0x00000000dad00000)
  to   space 5120K, 0% used [0x00000000dcb00000,0x00000000dcb00000,0x00000000dd000000)
 ParOldGen       total 59904K, used 11343K [0x0000000089e00000, 0x000000008d880000, 0x00000000d8a00000)
  object space 59904K, 18% used [0x0000000089e00000,0x000000008a913fd0,0x000000008d880000)
 Metaspace       used 20509K, capacity 21220K, committed 21296K, reserved 1067008K
  class space    used 2712K, capacity 2902K, committed 2944K, reserved 1048576K
}
Event: 16.706 GC heap before
{Heap before GC invocations=5 (full 1):
 PSYoungGen      total 35840K, used 30720K [0x00000000d8a00000, 0x00000000dd000000, 0x0000000100000000)
  eden space 30720K, 100% used [0x00000000d8a00000,0x00000000da800000,0x00000000da800000)
  from space 5120K, 0% used [0x00000000da800000,0x00000000da800000,0x00000000dad00000)
  to   space 5120K, 0% used [0x00000000dcb00000,0x00000000dcb00000,0x00000000dd000000)
 ParOldGen       total 59904K, used 11343K [0x0000000089e00000, 0x000000008d880000, 0x00000000d8a00000)
  object space 59904K, 18% used [0x0000000089e00000,0x000000008a913fd0,0x000000008d880000)
 Metaspace       used 26222K, capacity 27156K, committed 27264K, reserved 1073152K
  class space    used 3415K, capacity 3644K, committed 3712K, reserved 1048576K
Event: 16.711 GC heap after
Heap after GC invocations=5 (full 1):
 PSYoungGen      total 53248K, used 4123K [0x00000000d8a00000, 0x00000000dcf80000, 0x0000000100000000)
  eden space 48640K, 0% used [0x00000000d8a00000,0x00000000d8a00000,0x00000000db980000)
  from space 4608K, 89% used [0x00000000dcb00000,0x00000000dcf06da0,0x00000000dcf80000)
  to   space 5120K, 0% used [0x00000000dc580000,0x00000000dc580000,0x00000000dca80000)
 ParOldGen       total 59904K, used 11351K [0x0000000089e00000, 0x000000008d880000, 0x00000000d8a00000)
  object space 59904K, 18% used [0x0000000089e00000,0x000000008a915fd0,0x000000008d880000)
 Metaspace       used 26222K, capacity 27156K, committed 27264K, reserved 1073152K
  class space    used 3415K, capacity 3644K, committed 3712K, reserved 1048576K
}

