# JRE version: Java(TM) SE Runtime Environment (8.0_101-b13) (build 1.8.0_101-b13)
# Java VM: Java HotSpot(TM) 64-Bit Server VM (25.101-b13 mixed mode linux-amd64 compressed oops)
Heap:
 PSYoungGen      total 50688K, used 11678K [0x00000000d8a00000, 0x00000000dcf00000, 0x0000000100000000)
  eden space 46592K, 16% used [0x00000000d8a00000,0x00000000d9167e38,0x00000000db780000)
  from space 4096K, 99% used [0x00000000dcb00000,0x00000000dceffaa0,0x00000000dcf00000)
  to   space 5120K, 0% used [0x00000000dc500000,0x00000000dc500000,0x00000000dca00000)
 ParOldGen       total 60928K, used 9722K [0x0000000089e00000, 0x000000008d980000, 0x00000000d8a00000)
  object space 60928K, 15% used [0x0000000089e00000,0x000000008a77e820,0x000000008d980000)
 Metaspace       used 26485K, capacity 27446K, committed 27520K, reserved 1073152K
  class space    used 3431K, capacity 3655K, committed 3712K, reserved 1048576K
GC Heap History (10 events):
Event: 2.110 GC heap before
{Heap before GC invocations=1 (full 0):
 PSYoungGen      total 35840K, used 30720K [0x00000000d8a00000, 0x00000000db200000, 0x0000000100000000)
  eden space 30720K, 100% used [0x00000000d8a00000,0x00000000da800000,0x00000000da800000)
  from space 5120K, 0% used [0x00000000dad00000,0x00000000dad00000,0x00000000db200000)
  to   space 5120K, 0% used [0x00000000da800000,0x00000000da800000,0x00000000dad00000)
 ParOldGen       total 81920K, used 0K [0x0000000089e00000, 0x000000008ee00000, 0x00000000d8a00000)
  object space 81920K, 0% used [0x0000000089e00000,0x0000000089e00000,0x000000008ee00000)
 Metaspace       used 14607K, capacity 15246K, committed 15616K, reserved 1062912K
  class space    used 1989K, capacity 2178K, committed 2304K, reserved 1048576K
Event: 2.128 GC heap after
Heap after GC invocations=1 (full 0):
 PSYoungGen      total 35840K, used 4034K [0x00000000d8a00000, 0x00000000db200000, 0x0000000100000000)
  eden space 30720K, 0% used [0x00000000d8a00000,0x00000000d8a00000,0x00000000da800000)
  from space 5120K, 78% used [0x00000000da800000,0x00000000dabf0bc0,0x00000000dad00000)
  to   space 5120K, 0% used [0x00000000dad00000,0x00000000dad00000,0x00000000db200000)
 ParOldGen       total 81920K, used 16K [0x0000000089e00000, 0x000000008ee00000, 0x00000000d8a00000)
  object space 81920K, 0% used [0x0000000089e00000,0x0000000089e04000,0x000000008ee00000)
 Metaspace       used 14607K, capacity 15246K, committed 15616K, reserved 1062912K
  class space    used 1989K, capacity 2178K, committed 2304K, reserved 1048576K
}
Event: 3.738 GC heap before
{Heap before GC invocations=2 (full 0):
 PSYoungGen      total 35840K, used 34754K [0x00000000d8a00000, 0x00000000db200000, 0x0000000100000000)
  eden space 30720K, 100% used [0x00000000d8a00000,0x00000000da800000,0x00000000da800000)
  from space 5120K, 78% used [0x00000000da800000,0x00000000dabf0bc0,0x00000000dad00000)
  to   space 5120K, 0% used [0x00000000dad00000,0x00000000dad00000,0x00000000db200000)
 ParOldGen       total 81920K, used 16K [0x0000000089e00000, 0x000000008ee00000, 0x00000000d8a00000)
  object space 81920K, 0% used [0x0000000089e00000,0x0000000089e04000,0x000000008ee00000)
 Metaspace       used 19668K, capacity 20402K, committed 20480K, reserved 1067008K
  class space    used 2605K, capacity 2801K, committed 2816K, reserved 1048576K
Event: 3.753 GC heap after
Heap after GC invocations=2 (full 0):
 PSYoungGen      total 35840K, used 5100K [0x00000000d8a00000, 0x00000000db200000, 0x0000000100000000)
  eden space 30720K, 0% used [0x00000000d8a00000,0x00000000d8a00000,0x00000000da800000)
  from space 5120K, 99% used [0x00000000dad00000,0x00000000db1fb2a8,0x00000000db200000)
  to   space 5120K, 0% used [0x00000000da800000,0x00000000da800000,0x00000000dad00000)
 ParOldGen       total 81920K, used 5935K [0x0000000089e00000, 0x000000008ee00000, 0x00000000d8a00000)
  object space 81920K, 7% used [0x0000000089e00000,0x000000008a3cbec8,0x000000008ee00000)
 Metaspace       used 19668K, capacity 20402K, committed 20480K, reserved 1067008K
  class space    used 2605K, capacity 2801K, committed 2816K, reserved 1048576K
}
Event: 4.118 GC heap before
{Heap before GC invocations=3 (full 0):
 PSYoungGen      total 35840K, used 11337K [0x00000000d8a00000, 0x00000000db200000, 0x0000000100000000)
  eden space 30720K, 20% used [0x00000000d8a00000,0x00000000d9017318,0x00000000da800000)
  from space 5120K, 99% used [0x00000000dad00000,0x00000000db1fb2a8,0x00000000db200000)
  to   space 5120K, 0% used [0x00000000da800000,0x00000000da800000,0x00000000dad00000)
 ParOldGen       total 81920K, used 5935K [0x0000000089e00000, 0x000000008ee00000, 0x00000000d8a00000)
  object space 81920K, 7% used [0x0000000089e00000,0x000000008a3cbec8,0x000000008ee00000)
 Metaspace       used 20512K, capacity 21210K, committed 21296K, reserved 1067008K
  class space    used 2709K, capacity 2899K, committed 2944K, reserved 1048576K
Event: 4.125 GC heap after
Heap after GC invocations=3 (full 0):
 PSYoungGen      total 35840K, used 5104K [0x00000000d8a00000, 0x00000000dd000000, 0x0000000100000000)
  eden space 30720K, 0% used [0x00000000d8a00000,0x00000000d8a00000,0x00000000da800000)
  from space 5120K, 99% used [0x00000000da800000,0x00000000dacfc0a8,0x00000000dad00000)
  to   space 5120K, 0% used [0x00000000dcb00000,0x00000000dcb00000,0x00000000dd000000)
 ParOldGen       total 81920K, used 6835K [0x0000000089e00000, 0x000000008ee00000, 0x00000000d8a00000)
  object space 81920K, 8% used [0x0000000089e00000,0x000000008a4accc8,0x000000008ee00000)
 Metaspace       used 20512K, capacity 21210K, committed 21296K, reserved 1067008K
  class space    used 2709K, capacity 2899K, committed 2944K, reserved 1048576K
}
Event: 4.125 GC heap before
{Heap before GC invocations=4 (full 1):
 PSYoungGen      total 35840K, used 5104K [0x00000000d8a00000, 0x00000000dd000000, 0x0000000100000000)
  eden space 30720K, 0% used [0x00000000d8a00000,0x00000000d8a00000,0x00000000da800000)
  from space 5120K, 99% used [0x00000000da800000,0x00000000dacfc0a8,0x00000000dad00000)
  to   space 5120K, 0% used [0x00000000dcb00000,0x00000000dcb00000,0x00000000dd000000)
 ParOldGen       total 81920K, used 6835K [0x0000000089e00000, 0x000000008ee00000, 0x00000000d8a00000)
  object space 81920K, 8% used [0x0000000089e00000,0x000000008a4accc8,0x000000008ee00000)
 Metaspace       used 20512K, capacity 21210K, committed 21296K, reserved 1067008K
  class space    used 2709K, capacity 2899K, committed 2944K, reserved 1048576K
Event: 4.162 GC heap after
Heap after GC invocations=4 (full 1):
 PSYoungGen      total 35840K, used 0K [0x00000000d8a00000, 0x00000000dd000000, 0x0000000100000000)
  eden space 30720K, 0% used [0x00000000d8a00000,0x00000000d8a00000,0x00000000da800000)
  from space 5120K, 0% used [0x00000000da800000,0x00000000da800000,0x00000000dad00000)
  to   space 5120K, 0% used [0x00000000dcb00000,0x00000000dcb00000,0x00000000dd000000)
 ParOldGen       total 60928K, used 9714K [0x0000000089e00000, 0x000000008d980000, 0x00000000d8a00000)
  object space 60928K, 15% used [0x0000000089e00000,0x000000008a77c820,0x000000008d980000)
 Metaspace       used 20512K, capacity 21210K, committed 21296K, reserved 1067008K
  class space    used 2709K, capacity 2899K, committed 2944K, reserved 1048576K
}
Event: 8.213 GC heap before
{Heap before GC invocations=5 (full 1):
 PSYoungGen      total 35840K, used 30720K [0x00000000d8a00000, 0x00000000dd000000, 0x0000000100000000)
  eden space 30720K, 100% used [0x00000000d8a00000,0x00000000da800000,0x00000000da800000)
  from space 5120K, 0% used [0x00000000da800000,0x00000000da800000,0x00000000dad00000)
  to   space 5120K, 0% used [0x00000000dcb00000,0x00000000dcb00000,0x00000000dd000000)
 ParOldGen       total 60928K, used 9714K [0x0000000089e00000, 0x000000008d980000, 0x00000000d8a00000)
  object space 60928K, 15% used [0x0000000089e00000,0x000000008a77c820,0x000000008d980000)
 Metaspace       used 26195K, capacity 27148K, committed 27264K, reserved 1073152K
  class space    used 3415K, capacity 3644K, committed 3712K, reserved 1048576K
Event: 8.218 GC heap after
Heap after GC invocations=5 (full 1):
 PSYoungGen      total 50688K, used 4094K [0x00000000d8a00000, 0x00000000dcf00000, 0x0000000100000000)
  eden space 46592K, 0% used [0x00000000d8a00000,0x00000000d8a00000,0x00000000db780000)
  from space 4096K, 99% used [0x00000000dcb00000,0x00000000dceffaa0,0x00000000dcf00000)
  to   space 5120K, 0% used [0x00000000dc500000,0x00000000dc500000,0x00000000dca00000)
 ParOldGen       total 60928K, used 9722K [0x0000000089e00000, 0x000000008d980000, 0x00000000d8a00000)
  object space 60928K, 15% used [0x0000000089e00000,0x000000008a77e820,0x000000008d980000)
 Metaspace       used 26195K, capacity 27148K, committed 27264K, reserved 1073152K
  class space    used 3415K, capacity 3644K, committed 3712K, reserved 1048576K
}

