# JRE version: Java(TM) SE Runtime Environment (8.0_101-b13) (build 1.8.0_101-b13)
# Java VM: Java HotSpot(TM) Client VM (25.101-b13 mixed mode windows-x86 )
Heap:
 def new generation   total 9280K, used 7983K [0x04800000, 0x05210000, 0x09d50000)
  eden space 8256K,  90% used [0x04800000, 0x04f53490, 0x05010000)
  from space 1024K,  47% used [0x05010000, 0x05088880, 0x05110000)
  to   space 1024K,   0% used [0x05110000, 0x05110000, 0x05210000)
 tenured generation   total 20508K, used 13071K [0x09d50000, 0x0b157000, 0x14800000)
   the space 20508K,  63% used [0x09d50000, 0x0aa13f28, 0x0aa14000, 0x0b157000)
 Metaspace       used 17554K, capacity 18138K, committed 18176K, reserved 18816K
GC Heap History (10 events):
Event: 6.564 GC heap before
{Heap before GC invocations=23 (full 1):
 def new generation   total 4992K, used 4611K [0x04800000, 0x04d60000, 0x09d50000)
  eden space 4480K, 100% used [0x04800000, 0x04c60000, 0x04c60000)
  from space 512K,  25% used [0x04c60000, 0x04c80dd8, 0x04ce0000)
  to   space 512K,   0% used [0x04ce0000, 0x04ce0000, 0x04d60000)
 tenured generation   total 10944K, used 10701K [0x09d50000, 0x0a800000, 0x14800000)
   the space 10944K,  97% used [0x09d50000, 0x0a7c36d8, 0x0a7c3800, 0x0a800000)
 Metaspace       used 16631K, capacity 17174K, committed 17280K, reserved 17792K
Event: 6.602 GC heap after
Heap after GC invocations=24 (full 2):
 def new generation   total 9280K, used 0K [0x04800000, 0x05210000, 0x09d50000)
  eden space 8256K,   0% used [0x04800000, 0x04800000, 0x05010000)
  from space 1024K,   0% used [0x05010000, 0x05010000, 0x05110000)
  to   space 1024K,   0% used [0x05110000, 0x05110000, 0x05210000)
 tenured generation   total 20508K, used 12303K [0x09d50000, 0x0b157000, 0x14800000)
   the space 20508K,  59% used [0x09d50000, 0x0a953d18, 0x0a953e00, 0x0b157000)
 Metaspace       used 16631K, capacity 17174K, committed 17280K, reserved 17792K
}
Event: 9.107 GC heap before
{Heap before GC invocations=24 (full 2):
 def new generation   total 9280K, used 8256K [0x04800000, 0x05210000, 0x09d50000)
  eden space 8256K, 100% used [0x04800000, 0x05010000, 0x05010000)
  from space 1024K,   0% used [0x05010000, 0x05010000, 0x05110000)
  to   space 1024K,   0% used [0x05110000, 0x05110000, 0x05210000)
 tenured generation   total 20508K, used 12303K [0x09d50000, 0x0b157000, 0x14800000)
   the space 20508K,  59% used [0x09d50000, 0x0a953d18, 0x0a953e00, 0x0b157000)
 Metaspace       used 17135K, capacity 17718K, committed 17792K, reserved 17792K
Event: 9.113 GC heap after
Heap after GC invocations=25 (full 2):
 def new generation   total 9280K, used 637K [0x04800000, 0x05210000, 0x09d50000)
  eden space 8256K,   0% used [0x04800000, 0x04800000, 0x05010000)
  from space 1024K,  62% used [0x05110000, 0x051af4e0, 0x05210000)
  to   space 1024K,   0% used [0x05010000, 0x05010000, 0x05110000)
 tenured generation   total 20508K, used 12303K [0x09d50000, 0x0b157000, 0x14800000)
   the space 20508K,  59% used [0x09d50000, 0x0a953d18, 0x0a953e00, 0x0b157000)
 Metaspace       used 17135K, capacity 17718K, committed 17792K, reserved 17792K
}
Event: 13.668 GC heap before
{Heap before GC invocations=25 (full 2):
 def new generation   total 9280K, used 8893K [0x04800000, 0x05210000, 0x09d50000)
  eden space 8256K, 100% used [0x04800000, 0x05010000, 0x05010000)
  from space 1024K,  62% used [0x05110000, 0x051af4e0, 0x05210000)
  to   space 1024K,   0% used [0x05010000, 0x05010000, 0x05110000)
 tenured generation   total 20508K, used 12303K [0x09d50000, 0x0b157000, 0x14800000)
   the space 20508K,  59% used [0x09d50000, 0x0a953d18, 0x0a953e00, 0x0b157000)
 Metaspace       used 17216K, capacity 17802K, committed 17920K, reserved 18816K
Event: 13.675 GC heap after
Heap after GC invocations=26 (full 2):
 def new generation   total 9280K, used 470K [0x04800000, 0x05210000, 0x09d50000)
  eden space 8256K,   0% used [0x04800000, 0x04800000, 0x05010000)
  from space 1024K,  45% used [0x05010000, 0x05085938, 0x05110000)
  to   space 1024K,   0% used [0x05110000, 0x05110000, 0x05210000)
 tenured generation   total 20508K, used 12783K [0x09d50000, 0x0b157000, 0x14800000)
   the space 20508K,  62% used [0x09d50000, 0x0a9cbff0, 0x0a9cc000, 0x0b157000)
 Metaspace       used 17216K, capacity 17802K, committed 17920K, reserved 18816K
}
Event: 14.503 GC heap before
{Heap before GC invocations=26 (full 2):
 def new generation   total 9280K, used 8678K [0x04800000, 0x05210000, 0x09d50000)
  eden space 8256K,  99% used [0x04800000, 0x050042c0, 0x05010000)
  from space 1024K,  45% used [0x05010000, 0x05085938, 0x05110000)
  to   space 1024K,   0% used [0x05110000, 0x05110000, 0x05210000)
 tenured generation   total 20508K, used 12783K [0x09d50000, 0x0b157000, 0x14800000)
   the space 20508K,  62% used [0x09d50000, 0x0a9cbff0, 0x0a9cc000, 0x0b157000)
 Metaspace       used 17496K, capacity 18061K, committed 18176K, reserved 18816K
Event: 14.507 GC heap after
Heap after GC invocations=27 (full 2):
 def new generation   total 9280K, used 877K [0x04800000, 0x05210000, 0x09d50000)
  eden space 8256K,   0% used [0x04800000, 0x04800000, 0x05010000)
  from space 1024K,  85% used [0x05110000, 0x051eb618, 0x05210000)
  to   space 1024K,   0% used [0x05010000, 0x05010000, 0x05110000)
 tenured generation   total 20508K, used 12783K [0x09d50000, 0x0b157000, 0x14800000)
   the space 20508K,  62% used [0x09d50000, 0x0a9cbff0, 0x0a9cc000, 0x0b157000)
 Metaspace       used 17496K, capacity 18061K, committed 18176K, reserved 18816K
}
Event: 17.629 GC heap before
{Heap before GC invocations=27 (full 2):
 def new generation   total 9280K, used 9091K [0x04800000, 0x05210000, 0x09d50000)
  eden space 8256K,  99% used [0x04800000, 0x05005808, 0x05010000)
  from space 1024K,  85% used [0x05110000, 0x051eb618, 0x05210000)
  to   space 1024K,   0% used [0x05010000, 0x05010000, 0x05110000)
 tenured generation   total 20508K, used 12783K [0x09d50000, 0x0b157000, 0x14800000)
   the space 20508K,  62% used [0x09d50000, 0x0a9cbff0, 0x0a9cc000, 0x0b157000)
 Metaspace       used 17554K, capacity 18138K, committed 18176K, reserved 18816K
Event: 17.633 GC heap after
Heap after GC invocations=28 (full 2):
 def new generation   total 9280K, used 482K [0x04800000, 0x05210000, 0x09d50000)
  eden space 8256K,   0% used [0x04800000, 0x04800000, 0x05010000)
  from space 1024K,  47% used [0x05010000, 0x05088880, 0x05110000)
  to   space 1024K,   0% used [0x05110000, 0x05110000, 0x05210000)
 tenured generation   total 20508K, used 13071K [0x09d50000, 0x0b157000, 0x14800000)
   the space 20508K,  63% used [0x09d50000, 0x0aa13f28, 0x0aa14000, 0x0b157000)
 Metaspace       used 17554K, capacity 18138K, committed 18176K, reserved 18816K
}

