# JRE version: Java(TM) SE Runtime Environment (8.0_101-b13) (build 1.8.0_101-b13)
# Java VM: Java HotSpot(TM) 64-Bit Server VM (25.101-b13 mixed mode linux-amd64 compressed oops)
Heap:
 PSYoungGen      total 48128K, used 22071K [0x00000000d8a00000, 0x00000000dbf00000, 0x0000000100000000)
  eden space 43008K, 40% used [0x00000000d8a00000,0x00000000d9af8d90,0x00000000db400000)
  from space 5120K, 91% used [0x00000000dba00000,0x00000000dbe951c0,0x00000000dbf00000)
  to   space 5120K, 0% used [0x00000000db500000,0x00000000db500000,0x00000000dba00000)
 ParOldGen       total 62976K, used 8874K [0x0000000089e00000, 0x000000008db80000, 0x00000000d8a00000)
  object space 62976K, 14% used [0x0000000089e00000,0x000000008a6aa8b8,0x000000008db80000)
 Metaspace       used 28859K, capacity 29736K, committed 29824K, reserved 1075200K
  class space    used 3740K, capacity 3968K, committed 3968K, reserved 1048576K
GC Heap History (10 events):
Event: 4.381 GC heap before
{Heap before GC invocations=1 (full 0):
 PSYoungGen      total 35840K, used 30720K [0x00000000d8a00000, 0x00000000db200000, 0x0000000100000000)
  eden space 30720K, 100% used [0x00000000d8a00000,0x00000000da800000,0x00000000da800000)
  from space 5120K, 0% used [0x00000000dad00000,0x00000000dad00000,0x00000000db200000)
  to   space 5120K, 0% used [0x00000000da800000,0x00000000da800000,0x00000000dad00000)
 ParOldGen       total 81920K, used 0K [0x0000000089e00000, 0x000000008ee00000, 0x00000000d8a00000)
  object space 81920K, 0% used [0x0000000089e00000,0x0000000089e00000,0x000000008ee00000)
 Metaspace       used 15391K, capacity 15926K, committed 16256K, reserved 1062912K
  class space    used 2150K, capacity 2325K, committed 2432K, reserved 1048576K
Event: 4.391 GC heap after
Heap after GC invocations=1 (full 0):
 PSYoungGen      total 35840K, used 4493K [0x00000000d8a00000, 0x00000000db200000, 0x0000000100000000)
  eden space 30720K, 0% used [0x00000000d8a00000,0x00000000d8a00000,0x00000000da800000)
  from space 5120K, 87% used [0x00000000da800000,0x00000000dac63658,0x00000000dad00000)
  to   space 5120K, 0% used [0x00000000dad00000,0x00000000dad00000,0x00000000db200000)
 ParOldGen       total 81920K, used 80K [0x0000000089e00000, 0x000000008ee00000, 0x00000000d8a00000)
  object space 81920K, 0% used [0x0000000089e00000,0x0000000089e14010,0x000000008ee00000)
 Metaspace       used 15391K, capacity 15926K, committed 16256K, reserved 1062912K
  class space    used 2150K, capacity 2325K, committed 2432K, reserved 1048576K
}
Event: 5.992 GC heap before
{Heap before GC invocations=2 (full 0):
 PSYoungGen      total 35840K, used 27145K [0x00000000d8a00000, 0x00000000db200000, 0x0000000100000000)
  eden space 30720K, 73% used [0x00000000d8a00000,0x00000000da01f138,0x00000000da800000)
  from space 5120K, 87% used [0x00000000da800000,0x00000000dac63658,0x00000000dad00000)
  to   space 5120K, 0% used [0x00000000dad00000,0x00000000dad00000,0x00000000db200000)
 ParOldGen       total 81920K, used 80K [0x0000000089e00000, 0x000000008ee00000, 0x00000000d8a00000)
  object space 81920K, 0% used [0x0000000089e00000,0x0000000089e14010,0x000000008ee00000)
 Metaspace       used 20524K, capacity 21260K, committed 21296K, reserved 1067008K
  class space    used 2747K, capacity 2932K, committed 2944K, reserved 1048576K
Event: 6.006 GC heap after
Heap after GC invocations=2 (full 0):
 PSYoungGen      total 35840K, used 5104K [0x00000000d8a00000, 0x00000000db200000, 0x0000000100000000)
  eden space 30720K, 0% used [0x00000000d8a00000,0x00000000d8a00000,0x00000000da800000)
  from space 5120K, 99% used [0x00000000dad00000,0x00000000db1fc040,0x00000000db200000)
  to   space 5120K, 0% used [0x00000000da800000,0x00000000da800000,0x00000000dad00000)
 ParOldGen       total 81920K, used 3913K [0x0000000089e00000, 0x000000008ee00000, 0x00000000d8a00000)
  object space 81920K, 4% used [0x0000000089e00000,0x000000008a1d25b8,0x000000008ee00000)
 Metaspace       used 20524K, capacity 21260K, committed 21296K, reserved 1067008K
  class space    used 2747K, capacity 2932K, committed 2944K, reserved 1048576K
}
Event: 6.006 GC heap before
{Heap before GC invocations=3 (full 1):
 PSYoungGen      total 35840K, used 5104K [0x00000000d8a00000, 0x00000000db200000, 0x0000000100000000)
  eden space 30720K, 0% used [0x00000000d8a00000,0x00000000d8a00000,0x00000000da800000)
  from space 5120K, 99% used [0x00000000dad00000,0x00000000db1fc040,0x00000000db200000)
  to   space 5120K, 0% used [0x00000000da800000,0x00000000da800000,0x00000000dad00000)
 ParOldGen       total 81920K, used 3913K [0x0000000089e00000, 0x000000008ee00000, 0x00000000d8a00000)
  object space 81920K, 4% used [0x0000000089e00000,0x000000008a1d25b8,0x000000008ee00000)
 Metaspace       used 20524K, capacity 21260K, committed 21296K, reserved 1067008K
  class space    used 2747K, capacity 2932K, committed 2944K, reserved 1048576K
Event: 6.051 GC heap after
Heap after GC invocations=3 (full 1):
 PSYoungGen      total 35840K, used 0K [0x00000000d8a00000, 0x00000000db200000, 0x0000000100000000)
  eden space 30720K, 0% used [0x00000000d8a00000,0x00000000d8a00000,0x00000000da800000)
  from space 5120K, 0% used [0x00000000dad00000,0x00000000dad00000,0x00000000db200000)
  to   space 5120K, 0% used [0x00000000da800000,0x00000000da800000,0x00000000dad00000)
 ParOldGen       total 62976K, used 8858K [0x0000000089e00000, 0x000000008db80000, 0x00000000d8a00000)
  object space 62976K, 14% used [0x0000000089e00000,0x000000008a6a68b8,0x000000008db80000)
 Metaspace       used 20524K, capacity 21260K, committed 21296K, reserved 1067008K
  class space    used 2747K, capacity 2932K, committed 2944K, reserved 1048576K
}
Event: 6.600 GC heap before
{Heap before GC invocations=4 (full 1):
 PSYoungGen      total 35840K, used 30692K [0x00000000d8a00000, 0x00000000db200000, 0x0000000100000000)
  eden space 30720K, 99% used [0x00000000d8a00000,0x00000000da7f9178,0x00000000da800000)
  from space 5120K, 0% used [0x00000000dad00000,0x00000000dad00000,0x00000000db200000)
  to   space 5120K, 0% used [0x00000000da800000,0x00000000da800000,0x00000000dad00000)
 ParOldGen       total 62976K, used 8858K [0x0000000089e00000, 0x000000008db80000, 0x00000000d8a00000)
  object space 62976K, 14% used [0x0000000089e00000,0x000000008a6a68b8,0x000000008db80000)
 Metaspace       used 24567K, capacity 25324K, committed 25600K, reserved 1071104K
  class space    used 3276K, capacity 3476K, committed 3584K, reserved 1048576K
Event: 6.604 GC heap after
Heap after GC invocations=4 (full 1):
 PSYoungGen      total 35840K, used 3793K [0x00000000d8a00000, 0x00000000dbf00000, 0x0000000100000000)
  eden space 30720K, 0% used [0x00000000d8a00000,0x00000000d8a00000,0x00000000da800000)
  from space 5120K, 74% used [0x00000000da800000,0x00000000dabb46c8,0x00000000dad00000)
  to   space 5120K, 0% used [0x00000000dba00000,0x00000000dba00000,0x00000000dbf00000)
 ParOldGen       total 62976K, used 8866K [0x0000000089e00000, 0x000000008db80000, 0x00000000d8a00000)
  object space 62976K, 14% used [0x0000000089e00000,0x000000008a6a88b8,0x000000008db80000)
 Metaspace       used 24567K, capacity 25324K, committed 25600K, reserved 1071104K
  class space    used 3276K, capacity 3476K, committed 3584K, reserved 1048576K
}
Event: 9.287 GC heap before
{Heap before GC invocations=5 (full 1):
 PSYoungGen      total 35840K, used 34513K [0x00000000d8a00000, 0x00000000dbf00000, 0x0000000100000000)
  eden space 30720K, 100% used [0x00000000d8a00000,0x00000000da800000,0x00000000da800000)
  from space 5120K, 74% used [0x00000000da800000,0x00000000dabb46c8,0x00000000dad00000)
  to   space 5120K, 0% used [0x00000000dba00000,0x00000000dba00000,0x00000000dbf00000)
 ParOldGen       total 62976K, used 8866K [0x0000000089e00000, 0x000000008db80000, 0x00000000d8a00000)
  object space 62976K, 14% used [0x0000000089e00000,0x000000008a6a88b8,0x000000008db80000)
 Metaspace       used 27832K, capacity 28656K, committed 28672K, reserved 1075200K
  class space    used 3648K, capacity 3830K, committed 3840K, reserved 1048576K
Event: 9.295 GC heap after
Heap after GC invocations=5 (full 1):
 PSYoungGen      total 48128K, used 4692K [0x00000000d8a00000, 0x00000000dbf00000, 0x0000000100000000)
  eden space 43008K, 0% used [0x00000000d8a00000,0x00000000d8a00000,0x00000000db400000)
  from space 5120K, 91% used [0x00000000dba00000,0x00000000dbe951c0,0x00000000dbf00000)
  to   space 5120K, 0% used [0x00000000db500000,0x00000000db500000,0x00000000dba00000)
 ParOldGen       total 62976K, used 8874K [0x0000000089e00000, 0x000000008db80000, 0x00000000d8a00000)
  object space 62976K, 14% used [0x0000000089e00000,0x000000008a6aa8b8,0x000000008db80000)
 Metaspace       used 27832K, capacity 28656K, committed 28672K, reserved 1075200K
  class space    used 3648K, capacity 3830K, committed 3840K, reserved 1048576K
}

