# JRE version: Java(TM) SE Runtime Environment (8.0_101-b13) (build 1.8.0_101-b13)
# Java VM: Java HotSpot(TM) 64-Bit Server VM (25.101-b13 mixed mode linux-amd64 compressed oops)
Heap:
 PSYoungGen      total 54784K, used 14590K [0x00000000d8a00000, 0x00000000dcf80000, 0x0000000100000000)
  eden space 50176K, 20% used [0x00000000d8a00000,0x00000000d94274c8,0x00000000dbb00000)
  from space 4608K, 90% used [0x00000000dcb00000,0x00000000dcf184c8,0x00000000dcf80000)
  to   space 5120K, 0% used [0x00000000dc580000,0x00000000dc580000,0x00000000dca80000)
 ParOldGen       total 57344K, used 9410K [0x0000000089e00000, 0x000000008d600000, 0x00000000d8a00000)
  object space 57344K, 16% used [0x0000000089e00000,0x000000008a730bc0,0x000000008d600000)
 Metaspace       used 26689K, capacity 27642K, committed 27776K, reserved 1073152K
  class space    used 3435K, capacity 3653K, committed 3712K, reserved 1048576K
GC Heap History (10 events):
Event: 3.172 GC heap before
{Heap before GC invocations=1 (full 0):
 PSYoungGen      total 35840K, used 30720K [0x00000000d8a00000, 0x00000000db200000, 0x0000000100000000)
  eden space 30720K, 100% used [0x00000000d8a00000,0x00000000da800000,0x00000000da800000)
  from space 5120K, 0% used [0x00000000dad00000,0x00000000dad00000,0x00000000db200000)
  to   space 5120K, 0% used [0x00000000da800000,0x00000000da800000,0x00000000dad00000)
 ParOldGen       total 81920K, used 0K [0x0000000089e00000, 0x000000008ee00000, 0x00000000d8a00000)
  object space 81920K, 0% used [0x0000000089e00000,0x0000000089e00000,0x000000008ee00000)
 Metaspace       used 14227K, capacity 14862K, committed 14976K, reserved 1062912K
  class space    used 1950K, capacity 2114K, committed 2176K, reserved 1048576K
Event: 3.190 GC heap after
Heap after GC invocations=1 (full 0):
 PSYoungGen      total 35840K, used 3954K [0x00000000d8a00000, 0x00000000db200000, 0x0000000100000000)
  eden space 30720K, 0% used [0x00000000d8a00000,0x00000000d8a00000,0x00000000da800000)
  from space 5120K, 77% used [0x00000000da800000,0x00000000dabdcbb0,0x00000000dad00000)
  to   space 5120K, 0% used [0x00000000dad00000,0x00000000dad00000,0x00000000db200000)
 ParOldGen       total 81920K, used 8K [0x0000000089e00000, 0x000000008ee00000, 0x00000000d8a00000)
  object space 81920K, 0% used [0x0000000089e00000,0x0000000089e02000,0x000000008ee00000)
 Metaspace       used 14227K, capacity 14862K, committed 14976K, reserved 1062912K
  class space    used 1950K, capacity 2114K, committed 2176K, reserved 1048576K
}
Event: 5.875 GC heap before
{Heap before GC invocations=2 (full 0):
 PSYoungGen      total 35840K, used 34674K [0x00000000d8a00000, 0x00000000db200000, 0x0000000100000000)
  eden space 30720K, 100% used [0x00000000d8a00000,0x00000000da800000,0x00000000da800000)
  from space 5120K, 77% used [0x00000000da800000,0x00000000dabdcbb0,0x00000000dad00000)
  to   space 5120K, 0% used [0x00000000dad00000,0x00000000dad00000,0x00000000db200000)
 ParOldGen       total 81920K, used 8K [0x0000000089e00000, 0x000000008ee00000, 0x00000000d8a00000)
  object space 81920K, 0% used [0x0000000089e00000,0x0000000089e02000,0x000000008ee00000)
 Metaspace       used 19677K, capacity 20430K, committed 20736K, reserved 1067008K
  class space    used 2585K, capacity 2769K, committed 2816K, reserved 1048576K
Event: 5.894 GC heap after
Heap after GC invocations=2 (full 0):
 PSYoungGen      total 35840K, used 5094K [0x00000000d8a00000, 0x00000000db200000, 0x0000000100000000)
  eden space 30720K, 0% used [0x00000000d8a00000,0x00000000d8a00000,0x00000000da800000)
  from space 5120K, 99% used [0x00000000dad00000,0x00000000db1f9880,0x00000000db200000)
  to   space 5120K, 0% used [0x00000000da800000,0x00000000da800000,0x00000000dad00000)
 ParOldGen       total 81920K, used 5833K [0x0000000089e00000, 0x000000008ee00000, 0x00000000d8a00000)
  object space 81920K, 7% used [0x0000000089e00000,0x000000008a3b25c0,0x000000008ee00000)
 Metaspace       used 19677K, capacity 20430K, committed 20736K, reserved 1067008K
  class space    used 2585K, capacity 2769K, committed 2816K, reserved 1048576K
}
Event: 6.226 GC heap before
{Heap before GC invocations=3 (full 0):
 PSYoungGen      total 35840K, used 10985K [0x00000000d8a00000, 0x00000000db200000, 0x0000000100000000)
  eden space 30720K, 19% used [0x00000000d8a00000,0x00000000d8fc0d90,0x00000000da800000)
  from space 5120K, 99% used [0x00000000dad00000,0x00000000db1f9880,0x00000000db200000)
  to   space 5120K, 0% used [0x00000000da800000,0x00000000da800000,0x00000000dad00000)
 ParOldGen       total 81920K, used 5833K [0x0000000089e00000, 0x000000008ee00000, 0x00000000d8a00000)
  object space 81920K, 7% used [0x0000000089e00000,0x000000008a3b25c0,0x000000008ee00000)
 Metaspace       used 20511K, capacity 21216K, committed 21296K, reserved 1067008K
  class space    used 2699K, capacity 2900K, committed 2944K, reserved 1048576K
Event: 6.248 GC heap after
Heap after GC invocations=3 (full 0):
 PSYoungGen      total 35840K, used 5108K [0x00000000d8a00000, 0x00000000dd000000, 0x0000000100000000)
  eden space 30720K, 0% used [0x00000000d8a00000,0x00000000d8a00000,0x00000000da800000)
  from space 5120K, 99% used [0x00000000da800000,0x00000000dacfd210,0x00000000dad00000)
  to   space 5120K, 0% used [0x00000000dcb00000,0x00000000dcb00000,0x00000000dd000000)
 ParOldGen       total 81920K, used 6405K [0x0000000089e00000, 0x000000008ee00000, 0x00000000d8a00000)
  object space 81920K, 7% used [0x0000000089e00000,0x000000008a4415e8,0x000000008ee00000)
 Metaspace       used 20511K, capacity 21216K, committed 21296K, reserved 1067008K
  class space    used 2699K, capacity 2900K, committed 2944K, reserved 1048576K
}
Event: 6.248 GC heap before
{Heap before GC invocations=4 (full 1):
 PSYoungGen      total 35840K, used 5108K [0x00000000d8a00000, 0x00000000dd000000, 0x0000000100000000)
  eden space 30720K, 0% used [0x00000000d8a00000,0x00000000d8a00000,0x00000000da800000)
  from space 5120K, 99% used [0x00000000da800000,0x00000000dacfd210,0x00000000dad00000)
  to   space 5120K, 0% used [0x00000000dcb00000,0x00000000dcb00000,0x00000000dd000000)
 ParOldGen       total 81920K, used 6405K [0x0000000089e00000, 0x000000008ee00000, 0x00000000d8a00000)
  object space 81920K, 7% used [0x0000000089e00000,0x000000008a4415e8,0x000000008ee00000)
 Metaspace       used 20511K, capacity 21216K, committed 21296K, reserved 1067008K
  class space    used 2699K, capacity 2900K, committed 2944K, reserved 1048576K
Event: 6.318 GC heap after
Heap after GC invocations=4 (full 1):
 PSYoungGen      total 35840K, used 0K [0x00000000d8a00000, 0x00000000dd000000, 0x0000000100000000)
  eden space 30720K, 0% used [0x00000000d8a00000,0x00000000d8a00000,0x00000000da800000)
  from space 5120K, 0% used [0x00000000da800000,0x00000000da800000,0x00000000dad00000)
  to   space 5120K, 0% used [0x00000000dcb00000,0x00000000dcb00000,0x00000000dd000000)
 ParOldGen       total 57344K, used 9402K [0x0000000089e00000, 0x000000008d600000, 0x00000000d8a00000)
  object space 57344K, 16% used [0x0000000089e00000,0x000000008a72ebc0,0x000000008d600000)
 Metaspace       used 20504K, capacity 21204K, committed 21296K, reserved 1067008K
  class space    used 2698K, capacity 2898K, committed 2944K, reserved 1048576K
}
Event: 19.762 GC heap before
{Heap before GC invocations=5 (full 1):
 PSYoungGen      total 35840K, used 30720K [0x00000000d8a00000, 0x00000000dd000000, 0x0000000100000000)
  eden space 30720K, 100% used [0x00000000d8a00000,0x00000000da800000,0x00000000da800000)
  from space 5120K, 0% used [0x00000000da800000,0x00000000da800000,0x00000000dad00000)
  to   space 5120K, 0% used [0x00000000dcb00000,0x00000000dcb00000,0x00000000dd000000)
 ParOldGen       total 57344K, used 9402K [0x0000000089e00000, 0x000000008d600000, 0x00000000d8a00000)
  object space 57344K, 16% used [0x0000000089e00000,0x000000008a72ebc0,0x000000008d600000)
 Metaspace       used 26348K, capacity 27288K, committed 27520K, reserved 1073152K
  class space    used 3421K, capacity 3644K, committed 3712K, reserved 1048576K
Event: 19.780 GC heap after
Heap after GC invocations=5 (full 1):
 PSYoungGen      total 54784K, used 4193K [0x00000000d8a00000, 0x00000000dcf80000, 0x0000000100000000)
  eden space 50176K, 0% used [0x00000000d8a00000,0x00000000d8a00000,0x00000000dbb00000)
  from space 4608K, 90% used [0x00000000dcb00000,0x00000000dcf184c8,0x00000000dcf80000)
  to   space 5120K, 0% used [0x00000000dc580000,0x00000000dc580000,0x00000000dca80000)
 ParOldGen       total 57344K, used 9410K [0x0000000089e00000, 0x000000008d600000, 0x00000000d8a00000)
  object space 57344K, 16% used [0x0000000089e00000,0x000000008a730bc0,0x000000008d600000)
 Metaspace       used 26348K, capacity 27288K, committed 27520K, reserved 1073152K
  class space    used 3421K, capacity 3644K, committed 3712K, reserved 1048576K
}

