# JRE version: Java(TM) SE Runtime Environment (8.0_101-b13) (build 1.8.0_101-b13)
# Java VM: Java HotSpot(TM) 64-Bit Server VM (25.101-b13 mixed mode linux-amd64 compressed oops)
Heap:
 PSYoungGen      total 50688K, used 14352K [0x00000000d8a00000, 0x00000000dcf00000, 0x0000000100000000)
  eden space 46592K, 22% used [0x00000000d8a00000,0x00000000d942d670,0x00000000db780000)
  from space 4096K, 95% used [0x00000000dcb00000,0x00000000dced6d58,0x00000000dcf00000)
  to   space 5120K, 0% used [0x00000000dc500000,0x00000000dc500000,0x00000000dca00000)
 ParOldGen       total 61952K, used 11301K [0x0000000089e00000, 0x000000008da80000, 0x00000000d8a00000)
  object space 61952K, 18% used [0x0000000089e00000,0x000000008a909458,0x000000008da80000)
 Metaspace       used 26686K, capacity 27676K, committed 27776K, reserved 1073152K
  class space    used 3441K, capacity 3664K, committed 3712K, reserved 1048576K
GC Heap History (10 events):
Event: 2.273 GC heap before
{Heap before GC invocations=1 (full 0):
 PSYoungGen      total 35840K, used 30720K [0x00000000d8a00000, 0x00000000db200000, 0x0000000100000000)
  eden space 30720K, 100% used [0x00000000d8a00000,0x00000000da800000,0x00000000da800000)
  from space 5120K, 0% used [0x00000000dad00000,0x00000000dad00000,0x00000000db200000)
  to   space 5120K, 0% used [0x00000000da800000,0x00000000da800000,0x00000000dad00000)
 ParOldGen       total 81920K, used 0K [0x0000000089e00000, 0x000000008ee00000, 0x00000000d8a00000)
  object space 81920K, 0% used [0x0000000089e00000,0x0000000089e00000,0x000000008ee00000)
 Metaspace       used 14511K, capacity 15148K, committed 15488K, reserved 1062912K
  class space    used 1983K, capacity 2147K, committed 2176K, reserved 1048576K
Event: 2.290 GC heap after
Heap after GC invocations=1 (full 0):
 PSYoungGen      total 35840K, used 4018K [0x00000000d8a00000, 0x00000000db200000, 0x0000000100000000)
  eden space 30720K, 0% used [0x00000000d8a00000,0x00000000d8a00000,0x00000000da800000)
  from space 5120K, 78% used [0x00000000da800000,0x00000000dabecbb0,0x00000000dad00000)
  to   space 5120K, 0% used [0x00000000dad00000,0x00000000dad00000,0x00000000db200000)
 ParOldGen       total 81920K, used 8K [0x0000000089e00000, 0x000000008ee00000, 0x00000000d8a00000)
  object space 81920K, 0% used [0x0000000089e00000,0x0000000089e02000,0x000000008ee00000)
 Metaspace       used 14511K, capacity 15148K, committed 15488K, reserved 1062912K
  class space    used 1983K, capacity 2147K, committed 2176K, reserved 1048576K
}
Event: 4.103 GC heap before
{Heap before GC invocations=2 (full 0):
 PSYoungGen      total 35840K, used 34738K [0x00000000d8a00000, 0x00000000db200000, 0x0000000100000000)
  eden space 30720K, 100% used [0x00000000d8a00000,0x00000000da800000,0x00000000da800000)
  from space 5120K, 78% used [0x00000000da800000,0x00000000dabecbb0,0x00000000dad00000)
  to   space 5120K, 0% used [0x00000000dad00000,0x00000000dad00000,0x00000000db200000)
 ParOldGen       total 81920K, used 8K [0x0000000089e00000, 0x000000008ee00000, 0x00000000d8a00000)
  object space 81920K, 0% used [0x0000000089e00000,0x0000000089e02000,0x000000008ee00000)
 Metaspace       used 19597K, capacity 20400K, committed 20736K, reserved 1067008K
  class space    used 2580K, capacity 2738K, committed 2816K, reserved 1048576K
Event: 4.128 GC heap after
Heap after GC invocations=2 (full 0):
 PSYoungGen      total 35840K, used 5090K [0x00000000d8a00000, 0x00000000dd000000, 0x0000000100000000)
  eden space 30720K, 0% used [0x00000000d8a00000,0x00000000d8a00000,0x00000000da800000)
  from space 5120K, 99% used [0x00000000dad00000,0x00000000db1f8830,0x00000000db200000)
  to   space 5120K, 0% used [0x00000000da800000,0x00000000da800000,0x00000000dad00000)
 ParOldGen       total 81920K, used 5699K [0x0000000089e00000, 0x000000008ee00000, 0x00000000d8a00000)
  object space 81920K, 6% used [0x0000000089e00000,0x000000008a390f08,0x000000008ee00000)
 Metaspace       used 19597K, capacity 20400K, committed 20736K, reserved 1067008K
  class space    used 2580K, capacity 2738K, committed 2816K, reserved 1048576K
}
Event: 4.440 GC heap before
{Heap before GC invocations=3 (full 0):
 PSYoungGen      total 35840K, used 11306K [0x00000000d8a00000, 0x00000000dd000000, 0x0000000100000000)
  eden space 30720K, 20% used [0x00000000d8a00000,0x00000000d9012220,0x00000000da800000)
  from space 5120K, 99% used [0x00000000dad00000,0x00000000db1f8830,0x00000000db200000)
  to   space 5120K, 0% used [0x00000000da800000,0x00000000da800000,0x00000000dad00000)
 ParOldGen       total 81920K, used 5699K [0x0000000089e00000, 0x000000008ee00000, 0x00000000d8a00000)
  object space 81920K, 6% used [0x0000000089e00000,0x000000008a390f08,0x000000008ee00000)
 Metaspace       used 20435K, capacity 21224K, committed 21296K, reserved 1067008K
  class space    used 2700K, capacity 2902K, committed 2944K, reserved 1048576K
Event: 4.449 GC heap after
Heap after GC invocations=3 (full 0):
 PSYoungGen      total 35840K, used 5088K [0x00000000d8a00000, 0x00000000dd000000, 0x0000000100000000)
  eden space 30720K, 0% used [0x00000000d8a00000,0x00000000d8a00000,0x00000000da800000)
  from space 5120K, 99% used [0x00000000da800000,0x00000000dacf81b0,0x00000000dad00000)
  to   space 5120K, 0% used [0x00000000dcb00000,0x00000000dcb00000,0x00000000dd000000)
 ParOldGen       total 81920K, used 6600K [0x0000000089e00000, 0x000000008ee00000, 0x00000000d8a00000)
  object space 81920K, 8% used [0x0000000089e00000,0x000000008a472010,0x000000008ee00000)
 Metaspace       used 20435K, capacity 21224K, committed 21296K, reserved 1067008K
  class space    used 2700K, capacity 2902K, committed 2944K, reserved 1048576K
}
Event: 4.449 GC heap before
{Heap before GC invocations=4 (full 1):
 PSYoungGen      total 35840K, used 5088K [0x00000000d8a00000, 0x00000000dd000000, 0x0000000100000000)
  eden space 30720K, 0% used [0x00000000d8a00000,0x00000000d8a00000,0x00000000da800000)
  from space 5120K, 99% used [0x00000000da800000,0x00000000dacf81b0,0x00000000dad00000)
  to   space 5120K, 0% used [0x00000000dcb00000,0x00000000dcb00000,0x00000000dd000000)
 ParOldGen       total 81920K, used 6600K [0x0000000089e00000, 0x000000008ee00000, 0x00000000d8a00000)
  object space 81920K, 8% used [0x0000000089e00000,0x000000008a472010,0x000000008ee00000)
 Metaspace       used 20435K, capacity 21224K, committed 21296K, reserved 1067008K
  class space    used 2700K, capacity 2902K, committed 2944K, reserved 1048576K
Event: 4.500 GC heap after
Heap after GC invocations=4 (full 1):
 PSYoungGen      total 35840K, used 0K [0x00000000d8a00000, 0x00000000dd000000, 0x0000000100000000)
  eden space 30720K, 0% used [0x00000000d8a00000,0x00000000d8a00000,0x00000000da800000)
  from space 5120K, 0% used [0x00000000da800000,0x00000000da800000,0x00000000dad00000)
  to   space 5120K, 0% used [0x00000000dcb00000,0x00000000dcb00000,0x00000000dd000000)
 ParOldGen       total 61952K, used 11293K [0x0000000089e00000, 0x000000008da80000, 0x00000000d8a00000)
  object space 61952K, 18% used [0x0000000089e00000,0x000000008a907458,0x000000008da80000)
 Metaspace       used 20428K, capacity 21212K, committed 21296K, reserved 1067008K
  class space    used 2698K, capacity 2900K, committed 2944K, reserved 1048576K
}
Event: 10.688 GC heap before
{Heap before GC invocations=5 (full 1):
 PSYoungGen      total 35840K, used 30720K [0x00000000d8a00000, 0x00000000dd000000, 0x0000000100000000)
  eden space 30720K, 100% used [0x00000000d8a00000,0x00000000da800000,0x00000000da800000)
  from space 5120K, 0% used [0x00000000da800000,0x00000000da800000,0x00000000dad00000)
  to   space 5120K, 0% used [0x00000000dcb00000,0x00000000dcb00000,0x00000000dd000000)
 ParOldGen       total 61952K, used 11293K [0x0000000089e00000, 0x000000008da80000, 0x00000000d8a00000)
  object space 61952K, 18% used [0x0000000089e00000,0x000000008a907458,0x000000008da80000)
 Metaspace       used 26335K, capacity 27268K, committed 27520K, reserved 1073152K
  class space    used 3428K, capacity 3660K, committed 3712K, reserved 1048576K
Event: 10.703 GC heap after
Heap after GC invocations=5 (full 1):
 PSYoungGen      total 50688K, used 3931K [0x00000000d8a00000, 0x00000000dcf00000, 0x0000000100000000)
  eden space 46592K, 0% used [0x00000000d8a00000,0x00000000d8a00000,0x00000000db780000)
  from space 4096K, 95% used [0x00000000dcb00000,0x00000000dced6d58,0x00000000dcf00000)
  to   space 5120K, 0% used [0x00000000dc500000,0x00000000dc500000,0x00000000dca00000)
 ParOldGen       total 61952K, used 11301K [0x0000000089e00000, 0x000000008da80000, 0x00000000d8a00000)
  object space 61952K, 18% used [0x0000000089e00000,0x000000008a909458,0x000000008da80000)
 Metaspace       used 26335K, capacity 27268K, committed 27520K, reserved 1073152K
  class space    used 3428K, capacity 3660K, committed 3712K, reserved 1048576K
}

