# JRE version: Java(TM) SE Runtime Environment (8.0_101-b13) (build 1.8.0_101-b13)
# Java VM: Java HotSpot(TM) Client VM (25.101-b13 mixed mode windows-x86 )
Heap:
 def new generation   total 8384K, used 2817K [0x04800000, 0x05110000, 0x09d50000)
  eden space 7488K,  31% used [0x04800000, 0x04a4af98, 0x04f50000)
  from space 896K,  52% used [0x04f50000, 0x04fc5580, 0x05030000)
  to   space 896K,   0% used [0x05030000, 0x05030000, 0x05110000)
 tenured generation   total 18456K, used 13337K [0x09d50000, 0x0af56000, 0x14800000)
   the space 18456K,  72% used [0x09d50000, 0x0aa56440, 0x0aa56600, 0x0af56000)
 Metaspace       used 15855K, capacity 16476K, committed 16512K, reserved 16768K
GC Heap History (10 events):
Event: 2.726 GC heap before
{Heap before GC invocations=13 (full 0):
 def new generation   total 4928K, used 4250K [0x04800000, 0x04d50000, 0x09d50000)
  eden space 4416K,  86% used [0x04800000, 0x04bb8c90, 0x04c50000)
  from space 512K,  85% used [0x04cd0000, 0x04d3dc28, 0x04d50000)
  to   space 512K,   0% used [0x04c50000, 0x04c50000, 0x04cd0000)
 tenured generation   total 11072K, used 11023K [0x09d50000, 0x0a820000, 0x14800000)
   the space 11072K,  99% used [0x09d50000, 0x0a813cf0, 0x0a813e00, 0x0a820000)
 Metaspace       used 12016K, capacity 12538K, committed 12544K, reserved 12672K
Event: 2.751 GC heap after
Heap after GC invocations=14 (full 1):
 def new generation   total 8384K, used 77K [0x04800000, 0x05110000, 0x09d50000)
  eden space 7488K,   1% used [0x04800000, 0x04813440, 0x04f50000)
  from space 896K,   0% used [0x04f50000, 0x04f50000, 0x05030000)
  to   space 896K,   0% used [0x05030000, 0x05030000, 0x05110000)
 tenured generation   total 18456K, used 11071K [0x09d50000, 0x0af56000, 0x14800000)
   the space 18456K,  59% used [0x09d50000, 0x0a81ffe8, 0x0a820000, 0x0af56000)
 Metaspace       used 12016K, capacity 12538K, committed 12544K, reserved 12672K
}
Event: 3.042 GC heap before
{Heap before GC invocations=14 (full 1):
 def new generation   total 8384K, used 7488K [0x04800000, 0x05110000, 0x09d50000)
  eden space 7488K, 100% used [0x04800000, 0x04f50000, 0x04f50000)
  from space 896K,   0% used [0x04f50000, 0x04f50000, 0x05030000)
  to   space 896K,   0% used [0x05030000, 0x05030000, 0x05110000)
 tenured generation   total 18456K, used 11071K [0x09d50000, 0x0af56000, 0x14800000)
   the space 18456K,  59% used [0x09d50000, 0x0a81ffe8, 0x0a820000, 0x0af56000)
 Metaspace       used 13080K, capacity 13597K, committed 13696K, reserved 13696K
Event: 3.049 GC heap after
Heap after GC invocations=15 (full 1):
 def new generation   total 8384K, used 895K [0x04800000, 0x05110000, 0x09d50000)
  eden space 7488K,   0% used [0x04800000, 0x04800000, 0x04f50000)
  from space 896K,  99% used [0x05030000, 0x0510fff8, 0x05110000)
  to   space 896K,   0% used [0x04f50000, 0x04f50000, 0x05030000)
 tenured generation   total 18456K, used 11841K [0x09d50000, 0x0af56000, 0x14800000)
   the space 18456K,  64% used [0x09d50000, 0x0a8e0458, 0x0a8e0600, 0x0af56000)
 Metaspace       used 13080K, capacity 13597K, committed 13696K, reserved 13696K
}
Event: 3.148 GC heap before
{Heap before GC invocations=15 (full 1):
 def new generation   total 8384K, used 8383K [0x04800000, 0x05110000, 0x09d50000)
  eden space 7488K, 100% used [0x04800000, 0x04f50000, 0x04f50000)
  from space 896K,  99% used [0x05030000, 0x0510fff8, 0x05110000)
  to   space 896K,   0% used [0x04f50000, 0x04f50000, 0x05030000)
 tenured generation   total 18456K, used 11841K [0x09d50000, 0x0af56000, 0x14800000)
   the space 18456K,  64% used [0x09d50000, 0x0a8e0458, 0x0a8e0600, 0x0af56000)
 Metaspace       used 14048K, capacity 14589K, committed 14592K, reserved 14720K
Event: 3.152 GC heap after
Heap after GC invocations=16 (full 1):
 def new generation   total 8384K, used 896K [0x04800000, 0x05110000, 0x09d50000)
  eden space 7488K,   0% used [0x04800000, 0x04800000, 0x04f50000)
  from space 896K, 100% used [0x04f50000, 0x05030000, 0x05030000)
  to   space 896K,   0% used [0x05030000, 0x05030000, 0x05110000)
 tenured generation   total 18456K, used 12977K [0x09d50000, 0x0af56000, 0x14800000)
   the space 18456K,  70% used [0x09d50000, 0x0a9fc710, 0x0a9fc800, 0x0af56000)
 Metaspace       used 14048K, capacity 14589K, committed 14592K, reserved 14720K
}
Event: 4.366 GC heap before
{Heap before GC invocations=16 (full 1):
 def new generation   total 8384K, used 8384K [0x04800000, 0x05110000, 0x09d50000)
  eden space 7488K, 100% used [0x04800000, 0x04f50000, 0x04f50000)
  from space 896K, 100% used [0x04f50000, 0x05030000, 0x05030000)
  to   space 896K,   0% used [0x05030000, 0x05030000, 0x05110000)
 tenured generation   total 18456K, used 12977K [0x09d50000, 0x0af56000, 0x14800000)
   the space 18456K,  70% used [0x09d50000, 0x0a9fc710, 0x0a9fc800, 0x0af56000)
 Metaspace       used 14855K, capacity 15411K, committed 15488K, reserved 15744K
Event: 4.372 GC heap after
Heap after GC invocations=17 (full 1):
 def new generation   total 8384K, used 799K [0x04800000, 0x05110000, 0x09d50000)
  eden space 7488K,   0% used [0x04800000, 0x04800000, 0x04f50000)
  from space 896K,  89% used [0x05030000, 0x050f7d40, 0x05110000)
  to   space 896K,   0% used [0x04f50000, 0x04f50000, 0x05030000)
 tenured generation   total 18456K, used 13083K [0x09d50000, 0x0af56000, 0x14800000)
   the space 18456K,  70% used [0x09d50000, 0x0aa16ca8, 0x0aa16e00, 0x0af56000)
 Metaspace       used 14855K, capacity 15411K, committed 15488K, reserved 15744K
}
Event: 7.208 GC heap before
{Heap before GC invocations=17 (full 1):
 def new generation   total 8384K, used 8287K [0x04800000, 0x05110000, 0x09d50000)
  eden space 7488K, 100% used [0x04800000, 0x04f50000, 0x04f50000)
  from space 896K,  89% used [0x05030000, 0x050f7d40, 0x05110000)
  to   space 896K,   0% used [0x04f50000, 0x04f50000, 0x05030000)
 tenured generation   total 18456K, used 13083K [0x09d50000, 0x0af56000, 0x14800000)
   the space 18456K,  70% used [0x09d50000, 0x0aa16ca8, 0x0aa16e00, 0x0af56000)
 Metaspace       used 15844K, capacity 16474K, committed 16512K, reserved 16768K
Event: 7.211 GC heap after
Heap after GC invocations=18 (full 1):
 def new generation   total 8384K, used 469K [0x04800000, 0x05110000, 0x09d50000)
  eden space 7488K,   0% used [0x04800000, 0x04800000, 0x04f50000)
  from space 896K,  52% used [0x04f50000, 0x04fc5580, 0x05030000)
  to   space 896K,   0% used [0x05030000, 0x05030000, 0x05110000)
 tenured generation   total 18456K, used 13337K [0x09d50000, 0x0af56000, 0x14800000)
   the space 18456K,  72% used [0x09d50000, 0x0aa56440, 0x0aa56600, 0x0af56000)
 Metaspace       used 15844K, capacity 16474K, committed 16512K, reserved 16768K
}

