# JRE version: Java(TM) SE Runtime Environment (8.0_101-b13) (build 1.8.0_101-b13)
# Java VM: Java HotSpot(TM) 64-Bit Server VM (25.101-b13 mixed mode linux-amd64 compressed oops)
Heap:
 PSYoungGen      total 46592K, used 31557K [0x00000000d8a00000, 0x00000000dcf80000, 0x0000000100000000)
  eden space 41984K, 65% used [0x00000000d8a00000,0x00000000da4b9398,0x00000000db300000)
  from space 4608K, 90% used [0x00000000dcb00000,0x00000000dcf18200,0x00000000dcf80000)
  to   space 5120K, 0% used [0x00000000dc580000,0x00000000dc580000,0x00000000dca80000)
 ParOldGen       total 67584K, used 11501K [0x0000000089e00000, 0x000000008e000000, 0x00000000d8a00000)
  object space 67584K, 17% used [0x0000000089e00000,0x000000008a93b728,0x000000008e000000)
 Metaspace       used 27021K, capacity 27996K, committed 28032K, reserved 1073152K
  class space    used 3462K, capacity 3702K, committed 3712K, reserved 1048576K
GC Heap History (10 events):
Event: 1.740 GC heap before
{Heap before GC invocations=1 (full 0):
 PSYoungGen      total 35840K, used 30720K [0x00000000d8a00000, 0x00000000db200000, 0x0000000100000000)
  eden space 30720K, 100% used [0x00000000d8a00000,0x00000000da800000,0x00000000da800000)
  from space 5120K, 0% used [0x00000000dad00000,0x00000000dad00000,0x00000000db200000)
  to   space 5120K, 0% used [0x00000000da800000,0x00000000da800000,0x00000000dad00000)
 ParOldGen       total 81920K, used 0K [0x0000000089e00000, 0x000000008ee00000, 0x00000000d8a00000)
  object space 81920K, 0% used [0x0000000089e00000,0x0000000089e00000,0x000000008ee00000)
 Metaspace       used 14656K, capacity 15310K, committed 15616K, reserved 1062912K
  class space    used 1993K, capacity 2178K, committed 2304K, reserved 1048576K
Event: 1.753 GC heap after
Heap after GC invocations=1 (full 0):
 PSYoungGen      total 35840K, used 4018K [0x00000000d8a00000, 0x00000000db200000, 0x0000000100000000)
  eden space 30720K, 0% used [0x00000000d8a00000,0x00000000d8a00000,0x00000000da800000)
  from space 5120K, 78% used [0x00000000da800000,0x00000000dabecbb0,0x00000000dad00000)
  to   space 5120K, 0% used [0x00000000dad00000,0x00000000dad00000,0x00000000db200000)
 ParOldGen       total 81920K, used 8K [0x0000000089e00000, 0x000000008ee00000, 0x00000000d8a00000)
  object space 81920K, 0% used [0x0000000089e00000,0x0000000089e02000,0x000000008ee00000)
 Metaspace       used 14656K, capacity 15310K, committed 15616K, reserved 1062912K
  class space    used 1993K, capacity 2178K, committed 2304K, reserved 1048576K
}
Event: 3.425 GC heap before
{Heap before GC invocations=2 (full 0):
 PSYoungGen      total 35840K, used 34738K [0x00000000d8a00000, 0x00000000db200000, 0x0000000100000000)
  eden space 30720K, 100% used [0x00000000d8a00000,0x00000000da800000,0x00000000da800000)
  from space 5120K, 78% used [0x00000000da800000,0x00000000dabecbb0,0x00000000dad00000)
  to   space 5120K, 0% used [0x00000000dad00000,0x00000000dad00000,0x00000000db200000)
 ParOldGen       total 81920K, used 8K [0x0000000089e00000, 0x000000008ee00000, 0x00000000d8a00000)
  object space 81920K, 0% used [0x0000000089e00000,0x0000000089e02000,0x000000008ee00000)
 Metaspace       used 19828K, capacity 20532K, committed 20736K, reserved 1067008K
  class space    used 2618K, capacity 2802K, committed 2816K, reserved 1048576K
Event: 3.440 GC heap after
Heap after GC invocations=2 (full 0):
 PSYoungGen      total 35840K, used 5112K [0x00000000d8a00000, 0x00000000db200000, 0x0000000100000000)
  eden space 30720K, 0% used [0x00000000d8a00000,0x00000000d8a00000,0x00000000da800000)
  from space 5120K, 99% used [0x00000000dad00000,0x00000000db1fe388,0x00000000db200000)
  to   space 5120K, 0% used [0x00000000da800000,0x00000000da800000,0x00000000dad00000)
 ParOldGen       total 81920K, used 6019K [0x0000000089e00000, 0x000000008ee00000, 0x00000000d8a00000)
  object space 81920K, 7% used [0x0000000089e00000,0x000000008a3e0e20,0x000000008ee00000)
 Metaspace       used 19828K, capacity 20532K, committed 20736K, reserved 1067008K
  class space    used 2618K, capacity 2802K, committed 2816K, reserved 1048576K
}
Event: 3.858 GC heap before
{Heap before GC invocations=3 (full 0):
 PSYoungGen      total 35840K, used 10612K [0x00000000d8a00000, 0x00000000db200000, 0x0000000100000000)
  eden space 30720K, 17% used [0x00000000d8a00000,0x00000000d8f5eca8,0x00000000da800000)
  from space 5120K, 99% used [0x00000000dad00000,0x00000000db1fe388,0x00000000db200000)
  to   space 5120K, 0% used [0x00000000da800000,0x00000000da800000,0x00000000dad00000)
 ParOldGen       total 81920K, used 6019K [0x0000000089e00000, 0x000000008ee00000, 0x00000000d8a00000)
  object space 81920K, 7% used [0x0000000089e00000,0x000000008a3e0e20,0x000000008ee00000)
 Metaspace       used 20476K, capacity 21222K, committed 21296K, reserved 1067008K
  class space    used 2708K, capacity 2901K, committed 2944K, reserved 1048576K
Event: 3.868 GC heap after
Heap after GC invocations=3 (full 0):
 PSYoungGen      total 35840K, used 5107K [0x00000000d8a00000, 0x00000000dd000000, 0x0000000100000000)
  eden space 30720K, 0% used [0x00000000d8a00000,0x00000000d8a00000,0x00000000da800000)
  from space 5120K, 99% used [0x00000000da800000,0x00000000dacfccf0,0x00000000dad00000)
  to   space 5120K, 0% used [0x00000000dcb00000,0x00000000dcb00000,0x00000000dd000000)
 ParOldGen       total 81920K, used 6852K [0x0000000089e00000, 0x000000008ee00000, 0x00000000d8a00000)
  object space 81920K, 8% used [0x0000000089e00000,0x000000008a4b12b8,0x000000008ee00000)
 Metaspace       used 20476K, capacity 21222K, committed 21296K, reserved 1067008K
  class space    used 2708K, capacity 2901K, committed 2944K, reserved 1048576K
}
Event: 3.868 GC heap before
{Heap before GC invocations=4 (full 1):
 PSYoungGen      total 35840K, used 5107K [0x00000000d8a00000, 0x00000000dd000000, 0x0000000100000000)
  eden space 30720K, 0% used [0x00000000d8a00000,0x00000000d8a00000,0x00000000da800000)
  from space 5120K, 99% used [0x00000000da800000,0x00000000dacfccf0,0x00000000dad00000)
  to   space 5120K, 0% used [0x00000000dcb00000,0x00000000dcb00000,0x00000000dd000000)
 ParOldGen       total 81920K, used 6852K [0x0000000089e00000, 0x000000008ee00000, 0x00000000d8a00000)
  object space 81920K, 8% used [0x0000000089e00000,0x000000008a4b12b8,0x000000008ee00000)
 Metaspace       used 20476K, capacity 21222K, committed 21296K, reserved 1067008K
  class space    used 2708K, capacity 2901K, committed 2944K, reserved 1048576K
Event: 3.940 GC heap after
Heap after GC invocations=4 (full 1):
 PSYoungGen      total 35840K, used 0K [0x00000000d8a00000, 0x00000000dd000000, 0x0000000100000000)
  eden space 30720K, 0% used [0x00000000d8a00000,0x00000000d8a00000,0x00000000da800000)
  from space 5120K, 0% used [0x00000000da800000,0x00000000da800000,0x00000000dad00000)
  to   space 5120K, 0% used [0x00000000dcb00000,0x00000000dcb00000,0x00000000dd000000)
 ParOldGen       total 67584K, used 11493K [0x0000000089e00000, 0x000000008e000000, 0x00000000d8a00000)
  object space 67584K, 17% used [0x0000000089e00000,0x000000008a939728,0x000000008e000000)
 Metaspace       used 20469K, capacity 21210K, committed 21296K, reserved 1067008K
  class space    used 2707K, capacity 2899K, committed 2944K, reserved 1048576K
}
Event: 14.048 GC heap before
{Heap before GC invocations=5 (full 1):
 PSYoungGen      total 35840K, used 30720K [0x00000000d8a00000, 0x00000000dd000000, 0x0000000100000000)
  eden space 30720K, 100% used [0x00000000d8a00000,0x00000000da800000,0x00000000da800000)
  from space 5120K, 0% used [0x00000000da800000,0x00000000da800000,0x00000000dad00000)
  to   space 5120K, 0% used [0x00000000dcb00000,0x00000000dcb00000,0x00000000dd000000)
 ParOldGen       total 67584K, used 11493K [0x0000000089e00000, 0x000000008e000000, 0x00000000d8a00000)
  object space 67584K, 17% used [0x0000000089e00000,0x000000008a939728,0x000000008e000000)
 Metaspace       used 26334K, capacity 27354K, committed 27520K, reserved 1073152K
  class space    used 3420K, capacity 3645K, committed 3712K, reserved 1048576K
Event: 14.056 GC heap after
Heap after GC invocations=5 (full 1):
 PSYoungGen      total 46592K, used 4192K [0x00000000d8a00000, 0x00000000dcf80000, 0x0000000100000000)
  eden space 41984K, 0% used [0x00000000d8a00000,0x00000000d8a00000,0x00000000db300000)
  from space 4608K, 90% used [0x00000000dcb00000,0x00000000dcf18200,0x00000000dcf80000)
  to   space 5120K, 0% used [0x00000000dc580000,0x00000000dc580000,0x00000000dca80000)
 ParOldGen       total 67584K, used 11501K [0x0000000089e00000, 0x000000008e000000, 0x00000000d8a00000)
  object space 67584K, 17% used [0x0000000089e00000,0x000000008a93b728,0x000000008e000000)
 Metaspace       used 26334K, capacity 27354K, committed 27520K, reserved 1073152K
  class space    used 3420K, capacity 3645K, committed 3712K, reserved 1048576K
}

