# JRE version: Java(TM) SE Runtime Environment (8.0_101-b13) (build 1.8.0_101-b13)
# Java VM: Java HotSpot(TM) Client VM (25.101-b13 mixed mode windows-x86 )
Heap:
 def new generation   total 12352K, used 2681K [0x04800000, 0x05560000, 0x19d50000)
  eden space 11008K,  21% used [0x04800000, 0x04a43a30, 0x052c0000)
  from space 1344K,  27% used [0x052c0000, 0x0531aba0, 0x05410000)
  to   space 1344K,   0% used [0x05410000, 0x05410000, 0x05560000)
 tenured generation   total 27348K, used 21494K [0x19d50000, 0x1b805000, 0x44800000)
   the space 27348K,  78% used [0x19d50000, 0x1b24d8a8, 0x1b24da00, 0x1b805000)
 Metaspace       used 19387K, capacity 20204K, committed 20224K, reserved 20864K
GC Heap History (10 events):
Event: 9.565 GC heap before
{Heap before GC invocations=28 (full 2):
 def new generation   total 8576K, used 8152K [0x04800000, 0x05140000, 0x19d50000)
  eden space 7680K,  96% used [0x04800000, 0x04f43a10, 0x04f80000)
  from space 896K,  79% used [0x05060000, 0x05112788, 0x05140000)
  to   space 896K,   0% used [0x04f80000, 0x04f80000, 0x05060000)
 tenured generation   total 18904K, used 16736K [0x19d50000, 0x1afc6000, 0x44800000)
   the space 18904K,  88% used [0x19d50000, 0x1ada8218, 0x1ada8400, 0x1afc6000)
 Metaspace       used 19026K, capacity 19809K, committed 19840K, reserved 19840K
Event: 9.602 GC heap after
Heap after GC invocations=29 (full 3):
 def new generation   total 12352K, used 0K [0x04800000, 0x05560000, 0x19d50000)
  eden space 11008K,   0% used [0x04800000, 0x04800000, 0x052c0000)
  from space 1344K,   0% used [0x052c0000, 0x052c0000, 0x05410000)
  to   space 1344K,   0% used [0x05410000, 0x05410000, 0x05560000)
 tenured generation   total 27348K, used 16407K [0x19d50000, 0x1b805000, 0x44800000)
   the space 27348K,  59% used [0x19d50000, 0x1ad55c18, 0x1ad55e00, 0x1b805000)
 Metaspace       used 19020K, capacity 19792K, committed 19840K, reserved 19840K
}
Event: 9.912 GC heap before
{Heap before GC invocations=29 (full 3):
 def new generation   total 12352K, used 10424K [0x04800000, 0x05560000, 0x19d50000)
  eden space 11008K,  94% used [0x04800000, 0x0522e060, 0x052c0000)
  from space 1344K,   0% used [0x052c0000, 0x052c0000, 0x05410000)
  to   space 1344K,   0% used [0x05410000, 0x05410000, 0x05560000)
 tenured generation   total 27348K, used 16407K [0x19d50000, 0x1b805000, 0x44800000)
   the space 27348K,  59% used [0x19d50000, 0x1ad55c18, 0x1ad55e00, 0x1b805000)
 Metaspace       used 19032K, capacity 19849K, committed 19968K, reserved 20864K
Event: 9.914 GC heap after
Heap after GC invocations=30 (full 3):
 def new generation   total 12352K, used 665K [0x04800000, 0x05560000, 0x19d50000)
  eden space 11008K,   0% used [0x04800000, 0x04800000, 0x052c0000)
  from space 1344K,  49% used [0x05410000, 0x054b6680, 0x05560000)
  to   space 1344K,   0% used [0x052c0000, 0x052c0000, 0x05410000)
 tenured generation   total 27348K, used 18537K [0x19d50000, 0x1b805000, 0x44800000)
   the space 27348K,  67% used [0x19d50000, 0x1af6a428, 0x1af6a600, 0x1b805000)
 Metaspace       used 19032K, capacity 19849K, committed 19968K, reserved 20864K
}
Event: 11.729 GC heap before
{Heap before GC invocations=30 (full 3):
 def new generation   total 12352K, used 11673K [0x04800000, 0x05560000, 0x19d50000)
  eden space 11008K, 100% used [0x04800000, 0x052c0000, 0x052c0000)
  from space 1344K,  49% used [0x05410000, 0x054b6680, 0x05560000)
  to   space 1344K,   0% used [0x052c0000, 0x052c0000, 0x05410000)
 tenured generation   total 27348K, used 18537K [0x19d50000, 0x1b805000, 0x44800000)
   the space 27348K,  67% used [0x19d50000, 0x1af6a428, 0x1af6a600, 0x1b805000)
 Metaspace       used 19089K, capacity 19896K, committed 19968K, reserved 20864K
Event: 11.735 GC heap after
Heap after GC invocations=31 (full 3):
 def new generation   total 12352K, used 756K [0x04800000, 0x05560000, 0x19d50000)
  eden space 11008K,   0% used [0x04800000, 0x04800000, 0x052c0000)
  from space 1344K,  56% used [0x052c0000, 0x0537d128, 0x05410000)
  to   space 1344K,   0% used [0x05410000, 0x05410000, 0x05560000)
 tenured generation   total 27348K, used 20667K [0x19d50000, 0x1b805000, 0x44800000)
   the space 27348K,  75% used [0x19d50000, 0x1b17ec38, 0x1b17ee00, 0x1b805000)
 Metaspace       used 19089K, capacity 19896K, committed 19968K, reserved 20864K
}
Event: 13.916 GC heap before
{Heap before GC invocations=31 (full 3):
 def new generation   total 12352K, used 11764K [0x04800000, 0x05560000, 0x19d50000)
  eden space 11008K, 100% used [0x04800000, 0x052c0000, 0x052c0000)
  from space 1344K,  56% used [0x052c0000, 0x0537d128, 0x05410000)
  to   space 1344K,   0% used [0x05410000, 0x05410000, 0x05560000)
 tenured generation   total 27348K, used 20667K [0x19d50000, 0x1b805000, 0x44800000)
   the space 27348K,  75% used [0x19d50000, 0x1b17ec38, 0x1b17ee00, 0x1b805000)
 Metaspace       used 19380K, capacity 20199K, committed 20224K, reserved 20864K
Event: 13.920 GC heap after
Heap after GC invocations=32 (full 3):
 def new generation   total 12352K, used 712K [0x04800000, 0x05560000, 0x19d50000)
  eden space 11008K,   0% used [0x04800000, 0x04800000, 0x052c0000)
  from space 1344K,  53% used [0x05410000, 0x054c2148, 0x05560000)
  to   space 1344K,   0% used [0x052c0000, 0x052c0000, 0x05410000)
 tenured generation   total 27348K, used 21375K [0x19d50000, 0x1b805000, 0x44800000)
   the space 27348K,  78% used [0x19d50000, 0x1b22feb0, 0x1b230000, 0x1b805000)
 Metaspace       used 19380K, capacity 20199K, committed 20224K, reserved 20864K
}
Event: 16.159 GC heap before
{Heap before GC invocations=32 (full 3):
 def new generation   total 12352K, used 11720K [0x04800000, 0x05560000, 0x19d50000)
  eden space 11008K,  99% used [0x04800000, 0x052bff78, 0x052c0000)
  from space 1344K,  53% used [0x05410000, 0x054c2148, 0x05560000)
  to   space 1344K,   0% used [0x052c0000, 0x052c0000, 0x05410000)
 tenured generation   total 27348K, used 21375K [0x19d50000, 0x1b805000, 0x44800000)
   the space 27348K,  78% used [0x19d50000, 0x1b22feb0, 0x1b230000, 0x1b805000)
 Metaspace       used 19385K, capacity 20201K, committed 20224K, reserved 20864K
Event: 16.164 GC heap after
Heap after GC invocations=33 (full 3):
 def new generation   total 12352K, used 362K [0x04800000, 0x05560000, 0x19d50000)
  eden space 11008K,   0% used [0x04800000, 0x04800000, 0x052c0000)
  from space 1344K,  27% used [0x052c0000, 0x0531aba0, 0x05410000)
  to   space 1344K,   0% used [0x05410000, 0x05410000, 0x05560000)
 tenured generation   total 27348K, used 21494K [0x19d50000, 0x1b805000, 0x44800000)
   the space 27348K,  78% used [0x19d50000, 0x1b24d8a8, 0x1b24da00, 0x1b805000)
 Metaspace       used 19385K, capacity 20201K, committed 20224K, reserved 20864K
}

