# JRE version: Java(TM) SE Runtime Environment (8.0_101-b13) (build 1.8.0_101-b13)
# Java VM: Java HotSpot(TM) 64-Bit Server VM (25.101-b13 mixed mode linux-amd64 compressed oops)
Heap:
 PSYoungGen      total 35840K, used 21446K [0x00000000d8a00000, 0x00000000dd000000, 0x0000000100000000)
  eden space 30720K, 69% used [0x00000000d8a00000,0x00000000d9ef1be0,0x00000000da800000)
  from space 5120K, 0% used [0x00000000da800000,0x00000000da800000,0x00000000dad00000)
  to   space 5120K, 0% used [0x00000000dcb00000,0x00000000dcb00000,0x00000000dd000000)
 ParOldGen       total 67584K, used 11555K [0x0000000089e00000, 0x000000008e000000, 0x00000000d8a00000)
  object space 67584K, 17% used [0x0000000089e00000,0x000000008a948e78,0x000000008e000000)
 Metaspace       used 24476K, capacity 25182K, committed 25344K, reserved 1071104K
  class space    used 3150K, capacity 3320K, committed 3328K, reserved 1048576K
GC Heap History (8 events):
Event: 1.527 GC heap before
{Heap before GC invocations=1 (full 0):
 PSYoungGen      total 35840K, used 30720K [0x00000000d8a00000, 0x00000000db200000, 0x0000000100000000)
  eden space 30720K, 100% used [0x00000000d8a00000,0x00000000da800000,0x00000000da800000)
  from space 5120K, 0% used [0x00000000dad00000,0x00000000dad00000,0x00000000db200000)
  to   space 5120K, 0% used [0x00000000da800000,0x00000000da800000,0x00000000dad00000)
 ParOldGen       total 81920K, used 0K [0x0000000089e00000, 0x000000008ee00000, 0x00000000d8a00000)
  object space 81920K, 0% used [0x0000000089e00000,0x0000000089e00000,0x000000008ee00000)
 Metaspace       used 13942K, capacity 14552K, committed 14720K, reserved 1062912K
  class space    used 1944K, capacity 2140K, committed 2176K, reserved 1048576K
Event: 1.538 GC heap after
Heap after GC invocations=1 (full 0):
 PSYoungGen      total 35840K, used 3906K [0x00000000d8a00000, 0x00000000db200000, 0x0000000100000000)
  eden space 30720K, 0% used [0x00000000d8a00000,0x00000000d8a00000,0x00000000da800000)
  from space 5120K, 76% used [0x00000000da800000,0x00000000dabd0bc0,0x00000000dad00000)
  to   space 5120K, 0% used [0x00000000dad00000,0x00000000dad00000,0x00000000db200000)
 ParOldGen       total 81920K, used 8K [0x0000000089e00000, 0x000000008ee00000, 0x00000000d8a00000)
  object space 81920K, 0% used [0x0000000089e00000,0x0000000089e02000,0x000000008ee00000)
 Metaspace       used 13942K, capacity 14552K, committed 14720K, reserved 1062912K
  class space    used 1944K, capacity 2140K, committed 2176K, reserved 1048576K
}
Event: 3.300 GC heap before
{Heap before GC invocations=2 (full 0):
 PSYoungGen      total 35840K, used 34626K [0x00000000d8a00000, 0x00000000db200000, 0x0000000100000000)
  eden space 30720K, 100% used [0x00000000d8a00000,0x00000000da800000,0x00000000da800000)
  from space 5120K, 76% used [0x00000000da800000,0x00000000dabd0bc0,0x00000000dad00000)
  to   space 5120K, 0% used [0x00000000dad00000,0x00000000dad00000,0x00000000db200000)
 ParOldGen       total 81920K, used 8K [0x0000000089e00000, 0x000000008ee00000, 0x00000000d8a00000)
  object space 81920K, 0% used [0x0000000089e00000,0x0000000089e02000,0x000000008ee00000)
 Metaspace       used 19516K, capacity 20284K, committed 20480K, reserved 1067008K
  class space    used 2584K, capacity 2765K, committed 2816K, reserved 1048576K
Event: 3.315 GC heap after
Heap after GC invocations=2 (full 0):
 PSYoungGen      total 35840K, used 5094K [0x00000000d8a00000, 0x00000000db200000, 0x0000000100000000)
  eden space 30720K, 0% used [0x00000000d8a00000,0x00000000d8a00000,0x00000000da800000)
  from space 5120K, 99% used [0x00000000dad00000,0x00000000db1f98a8,0x00000000db200000)
  to   space 5120K, 0% used [0x00000000da800000,0x00000000da800000,0x00000000dad00000)
 ParOldGen       total 81920K, used 5846K [0x0000000089e00000, 0x000000008ee00000, 0x00000000d8a00000)
  object space 81920K, 7% used [0x0000000089e00000,0x000000008a3b5a10,0x000000008ee00000)
 Metaspace       used 19516K, capacity 20284K, committed 20480K, reserved 1067008K
  class space    used 2584K, capacity 2765K, committed 2816K, reserved 1048576K
}
Event: 3.670 GC heap before
{Heap before GC invocations=3 (full 0):
 PSYoungGen      total 35840K, used 12585K [0x00000000d8a00000, 0x00000000db200000, 0x0000000100000000)
  eden space 30720K, 24% used [0x00000000d8a00000,0x00000000d9150ec0,0x00000000da800000)
  from space 5120K, 99% used [0x00000000dad00000,0x00000000db1f98a8,0x00000000db200000)
  to   space 5120K, 0% used [0x00000000da800000,0x00000000da800000,0x00000000dad00000)
 ParOldGen       total 81920K, used 5846K [0x0000000089e00000, 0x000000008ee00000, 0x00000000d8a00000)
  object space 81920K, 7% used [0x0000000089e00000,0x000000008a3b5a10,0x000000008ee00000)
 Metaspace       used 20528K, capacity 21186K, committed 21296K, reserved 1067008K
  class space    used 2718K, capacity 2894K, committed 2944K, reserved 1048576K
Event: 3.677 GC heap after
Heap after GC invocations=3 (full 0):
 PSYoungGen      total 35840K, used 5105K [0x00000000d8a00000, 0x00000000dd000000, 0x0000000100000000)
  eden space 30720K, 0% used [0x00000000d8a00000,0x00000000d8a00000,0x00000000da800000)
  from space 5120K, 99% used [0x00000000da800000,0x00000000dacfc4f8,0x00000000dad00000)
  to   space 5120K, 0% used [0x00000000dcb00000,0x00000000dcb00000,0x00000000dd000000)
 ParOldGen       total 81920K, used 6959K [0x0000000089e00000, 0x000000008ee00000, 0x00000000d8a00000)
  object space 81920K, 8% used [0x0000000089e00000,0x000000008a4cbda0,0x000000008ee00000)
 Metaspace       used 20528K, capacity 21186K, committed 21296K, reserved 1067008K
  class space    used 2718K, capacity 2894K, committed 2944K, reserved 1048576K
}
Event: 3.677 GC heap before
{Heap before GC invocations=4 (full 1):
 PSYoungGen      total 35840K, used 5105K [0x00000000d8a00000, 0x00000000dd000000, 0x0000000100000000)
  eden space 30720K, 0% used [0x00000000d8a00000,0x00000000d8a00000,0x00000000da800000)
  from space 5120K, 99% used [0x00000000da800000,0x00000000dacfc4f8,0x00000000dad00000)
  to   space 5120K, 0% used [0x00000000dcb00000,0x00000000dcb00000,0x00000000dd000000)
 ParOldGen       total 81920K, used 6959K [0x0000000089e00000, 0x000000008ee00000, 0x00000000d8a00000)
  object space 81920K, 8% used [0x0000000089e00000,0x000000008a4cbda0,0x000000008ee00000)
 Metaspace       used 20528K, capacity 21186K, committed 21296K, reserved 1067008K
  class space    used 2718K, capacity 2894K, committed 2944K, reserved 1048576K
Event: 3.737 GC heap after
Heap after GC invocations=4 (full 1):
 PSYoungGen      total 35840K, used 0K [0x00000000d8a00000, 0x00000000dd000000, 0x0000000100000000)
  eden space 30720K, 0% used [0x00000000d8a00000,0x00000000d8a00000,0x00000000da800000)
  from space 5120K, 0% used [0x00000000da800000,0x00000000da800000,0x00000000dad00000)
  to   space 5120K, 0% used [0x00000000dcb00000,0x00000000dcb00000,0x00000000dd000000)
 ParOldGen       total 67584K, used 11555K [0x0000000089e00000, 0x000000008e000000, 0x00000000d8a00000)
  object space 67584K, 17% used [0x0000000089e00000,0x000000008a948e78,0x000000008e000000)
 Metaspace       used 20528K, capacity 21186K, committed 21296K, reserved 1067008K
  class space    used 2718K, capacity 2894K, committed 2944K, reserved 1048576K
}

