# JRE version: Java(TM) SE Runtime Environment (8.0_101-b13) (build 1.8.0_101-b13)
# Java VM: Java HotSpot(TM) Client VM (25.101-b13 mixed mode windows-x86 )
Heap:
 def new generation   total 9280K, used 6826K [0x04800000, 0x05210000, 0x09d50000)
  eden space 8256K,  78% used [0x04800000, 0x04e59580, 0x05010000)
  from space 1024K,  31% used [0x05010000, 0x050613b0, 0x05110000)
  to   space 1024K,   0% used [0x05110000, 0x05110000, 0x05210000)
 tenured generation   total 20560K, used 15176K [0x09d50000, 0x0b164000, 0x14800000)
   the space 20560K,  73% used [0x09d50000, 0x0ac222b0, 0x0ac22400, 0x0b164000)
 Metaspace       used 20335K, capacity 21048K, committed 21120K, reserved 21888K
GC Heap History (10 events):
Event: 8.675 GC heap before
{Heap before GC invocations=24 (full 1):
 def new generation   total 4992K, used 4738K [0x04800000, 0x04d60000, 0x09d50000)
  eden space 4480K, 100% used [0x04800000, 0x04c60000, 0x04c60000)
  from space 512K,  50% used [0x04ce0000, 0x04d20810, 0x04d60000)
  to   space 512K,   0% used [0x04c60000, 0x04c60000, 0x04ce0000)
 tenured generation   total 14024K, used 13953K [0x09d50000, 0x0ab02000, 0x14800000)
   the space 14024K,  99% used [0x09d50000, 0x0aaf04a0, 0x0aaf0600, 0x0ab02000)
 Metaspace       used 17064K, capacity 17608K, committed 17664K, reserved 17792K
Event: 8.705 GC heap after
Heap after GC invocations=25 (full 2):
 def new generation   total 9280K, used 0K [0x04800000, 0x05210000, 0x09d50000)
  eden space 8256K,   0% used [0x04800000, 0x04800000, 0x05010000)
  from space 1024K,   0% used [0x05010000, 0x05010000, 0x05110000)
  to   space 1024K,   0% used [0x05110000, 0x05110000, 0x05210000)
 tenured generation   total 20560K, used 12334K [0x09d50000, 0x0b164000, 0x14800000)
   the space 20560K,  59% used [0x09d50000, 0x0a95b910, 0x0a95ba00, 0x0b164000)
 Metaspace       used 17064K, capacity 17608K, committed 17664K, reserved 17792K
}
Event: 21.053 GC heap before
{Heap before GC invocations=25 (full 2):
 def new generation   total 9280K, used 7493K [0x04800000, 0x05210000, 0x09d50000)
  eden space 8256K,  90% used [0x04800000, 0x04f51588, 0x05010000)
  from space 1024K,   0% used [0x05010000, 0x05010000, 0x05110000)
  to   space 1024K,   0% used [0x05110000, 0x05110000, 0x05210000)
 tenured generation   total 20560K, used 12334K [0x09d50000, 0x0b164000, 0x14800000)
   the space 20560K,  59% used [0x09d50000, 0x0a95b910, 0x0a95ba00, 0x0b164000)
 Metaspace       used 17229K, capacity 17810K, committed 17920K, reserved 18816K
Event: 21.056 GC heap after
Heap after GC invocations=26 (full 2):
 def new generation   total 9280K, used 446K [0x04800000, 0x05210000, 0x09d50000)
  eden space 8256K,   0% used [0x04800000, 0x04800000, 0x05010000)
  from space 1024K,  43% used [0x05110000, 0x0517f870, 0x05210000)
  to   space 1024K,   0% used [0x05010000, 0x05010000, 0x05110000)
 tenured generation   total 20560K, used 12334K [0x09d50000, 0x0b164000, 0x14800000)
   the space 20560K,  59% used [0x09d50000, 0x0a95b910, 0x0a95ba00, 0x0b164000)
 Metaspace       used 17229K, capacity 17810K, committed 17920K, reserved 18816K
}
Event: 24.354 GC heap before
{Heap before GC invocations=26 (full 2):
 def new generation   total 9280K, used 8702K [0x04800000, 0x05210000, 0x09d50000)
  eden space 8256K, 100% used [0x04800000, 0x05010000, 0x05010000)
  from space 1024K,  43% used [0x05110000, 0x0517f870, 0x05210000)
  to   space 1024K,   0% used [0x05010000, 0x05010000, 0x05110000)
 tenured generation   total 20560K, used 12334K [0x09d50000, 0x0b164000, 0x14800000)
   the space 20560K,  59% used [0x09d50000, 0x0a95b910, 0x0a95ba00, 0x0b164000)
 Metaspace       used 18993K, capacity 19684K, committed 19712K, reserved 19840K
Event: 24.359 GC heap after
Heap after GC invocations=27 (full 2):
 def new generation   total 9280K, used 985K [0x04800000, 0x05210000, 0x09d50000)
  eden space 8256K,   0% used [0x04800000, 0x04800000, 0x05010000)
  from space 1024K,  96% used [0x05010000, 0x051066a8, 0x05110000)
  to   space 1024K,   0% used [0x05110000, 0x05110000, 0x05210000)
 tenured generation   total 20560K, used 13665K [0x09d50000, 0x0b164000, 0x14800000)
   the space 20560K,  66% used [0x09d50000, 0x0aaa8620, 0x0aaa8800, 0x0b164000)
 Metaspace       used 18993K, capacity 19684K, committed 19712K, reserved 19840K
}
Event: 26.474 GC heap before
{Heap before GC invocations=27 (full 2):
 def new generation   total 9280K, used 9240K [0x04800000, 0x05210000, 0x09d50000)
  eden space 8256K,  99% used [0x04800000, 0x0500fd28, 0x05010000)
  from space 1024K,  96% used [0x05010000, 0x051066a8, 0x05110000)
  to   space 1024K,   0% used [0x05110000, 0x05110000, 0x05210000)
 tenured generation   total 20560K, used 13665K [0x09d50000, 0x0b164000, 0x14800000)
   the space 20560K,  66% used [0x09d50000, 0x0aaa8620, 0x0aaa8800, 0x0b164000)
 Metaspace       used 20133K, capacity 20836K, committed 20864K, reserved 20864K
Event: 26.479 GC heap after
Heap after GC invocations=28 (full 2):
 def new generation   total 9280K, used 1024K [0x04800000, 0x05210000, 0x09d50000)
  eden space 8256K,   0% used [0x04800000, 0x04800000, 0x05010000)
  from space 1024K, 100% used [0x05110000, 0x05210000, 0x05210000)
  to   space 1024K,   0% used [0x05010000, 0x05010000, 0x05110000)
 tenured generation   total 20560K, used 14858K [0x09d50000, 0x0b164000, 0x14800000)
   the space 20560K,  72% used [0x09d50000, 0x0abd28c0, 0x0abd2a00, 0x0b164000)
 Metaspace       used 20133K, capacity 20836K, committed 20864K, reserved 20864K
}
Event: 27.740 GC heap before
{Heap before GC invocations=28 (full 2):
 def new generation   total 9280K, used 9280K [0x04800000, 0x05210000, 0x09d50000)
  eden space 8256K, 100% used [0x04800000, 0x05010000, 0x05010000)
  from space 1024K, 100% used [0x05110000, 0x05210000, 0x05210000)
  to   space 1024K,   0% used [0x05010000, 0x05010000, 0x05110000)
 tenured generation   total 20560K, used 14858K [0x09d50000, 0x0b164000, 0x14800000)
   the space 20560K,  72% used [0x09d50000, 0x0abd28c0, 0x0abd2a00, 0x0b164000)
 Metaspace       used 20294K, capacity 21035K, committed 21120K, reserved 21888K
Event: 27.743 GC heap after
Heap after GC invocations=29 (full 2):
 def new generation   total 9280K, used 324K [0x04800000, 0x05210000, 0x09d50000)
  eden space 8256K,   0% used [0x04800000, 0x04800000, 0x05010000)
  from space 1024K,  31% used [0x05010000, 0x050613b0, 0x05110000)
  to   space 1024K,   0% used [0x05110000, 0x05110000, 0x05210000)
 tenured generation   total 20560K, used 15176K [0x09d50000, 0x0b164000, 0x14800000)
   the space 20560K,  73% used [0x09d50000, 0x0ac222b0, 0x0ac22400, 0x0b164000)
 Metaspace       used 20294K, capacity 21035K, committed 21120K, reserved 21888K
}

