# JRE version: Java(TM) SE Runtime Environment (8.0_101-b13) (build 1.8.0_101-b13)
# Java VM: Java HotSpot(TM) Client VM (25.101-b13 mixed mode windows-x86 )
Heap:
 def new generation   total 8256K, used 2674K [0x04800000, 0x050f0000, 0x09d50000)
  eden space 7360K,  32% used [0x04800000, 0x04a5d978, 0x04f30000)
  from space 896K,  28% used [0x04f30000, 0x04f6ef28, 0x05010000)
  to   space 896K,   0% used [0x05010000, 0x05010000, 0x050f0000)
 tenured generation   total 18172K, used 11307K [0x09d50000, 0x0af0f000, 0x14800000)
   the space 18172K,  62% used [0x09d50000, 0x0a85afb8, 0x0a85b000, 0x0af0f000)
 Metaspace       used 15907K, capacity 16540K, committed 16640K, reserved 16768K
GC Heap History (10 events):
Event: 234.860 GC heap before
{Heap before GC invocations=20 (full 2):
 def new generation   total 8256K, used 7512K [0x04800000, 0x050f0000, 0x09d50000)
  eden space 7360K, 100% used [0x04800000, 0x04f30000, 0x04f30000)
  from space 896K,  17% used [0x05010000, 0x05036348, 0x050f0000)
  to   space 896K,   0% used [0x04f30000, 0x04f30000, 0x05010000)
 tenured generation   total 18172K, used 11214K [0x09d50000, 0x0af0f000, 0x14800000)
   the space 18172K,  61% used [0x09d50000, 0x0a843ad0, 0x0a843c00, 0x0af0f000)
 Metaspace       used 15849K, capacity 16442K, committed 16512K, reserved 16768K
Event: 234.863 GC heap after
Heap after GC invocations=21 (full 2):
 def new generation   total 8256K, used 151K [0x04800000, 0x050f0000, 0x09d50000)
  eden space 7360K,   0% used [0x04800000, 0x04800000, 0x04f30000)
  from space 896K,  16% used [0x04f30000, 0x04f55f80, 0x05010000)
  to   space 896K,   0% used [0x05010000, 0x05010000, 0x050f0000)
 tenured generation   total 18172K, used 11214K [0x09d50000, 0x0af0f000, 0x14800000)
   the space 18172K,  61% used [0x09d50000, 0x0a843ad0, 0x0a843c00, 0x0af0f000)
 Metaspace       used 15849K, capacity 16442K, committed 16512K, reserved 16768K
}
Event: 348.089 GC heap before
{Heap before GC invocations=21 (full 2):
 def new generation   total 8256K, used 7511K [0x04800000, 0x050f0000, 0x09d50000)
  eden space 7360K, 100% used [0x04800000, 0x04f30000, 0x04f30000)
  from space 896K,  16% used [0x04f30000, 0x04f55f80, 0x05010000)
  to   space 896K,   0% used [0x05010000, 0x05010000, 0x050f0000)
 tenured generation   total 18172K, used 11214K [0x09d50000, 0x0af0f000, 0x14800000)
   the space 18172K,  61% used [0x09d50000, 0x0a843ad0, 0x0a843c00, 0x0af0f000)
 Metaspace       used 15849K, capacity 16442K, committed 16512K, reserved 16768K
Event: 348.093 GC heap after
Heap after GC invocations=22 (full 2):
 def new generation   total 8256K, used 151K [0x04800000, 0x050f0000, 0x09d50000)
  eden space 7360K,   0% used [0x04800000, 0x04800000, 0x04f30000)
  from space 896K,  16% used [0x05010000, 0x05035f48, 0x050f0000)
  to   space 896K,   0% used [0x04f30000, 0x04f30000, 0x05010000)
 tenured generation   total 18172K, used 11214K [0x09d50000, 0x0af0f000, 0x14800000)
   the space 18172K,  61% used [0x09d50000, 0x0a843ad0, 0x0a843c00, 0x0af0f000)
 Metaspace       used 15849K, capacity 16442K, committed 16512K, reserved 16768K
}
Event: 435.257 GC heap before
{Heap before GC invocations=22 (full 2):
 def new generation   total 8256K, used 7511K [0x04800000, 0x050f0000, 0x09d50000)
  eden space 7360K, 100% used [0x04800000, 0x04f30000, 0x04f30000)
  from space 896K,  16% used [0x05010000, 0x05035f60, 0x050f0000)
  to   space 896K,   0% used [0x04f30000, 0x04f30000, 0x05010000)
 tenured generation   total 18172K, used 11214K [0x09d50000, 0x0af0f000, 0x14800000)
   the space 18172K,  61% used [0x09d50000, 0x0a843ad0, 0x0a843c00, 0x0af0f000)
 Metaspace       used 15875K, capacity 16474K, committed 16512K, reserved 16768K
Event: 435.261 GC heap after
Heap after GC invocations=23 (full 2):
 def new generation   total 8256K, used 118K [0x04800000, 0x050f0000, 0x09d50000)
  eden space 7360K,   0% used [0x04800000, 0x04800000, 0x04f30000)
  from space 896K,  13% used [0x04f30000, 0x04f4dbe0, 0x05010000)
  to   space 896K,   0% used [0x05010000, 0x05010000, 0x050f0000)
 tenured generation   total 18172K, used 11214K [0x09d50000, 0x0af0f000, 0x14800000)
   the space 18172K,  61% used [0x09d50000, 0x0a843ad0, 0x0a843c00, 0x0af0f000)
 Metaspace       used 15875K, capacity 16474K, committed 16512K, reserved 16768K
}
Event: 463.495 GC heap before
{Heap before GC invocations=23 (full 2):
 def new generation   total 8256K, used 7478K [0x04800000, 0x050f0000, 0x09d50000)
  eden space 7360K, 100% used [0x04800000, 0x04f30000, 0x04f30000)
  from space 896K,  13% used [0x04f30000, 0x04f4dbe0, 0x05010000)
  to   space 896K,   0% used [0x05010000, 0x05010000, 0x050f0000)
 tenured generation   total 18172K, used 11214K [0x09d50000, 0x0af0f000, 0x14800000)
   the space 18172K,  61% used [0x09d50000, 0x0a843ad0, 0x0a843c00, 0x0af0f000)
 Metaspace       used 15907K, capacity 16540K, committed 16640K, reserved 16768K
Event: 463.500 GC heap after
Heap after GC invocations=24 (full 2):
 def new generation   total 8256K, used 470K [0x04800000, 0x050f0000, 0x09d50000)
  eden space 7360K,   0% used [0x04800000, 0x04800000, 0x04f30000)
  from space 896K,  52% used [0x05010000, 0x05085868, 0x050f0000)
  to   space 896K,   0% used [0x04f30000, 0x04f30000, 0x05010000)
 tenured generation   total 18172K, used 11214K [0x09d50000, 0x0af0f000, 0x14800000)
   the space 18172K,  61% used [0x09d50000, 0x0a843ad0, 0x0a843c00, 0x0af0f000)
 Metaspace       used 15907K, capacity 16540K, committed 16640K, reserved 16768K
}
Event: 501.053 GC heap before
{Heap before GC invocations=24 (full 2):
 def new generation   total 8256K, used 7830K [0x04800000, 0x050f0000, 0x09d50000)
  eden space 7360K, 100% used [0x04800000, 0x04f30000, 0x04f30000)
  from space 896K,  52% used [0x05010000, 0x05085868, 0x050f0000)
  to   space 896K,   0% used [0x04f30000, 0x04f30000, 0x05010000)
 tenured generation   total 18172K, used 11214K [0x09d50000, 0x0af0f000, 0x14800000)
   the space 18172K,  61% used [0x09d50000, 0x0a843ad0, 0x0a843c00, 0x0af0f000)
 Metaspace       used 15907K, capacity 16540K, committed 16640K, reserved 16768K
Event: 501.055 GC heap after
Heap after GC invocations=25 (full 2):
 def new generation   total 8256K, used 251K [0x04800000, 0x050f0000, 0x09d50000)
  eden space 7360K,   0% used [0x04800000, 0x04800000, 0x04f30000)
  from space 896K,  28% used [0x04f30000, 0x04f6ef28, 0x05010000)
  to   space 896K,   0% used [0x05010000, 0x05010000, 0x050f0000)
 tenured generation   total 18172K, used 11307K [0x09d50000, 0x0af0f000, 0x14800000)
   the space 18172K,  62% used [0x09d50000, 0x0a85afb8, 0x0a85b000, 0x0af0f000)
 Metaspace       used 15907K, capacity 16540K, committed 16640K, reserved 16768K
}

