# JRE version: Java(TM) SE Runtime Environment (8.0_101-b13) (build 1.8.0_101-b13)
# Java VM: Java HotSpot(TM) 64-Bit Server VM (25.101-b13 mixed mode linux-amd64 compressed oops)
Heap:
 PSYoungGen      total 51712K, used 15528K [0x00000000d8a00000, 0x00000000dcf00000, 0x0000000100000000)
  eden space 47616K, 24% used [0x00000000d8a00000,0x00000000d953b160,0x00000000db880000)
  from space 4096K, 98% used [0x00000000dcb00000,0x00000000dceef0e0,0x00000000dcf00000)
  to   space 5120K, 0% used [0x00000000dc500000,0x00000000dc500000,0x00000000dca00000)
 ParOldGen       total 59392K, used 9484K [0x0000000089e00000, 0x000000008d800000, 0x00000000d8a00000)
  object space 59392K, 15% used [0x0000000089e00000,0x000000008a743040,0x000000008d800000)
 Metaspace       used 26556K, capacity 27520K, committed 27776K, reserved 1073152K
  class space    used 3433K, capacity 3656K, committed 3712K, reserved 1048576K
GC Heap History (10 events):
Event: 1.787 GC heap before
{Heap before GC invocations=1 (full 0):
 PSYoungGen      total 35840K, used 30720K [0x00000000d8a00000, 0x00000000db200000, 0x0000000100000000)
  eden space 30720K, 100% used [0x00000000d8a00000,0x00000000da800000,0x00000000da800000)
  from space 5120K, 0% used [0x00000000dad00000,0x00000000dad00000,0x00000000db200000)
  to   space 5120K, 0% used [0x00000000da800000,0x00000000da800000,0x00000000dad00000)
 ParOldGen       total 81920K, used 0K [0x0000000089e00000, 0x000000008ee00000, 0x00000000d8a00000)
  object space 81920K, 0% used [0x0000000089e00000,0x0000000089e00000,0x000000008ee00000)
 Metaspace       used 14767K, capacity 15374K, committed 15616K, reserved 1062912K
  class space    used 2007K, capacity 2178K, committed 2304K, reserved 1048576K
Event: 1.796 GC heap after
Heap after GC invocations=1 (full 0):
 PSYoungGen      total 35840K, used 4066K [0x00000000d8a00000, 0x00000000db200000, 0x0000000100000000)
  eden space 30720K, 0% used [0x00000000d8a00000,0x00000000d8a00000,0x00000000da800000)
  from space 5120K, 79% used [0x00000000da800000,0x00000000dabf8bc0,0x00000000dad00000)
  to   space 5120K, 0% used [0x00000000dad00000,0x00000000dad00000,0x00000000db200000)
 ParOldGen       total 81920K, used 16K [0x0000000089e00000, 0x000000008ee00000, 0x00000000d8a00000)
  object space 81920K, 0% used [0x0000000089e00000,0x0000000089e04000,0x000000008ee00000)
 Metaspace       used 14767K, capacity 15374K, committed 15616K, reserved 1062912K
  class space    used 2007K, capacity 2178K, committed 2304K, reserved 1048576K
}
Event: 3.488 GC heap before
{Heap before GC invocations=2 (full 0):
 PSYoungGen      total 35840K, used 34786K [0x00000000d8a00000, 0x00000000db200000, 0x0000000100000000)
  eden space 30720K, 100% used [0x00000000d8a00000,0x00000000da800000,0x00000000da800000)
  from space 5120K, 79% used [0x00000000da800000,0x00000000dabf8bc0,0x00000000dad00000)
  to   space 5120K, 0% used [0x00000000dad00000,0x00000000dad00000,0x00000000db200000)
 ParOldGen       total 81920K, used 16K [0x0000000089e00000, 0x000000008ee00000, 0x00000000d8a00000)
  object space 81920K, 0% used [0x0000000089e00000,0x0000000089e04000,0x000000008ee00000)
 Metaspace       used 19757K, capacity 20526K, committed 20736K, reserved 1067008K
  class space    used 2608K, capacity 2801K, committed 2816K, reserved 1048576K
Event: 3.509 GC heap after
Heap after GC invocations=2 (full 0):
 PSYoungGen      total 35840K, used 5112K [0x00000000d8a00000, 0x00000000db200000, 0x0000000100000000)
  eden space 30720K, 0% used [0x00000000d8a00000,0x00000000d8a00000,0x00000000da800000)
  from space 5120K, 99% used [0x00000000dad00000,0x00000000db1fe208,0x00000000db200000)
  to   space 5120K, 0% used [0x00000000da800000,0x00000000da800000,0x00000000dad00000)
 ParOldGen       total 81920K, used 5907K [0x0000000089e00000, 0x000000008ee00000, 0x00000000d8a00000)
  object space 81920K, 7% used [0x0000000089e00000,0x000000008a3c4f40,0x000000008ee00000)
 Metaspace       used 19757K, capacity 20526K, committed 20736K, reserved 1067008K
  class space    used 2608K, capacity 2801K, committed 2816K, reserved 1048576K
}
Event: 3.828 GC heap before
{Heap before GC invocations=3 (full 0):
 PSYoungGen      total 35840K, used 11233K [0x00000000d8a00000, 0x00000000db200000, 0x0000000100000000)
  eden space 30720K, 19% used [0x00000000d8a00000,0x00000000d8ffa278,0x00000000da800000)
  from space 5120K, 99% used [0x00000000dad00000,0x00000000db1fe208,0x00000000db200000)
  to   space 5120K, 0% used [0x00000000da800000,0x00000000da800000,0x00000000dad00000)
 ParOldGen       total 81920K, used 5907K [0x0000000089e00000, 0x000000008ee00000, 0x00000000d8a00000)
  object space 81920K, 7% used [0x0000000089e00000,0x000000008a3c4f40,0x000000008ee00000)
 Metaspace       used 20509K, capacity 21204K, committed 21296K, reserved 1067008K
  class space    used 2703K, capacity 2898K, committed 2944K, reserved 1048576K
Event: 3.844 GC heap after
Heap after GC invocations=3 (full 0):
 PSYoungGen      total 35840K, used 5119K [0x00000000d8a00000, 0x00000000dd000000, 0x0000000100000000)
  eden space 30720K, 0% used [0x00000000d8a00000,0x00000000d8a00000,0x00000000da800000)
  from space 5120K, 99% used [0x00000000da800000,0x00000000dacfff50,0x00000000dad00000)
  to   space 5120K, 0% used [0x00000000dcb00000,0x00000000dcb00000,0x00000000dd000000)
 ParOldGen       total 81920K, used 6609K [0x0000000089e00000, 0x000000008ee00000, 0x00000000d8a00000)
  object space 81920K, 8% used [0x0000000089e00000,0x000000008a474578,0x000000008ee00000)
 Metaspace       used 20509K, capacity 21204K, committed 21296K, reserved 1067008K
  class space    used 2703K, capacity 2898K, committed 2944K, reserved 1048576K
}
Event: 3.844 GC heap before
{Heap before GC invocations=4 (full 1):
 PSYoungGen      total 35840K, used 5119K [0x00000000d8a00000, 0x00000000dd000000, 0x0000000100000000)
  eden space 30720K, 0% used [0x00000000d8a00000,0x00000000d8a00000,0x00000000da800000)
  from space 5120K, 99% used [0x00000000da800000,0x00000000dacfff50,0x00000000dad00000)
  to   space 5120K, 0% used [0x00000000dcb00000,0x00000000dcb00000,0x00000000dd000000)
 ParOldGen       total 81920K, used 6609K [0x0000000089e00000, 0x000000008ee00000, 0x00000000d8a00000)
  object space 81920K, 8% used [0x0000000089e00000,0x000000008a474578,0x000000008ee00000)
 Metaspace       used 20509K, capacity 21204K, committed 21296K, reserved 1067008K
  class space    used 2703K, capacity 2898K, committed 2944K, reserved 1048576K
Event: 3.895 GC heap after
Heap after GC invocations=4 (full 1):
 PSYoungGen      total 35840K, used 0K [0x00000000d8a00000, 0x00000000dd000000, 0x0000000100000000)
  eden space 30720K, 0% used [0x00000000d8a00000,0x00000000d8a00000,0x00000000da800000)
  from space 5120K, 0% used [0x00000000da800000,0x00000000da800000,0x00000000dad00000)
  to   space 5120K, 0% used [0x00000000dcb00000,0x00000000dcb00000,0x00000000dd000000)
 ParOldGen       total 59392K, used 9476K [0x0000000089e00000, 0x000000008d800000, 0x00000000d8a00000)
  object space 59392K, 15% used [0x0000000089e00000,0x000000008a741040,0x000000008d800000)
 Metaspace       used 20509K, capacity 21204K, committed 21296K, reserved 1067008K
  class space    used 2703K, capacity 2898K, committed 2944K, reserved 1048576K
}
Event: 8.276 GC heap before
{Heap before GC invocations=5 (full 1):
 PSYoungGen      total 35840K, used 30720K [0x00000000d8a00000, 0x00000000dd000000, 0x0000000100000000)
  eden space 30720K, 100% used [0x00000000d8a00000,0x00000000da800000,0x00000000da800000)
  from space 5120K, 0% used [0x00000000da800000,0x00000000da800000,0x00000000dad00000)
  to   space 5120K, 0% used [0x00000000dcb00000,0x00000000dcb00000,0x00000000dd000000)
 ParOldGen       total 59392K, used 9476K [0x0000000089e00000, 0x000000008d800000, 0x00000000d8a00000)
  object space 59392K, 15% used [0x0000000089e00000,0x000000008a741040,0x000000008d800000)
 Metaspace       used 26230K, capacity 27218K, committed 27520K, reserved 1073152K
  class space    used 3417K, capacity 3645K, committed 3712K, reserved 1048576K
Event: 8.281 GC heap after
Heap after GC invocations=5 (full 1):
 PSYoungGen      total 51712K, used 4028K [0x00000000d8a00000, 0x00000000dcf00000, 0x0000000100000000)
  eden space 47616K, 0% used [0x00000000d8a00000,0x00000000d8a00000,0x00000000db880000)
  from space 4096K, 98% used [0x00000000dcb00000,0x00000000dceef0e0,0x00000000dcf00000)
  to   space 5120K, 0% used [0x00000000dc500000,0x00000000dc500000,0x00000000dca00000)
 ParOldGen       total 59392K, used 9484K [0x0000000089e00000, 0x000000008d800000, 0x00000000d8a00000)
  object space 59392K, 15% used [0x0000000089e00000,0x000000008a743040,0x000000008d800000)
 Metaspace       used 26230K, capacity 27218K, committed 27520K, reserved 1073152K
  class space    used 3417K, capacity 3645K, committed 3712K, reserved 1048576K
}

