# JRE version: Java(TM) SE Runtime Environment (8.0_101-b13) (build 1.8.0_101-b13)
# Java VM: Java HotSpot(TM) Client VM (25.101-b13 mixed mode windows-x86 )
Heap:
 def new generation   total 9344K, used 5912K [0x04800000, 0x05220000, 0x09d50000)
  eden space 8320K,  62% used [0x04800000, 0x04d0f368, 0x05020000)
  from space 1024K,  71% used [0x05020000, 0x050d6d80, 0x05120000)
  to   space 1024K,   0% used [0x05120000, 0x05120000, 0x05220000)
 tenured generation   total 20696K, used 13273K [0x09d50000, 0x0b186000, 0x14800000)
   the space 20696K,  64% used [0x09d50000, 0x0aa46758, 0x0aa46800, 0x0b186000)
 Metaspace       used 17552K, capacity 18138K, committed 18176K, reserved 18816K
GC Heap History (10 events):
Event: 6.552 GC heap before
{Heap before GC invocations=23 (full 1):
 def new generation   total 4992K, used 4762K [0x04800000, 0x04d60000, 0x09d50000)
  eden space 4480K, 100% used [0x04800000, 0x04c60000, 0x04c60000)
  from space 512K,  55% used [0x04c60000, 0x04ca6ac0, 0x04ce0000)
  to   space 512K,   0% used [0x04ce0000, 0x04ce0000, 0x04d60000)
 tenured generation   total 10944K, used 10607K [0x09d50000, 0x0a800000, 0x14800000)
   the space 10944K,  96% used [0x09d50000, 0x0a7abeb0, 0x0a7ac000, 0x0a800000)
 Metaspace       used 16616K, capacity 17142K, committed 17280K, reserved 17792K
Event: 6.603 GC heap after
Heap after GC invocations=24 (full 2):
 def new generation   total 9344K, used 0K [0x04800000, 0x05220000, 0x09d50000)
  eden space 8320K,   0% used [0x04800000, 0x04800000, 0x05020000)
  from space 1024K,   0% used [0x05020000, 0x05020000, 0x05120000)
  to   space 1024K,   0% used [0x05120000, 0x05120000, 0x05220000)
 tenured generation   total 20696K, used 12417K [0x09d50000, 0x0b186000, 0x14800000)
   the space 20696K,  59% used [0x09d50000, 0x0a970620, 0x0a970800, 0x0b186000)
 Metaspace       used 16616K, capacity 17142K, committed 17280K, reserved 17792K
}
Event: 11.057 GC heap before
{Heap before GC invocations=24 (full 2):
 def new generation   total 9344K, used 8320K [0x04800000, 0x05220000, 0x09d50000)
  eden space 8320K, 100% used [0x04800000, 0x05020000, 0x05020000)
  from space 1024K,   0% used [0x05020000, 0x05020000, 0x05120000)
  to   space 1024K,   0% used [0x05120000, 0x05120000, 0x05220000)
 tenured generation   total 20696K, used 12417K [0x09d50000, 0x0b186000, 0x14800000)
   the space 20696K,  59% used [0x09d50000, 0x0a970620, 0x0a970800, 0x0b186000)
 Metaspace       used 17105K, capacity 17681K, committed 17792K, reserved 17792K
Event: 11.061 GC heap after
Heap after GC invocations=25 (full 2):
 def new generation   total 9344K, used 690K [0x04800000, 0x05220000, 0x09d50000)
  eden space 8320K,   0% used [0x04800000, 0x04800000, 0x05020000)
  from space 1024K,  67% used [0x05120000, 0x051cc870, 0x05220000)
  to   space 1024K,   0% used [0x05020000, 0x05020000, 0x05120000)
 tenured generation   total 20696K, used 12417K [0x09d50000, 0x0b186000, 0x14800000)
   the space 20696K,  59% used [0x09d50000, 0x0a970620, 0x0a970800, 0x0b186000)
 Metaspace       used 17105K, capacity 17681K, committed 17792K, reserved 17792K
}
Event: 17.816 GC heap before
{Heap before GC invocations=25 (full 2):
 def new generation   total 9344K, used 9010K [0x04800000, 0x05220000, 0x09d50000)
  eden space 8320K, 100% used [0x04800000, 0x05020000, 0x05020000)
  from space 1024K,  67% used [0x05120000, 0x051cc870, 0x05220000)
  to   space 1024K,   0% used [0x05020000, 0x05020000, 0x05120000)
 tenured generation   total 20696K, used 12417K [0x09d50000, 0x0b186000, 0x14800000)
   the space 20696K,  59% used [0x09d50000, 0x0a970620, 0x0a970800, 0x0b186000)
 Metaspace       used 17214K, capacity 17822K, committed 17920K, reserved 18816K
Event: 17.823 GC heap after
Heap after GC invocations=26 (full 2):
 def new generation   total 9344K, used 496K [0x04800000, 0x05220000, 0x09d50000)
  eden space 8320K,   0% used [0x04800000, 0x04800000, 0x05020000)
  from space 1024K,  48% used [0x05020000, 0x0509c3e8, 0x05120000)
  to   space 1024K,   0% used [0x05120000, 0x05120000, 0x05220000)
 tenured generation   total 20696K, used 12971K [0x09d50000, 0x0b186000, 0x14800000)
   the space 20696K,  62% used [0x09d50000, 0x0a9fad78, 0x0a9fae00, 0x0b186000)
 Metaspace       used 17214K, capacity 17822K, committed 17920K, reserved 18816K
}
Event: 19.822 GC heap before
{Heap before GC invocations=26 (full 2):
 def new generation   total 9344K, used 8816K [0x04800000, 0x05220000, 0x09d50000)
  eden space 8320K, 100% used [0x04800000, 0x05020000, 0x05020000)
  from space 1024K,  48% used [0x05020000, 0x0509c3e8, 0x05120000)
  to   space 1024K,   0% used [0x05120000, 0x05120000, 0x05220000)
 tenured generation   total 20696K, used 12971K [0x09d50000, 0x0b186000, 0x14800000)
   the space 20696K,  62% used [0x09d50000, 0x0a9fad78, 0x0a9fae00, 0x0b186000)
 Metaspace       used 17495K, capacity 18081K, committed 18176K, reserved 18816K
Event: 19.828 GC heap after
Heap after GC invocations=27 (full 2):
 def new generation   total 9344K, used 955K [0x04800000, 0x05220000, 0x09d50000)
  eden space 8320K,   0% used [0x04800000, 0x04800000, 0x05020000)
  from space 1024K,  93% used [0x05120000, 0x0520ee18, 0x05220000)
  to   space 1024K,   0% used [0x05020000, 0x05020000, 0x05120000)
 tenured generation   total 20696K, used 12971K [0x09d50000, 0x0b186000, 0x14800000)
   the space 20696K,  62% used [0x09d50000, 0x0a9fad78, 0x0a9fae00, 0x0b186000)
 Metaspace       used 17495K, capacity 18081K, committed 18176K, reserved 18816K
}
Event: 21.919 GC heap before
{Heap before GC invocations=27 (full 2):
 def new generation   total 9344K, used 9275K [0x04800000, 0x05220000, 0x09d50000)
  eden space 8320K, 100% used [0x04800000, 0x05020000, 0x05020000)
  from space 1024K,  93% used [0x05120000, 0x0520ee18, 0x05220000)
  to   space 1024K,   0% used [0x05020000, 0x05020000, 0x05120000)
 tenured generation   total 20696K, used 12971K [0x09d50000, 0x0b186000, 0x14800000)
   the space 20696K,  62% used [0x09d50000, 0x0a9fad78, 0x0a9fae00, 0x0b186000)
 Metaspace       used 17544K, capacity 18128K, committed 18176K, reserved 18816K
Event: 21.923 GC heap after
Heap after GC invocations=28 (full 2):
 def new generation   total 9344K, used 731K [0x04800000, 0x05220000, 0x09d50000)
  eden space 8320K,   0% used [0x04800000, 0x04800000, 0x05020000)
  from space 1024K,  71% used [0x05020000, 0x050d6d80, 0x05120000)
  to   space 1024K,   0% used [0x05120000, 0x05120000, 0x05220000)
 tenured generation   total 20696K, used 13273K [0x09d50000, 0x0b186000, 0x14800000)
   the space 20696K,  64% used [0x09d50000, 0x0aa46758, 0x0aa46800, 0x0b186000)
 Metaspace       used 17544K, capacity 18128K, committed 18176K, reserved 18816K
}

