# JRE version: Java(TM) SE Runtime Environment (8.0_101-b13) (build 1.8.0_101-b13)
# Java VM: Java HotSpot(TM) 64-Bit Server VM (25.101-b13 mixed mode linux-amd64 compressed oops)
Heap:
 PSYoungGen      total 47616K, used 28967K [0x00000000d8a00000, 0x00000000dbe80000, 0x0000000100000000)
  eden space 42496K, 56% used [0x00000000d8a00000,0x00000000da14d0c0,0x00000000db380000)
  from space 5120K, 99% used [0x00000000db980000,0x00000000dbe7cb68,0x00000000dbe80000)
  to   space 5120K, 0% used [0x00000000db480000,0x00000000db480000,0x00000000db980000)
 ParOldGen       total 62464K, used 8516K [0x0000000089e00000, 0x000000008db00000, 0x00000000d8a00000)
  object space 62464K, 13% used [0x0000000089e00000,0x000000008a651130,0x000000008db00000)
 Metaspace       used 28983K, capacity 29916K, committed 30080K, reserved 1075200K
  class space    used 3741K, capacity 3968K, committed 3968K, reserved 1048576K
GC Heap History (10 events):
Event: 4.378 GC heap before
{Heap before GC invocations=1 (full 0):
 PSYoungGen      total 35840K, used 30720K [0x00000000d8a00000, 0x00000000db200000, 0x0000000100000000)
  eden space 30720K, 100% used [0x00000000d8a00000,0x00000000da800000,0x00000000da800000)
  from space 5120K, 0% used [0x00000000dad00000,0x00000000dad00000,0x00000000db200000)
  to   space 5120K, 0% used [0x00000000da800000,0x00000000da800000,0x00000000dad00000)
 ParOldGen       total 81920K, used 0K [0x0000000089e00000, 0x000000008ee00000, 0x00000000d8a00000)
  object space 81920K, 0% used [0x0000000089e00000,0x0000000089e00000,0x000000008ee00000)
 Metaspace       used 15478K, capacity 16118K, committed 16256K, reserved 1062912K
  class space    used 2149K, capacity 2325K, committed 2432K, reserved 1048576K
Event: 4.387 GC heap after
Heap after GC invocations=1 (full 0):
 PSYoungGen      total 35840K, used 4509K [0x00000000d8a00000, 0x00000000db200000, 0x0000000100000000)
  eden space 30720K, 0% used [0x00000000d8a00000,0x00000000d8a00000,0x00000000da800000)
  from space 5120K, 88% used [0x00000000da800000,0x00000000dac67668,0x00000000dad00000)
  to   space 5120K, 0% used [0x00000000dad00000,0x00000000dad00000,0x00000000db200000)
 ParOldGen       total 81920K, used 80K [0x0000000089e00000, 0x000000008ee00000, 0x00000000d8a00000)
  object space 81920K, 0% used [0x0000000089e00000,0x0000000089e14010,0x000000008ee00000)
 Metaspace       used 15478K, capacity 16118K, committed 16256K, reserved 1062912K
  class space    used 2149K, capacity 2325K, committed 2432K, reserved 1048576K
}
Event: 5.754 GC heap before
{Heap before GC invocations=2 (full 0):
 PSYoungGen      total 35840K, used 24417K [0x00000000d8a00000, 0x00000000db200000, 0x0000000100000000)
  eden space 30720K, 64% used [0x00000000d8a00000,0x00000000d9d70ea0,0x00000000da800000)
  from space 5120K, 88% used [0x00000000da800000,0x00000000dac67668,0x00000000dad00000)
  to   space 5120K, 0% used [0x00000000dad00000,0x00000000dad00000,0x00000000db200000)
 ParOldGen       total 81920K, used 80K [0x0000000089e00000, 0x000000008ee00000, 0x00000000d8a00000)
  object space 81920K, 0% used [0x0000000089e00000,0x0000000089e14010,0x000000008ee00000)
 Metaspace       used 20479K, capacity 21244K, committed 21296K, reserved 1067008K
  class space    used 2728K, capacity 2932K, committed 2944K, reserved 1048576K
Event: 5.763 GC heap after
Heap after GC invocations=2 (full 0):
 PSYoungGen      total 35840K, used 5117K [0x00000000d8a00000, 0x00000000db200000, 0x0000000100000000)
  eden space 30720K, 0% used [0x00000000d8a00000,0x00000000d8a00000,0x00000000da800000)
  from space 5120K, 99% used [0x00000000dad00000,0x00000000db1ff688,0x00000000db200000)
  to   space 5120K, 0% used [0x00000000da800000,0x00000000da800000,0x00000000dad00000)
 ParOldGen       total 81920K, used 2990K [0x0000000089e00000, 0x000000008ee00000, 0x00000000d8a00000)
  object space 81920K, 3% used [0x0000000089e00000,0x000000008a0ebad0,0x000000008ee00000)
 Metaspace       used 20479K, capacity 21244K, committed 21296K, reserved 1067008K
  class space    used 2728K, capacity 2932K, committed 2944K, reserved 1048576K
}
Event: 5.763 GC heap before
{Heap before GC invocations=3 (full 1):
 PSYoungGen      total 35840K, used 5117K [0x00000000d8a00000, 0x00000000db200000, 0x0000000100000000)
  eden space 30720K, 0% used [0x00000000d8a00000,0x00000000d8a00000,0x00000000da800000)
  from space 5120K, 99% used [0x00000000dad00000,0x00000000db1ff688,0x00000000db200000)
  to   space 5120K, 0% used [0x00000000da800000,0x00000000da800000,0x00000000dad00000)
 ParOldGen       total 81920K, used 2990K [0x0000000089e00000, 0x000000008ee00000, 0x00000000d8a00000)
  object space 81920K, 3% used [0x0000000089e00000,0x000000008a0ebad0,0x000000008ee00000)
 Metaspace       used 20479K, capacity 21244K, committed 21296K, reserved 1067008K
  class space    used 2728K, capacity 2932K, committed 2944K, reserved 1048576K
Event: 5.807 GC heap after
Heap after GC invocations=3 (full 1):
 PSYoungGen      total 35840K, used 0K [0x00000000d8a00000, 0x00000000db200000, 0x0000000100000000)
  eden space 30720K, 0% used [0x00000000d8a00000,0x00000000d8a00000,0x00000000da800000)
  from space 5120K, 0% used [0x00000000dad00000,0x00000000dad00000,0x00000000db200000)
  to   space 5120K, 0% used [0x00000000da800000,0x00000000da800000,0x00000000dad00000)
 ParOldGen       total 62464K, used 7963K [0x0000000089e00000, 0x000000008db00000, 0x00000000d8a00000)
  object space 62464K, 12% used [0x0000000089e00000,0x000000008a5c6fc0,0x000000008db00000)
 Metaspace       used 20479K, capacity 21244K, committed 21296K, reserved 1067008K
  class space    used 2728K, capacity 2932K, committed 2944K, reserved 1048576K
}
Event: 6.403 GC heap before
{Heap before GC invocations=4 (full 1):
 PSYoungGen      total 35840K, used 30720K [0x00000000d8a00000, 0x00000000db200000, 0x0000000100000000)
  eden space 30720K, 100% used [0x00000000d8a00000,0x00000000da800000,0x00000000da800000)
  from space 5120K, 0% used [0x00000000dad00000,0x00000000dad00000,0x00000000db200000)
  to   space 5120K, 0% used [0x00000000da800000,0x00000000da800000,0x00000000dad00000)
 ParOldGen       total 62464K, used 7963K [0x0000000089e00000, 0x000000008db00000, 0x00000000d8a00000)
  object space 62464K, 12% used [0x0000000089e00000,0x000000008a5c6fc0,0x000000008db00000)
 Metaspace       used 24216K, capacity 25020K, committed 25216K, reserved 1071104K
  class space    used 3239K, capacity 3444K, committed 3456K, reserved 1048576K
Event: 6.407 GC heap after
Heap after GC invocations=4 (full 1):
 PSYoungGen      total 35840K, used 4271K [0x00000000d8a00000, 0x00000000dbe80000, 0x0000000100000000)
  eden space 30720K, 0% used [0x00000000d8a00000,0x00000000d8a00000,0x00000000da800000)
  from space 5120K, 83% used [0x00000000da800000,0x00000000dac2be90,0x00000000dad00000)
  to   space 5120K, 0% used [0x00000000db980000,0x00000000db980000,0x00000000dbe80000)
 ParOldGen       total 62464K, used 7971K [0x0000000089e00000, 0x000000008db00000, 0x00000000d8a00000)
  object space 62464K, 12% used [0x0000000089e00000,0x000000008a5c8fc0,0x000000008db00000)
 Metaspace       used 24216K, capacity 25020K, committed 25216K, reserved 1071104K
  class space    used 3239K, capacity 3444K, committed 3456K, reserved 1048576K
}
Event: 8.205 GC heap before
{Heap before GC invocations=5 (full 1):
 PSYoungGen      total 35840K, used 34991K [0x00000000d8a00000, 0x00000000dbe80000, 0x0000000100000000)
  eden space 30720K, 100% used [0x00000000d8a00000,0x00000000da800000,0x00000000da800000)
  from space 5120K, 83% used [0x00000000da800000,0x00000000dac2be90,0x00000000dad00000)
  to   space 5120K, 0% used [0x00000000db980000,0x00000000db980000,0x00000000dbe80000)
 ParOldGen       total 62464K, used 7971K [0x0000000089e00000, 0x000000008db00000, 0x00000000d8a00000)
  object space 62464K, 12% used [0x0000000089e00000,0x000000008a5c8fc0,0x000000008db00000)
 Metaspace       used 27410K, capacity 28286K, committed 28416K, reserved 1073152K
  class space    used 3604K, capacity 3819K, committed 3840K, reserved 1048576K
Event: 8.211 GC heap after
Heap after GC invocations=5 (full 1):
 PSYoungGen      total 47616K, used 5106K [0x00000000d8a00000, 0x00000000dbe80000, 0x0000000100000000)
  eden space 42496K, 0% used [0x00000000d8a00000,0x00000000d8a00000,0x00000000db380000)
  from space 5120K, 99% used [0x00000000db980000,0x00000000dbe7cb68,0x00000000dbe80000)
  to   space 5120K, 0% used [0x00000000db480000,0x00000000db480000,0x00000000db980000)
 ParOldGen       total 62464K, used 8516K [0x0000000089e00000, 0x000000008db00000, 0x00000000d8a00000)
  object space 62464K, 13% used [0x0000000089e00000,0x000000008a651130,0x000000008db00000)
 Metaspace       used 27410K, capacity 28286K, committed 28416K, reserved 1073152K
  class space    used 3604K, capacity 3819K, committed 3840K, reserved 1048576K
}

