# JRE version: Java(TM) SE Runtime Environment (8.0_101-b13) (build 1.8.0_101-b13)
# Java VM: Java HotSpot(TM) 64-Bit Server VM (25.101-b13 mixed mode linux-amd64 compressed oops)
Heap:
 PSYoungGen      total 44544K, used 10021K [0x00000000d8a00000, 0x00000000dcf00000, 0x0000000100000000)
  eden space 40448K, 15% used [0x00000000d8a00000,0x00000000d9004d78,0x00000000db180000)
  from space 4096K, 94% used [0x00000000dcb00000,0x00000000dcec4a68,0x00000000dcf00000)
  to   space 5120K, 0% used [0x00000000dc500000,0x00000000dc500000,0x00000000dca00000)
 ParOldGen       total 68608K, used 11430K [0x0000000089e00000, 0x000000008e100000, 0x00000000d8a00000)
  object space 68608K, 16% used [0x0000000089e00000,0x000000008a929a00,0x000000008e100000)
 Metaspace       used 26353K, capacity 27316K, committed 27520K, reserved 1073152K
  class space    used 3427K, capacity 3654K, committed 3712K, reserved 1048576K
GC Heap History (10 events):
Event: 3.000 GC heap before
{Heap before GC invocations=1 (full 0):
 PSYoungGen      total 35840K, used 30720K [0x00000000d8a00000, 0x00000000db200000, 0x0000000100000000)
  eden space 30720K, 100% used [0x00000000d8a00000,0x00000000da800000,0x00000000da800000)
  from space 5120K, 0% used [0x00000000dad00000,0x00000000dad00000,0x00000000db200000)
  to   space 5120K, 0% used [0x00000000da800000,0x00000000da800000,0x00000000dad00000)
 ParOldGen       total 81920K, used 0K [0x0000000089e00000, 0x000000008ee00000, 0x00000000d8a00000)
  object space 81920K, 0% used [0x0000000089e00000,0x0000000089e00000,0x000000008ee00000)
 Metaspace       used 14453K, capacity 15086K, committed 15232K, reserved 1062912K
  class space    used 1972K, capacity 2146K, committed 2176K, reserved 1048576K
Event: 3.011 GC heap after
Heap after GC invocations=1 (full 0):
 PSYoungGen      total 35840K, used 4034K [0x00000000d8a00000, 0x00000000db200000, 0x0000000100000000)
  eden space 30720K, 0% used [0x00000000d8a00000,0x00000000d8a00000,0x00000000da800000)
  from space 5120K, 78% used [0x00000000da800000,0x00000000dabf0bc0,0x00000000dad00000)
  to   space 5120K, 0% used [0x00000000dad00000,0x00000000dad00000,0x00000000db200000)
 ParOldGen       total 81920K, used 8K [0x0000000089e00000, 0x000000008ee00000, 0x00000000d8a00000)
  object space 81920K, 0% used [0x0000000089e00000,0x0000000089e02000,0x000000008ee00000)
 Metaspace       used 14453K, capacity 15086K, committed 15232K, reserved 1062912K
  class space    used 1972K, capacity 2146K, committed 2176K, reserved 1048576K
}
Event: 5.653 GC heap before
{Heap before GC invocations=2 (full 0):
 PSYoungGen      total 35840K, used 34754K [0x00000000d8a00000, 0x00000000db200000, 0x0000000100000000)
  eden space 30720K, 100% used [0x00000000d8a00000,0x00000000da800000,0x00000000da800000)
  from space 5120K, 78% used [0x00000000da800000,0x00000000dabf0bc0,0x00000000dad00000)
  to   space 5120K, 0% used [0x00000000dad00000,0x00000000dad00000,0x00000000db200000)
 ParOldGen       total 81920K, used 8K [0x0000000089e00000, 0x000000008ee00000, 0x00000000d8a00000)
  object space 81920K, 0% used [0x0000000089e00000,0x0000000089e02000,0x000000008ee00000)
 Metaspace       used 19694K, capacity 20436K, committed 20736K, reserved 1067008K
  class space    used 2595K, capacity 2770K, committed 2816K, reserved 1048576K
Event: 5.667 GC heap after
Heap after GC invocations=2 (full 0):
 PSYoungGen      total 35840K, used 5119K [0x00000000d8a00000, 0x00000000db200000, 0x0000000100000000)
  eden space 30720K, 0% used [0x00000000d8a00000,0x00000000d8a00000,0x00000000da800000)
  from space 5120K, 99% used [0x00000000dad00000,0x00000000db1fff60,0x00000000db200000)
  to   space 5120K, 0% used [0x00000000da800000,0x00000000da800000,0x00000000dad00000)
 ParOldGen       total 81920K, used 5802K [0x0000000089e00000, 0x000000008ee00000, 0x00000000d8a00000)
  object space 81920K, 7% used [0x0000000089e00000,0x000000008a3aabe0,0x000000008ee00000)
 Metaspace       used 19694K, capacity 20436K, committed 20736K, reserved 1067008K
  class space    used 2595K, capacity 2770K, committed 2816K, reserved 1048576K
}
Event: 6.219 GC heap before
{Heap before GC invocations=3 (full 0):
 PSYoungGen      total 35840K, used 10421K [0x00000000d8a00000, 0x00000000db200000, 0x0000000100000000)
  eden space 30720K, 17% used [0x00000000d8a00000,0x00000000d8f2d5c8,0x00000000da800000)
  from space 5120K, 99% used [0x00000000dad00000,0x00000000db1fff60,0x00000000db200000)
  to   space 5120K, 0% used [0x00000000da800000,0x00000000da800000,0x00000000dad00000)
 ParOldGen       total 81920K, used 5802K [0x0000000089e00000, 0x000000008ee00000, 0x00000000d8a00000)
  object space 81920K, 7% used [0x0000000089e00000,0x000000008a3aabe0,0x000000008ee00000)
 Metaspace       used 20495K, capacity 21210K, committed 21296K, reserved 1067008K
  class space    used 2705K, capacity 2899K, committed 2944K, reserved 1048576K
Event: 6.233 GC heap after
Heap after GC invocations=3 (full 0):
 PSYoungGen      total 35840K, used 5089K [0x00000000d8a00000, 0x00000000dd000000, 0x0000000100000000)
  eden space 30720K, 0% used [0x00000000d8a00000,0x00000000d8a00000,0x00000000da800000)
  from space 5120K, 99% used [0x00000000da800000,0x00000000dacf84f8,0x00000000dad00000)
  to   space 5120K, 0% used [0x00000000dcb00000,0x00000000dcb00000,0x00000000dd000000)
 ParOldGen       total 81920K, used 6907K [0x0000000089e00000, 0x000000008ee00000, 0x00000000d8a00000)
  object space 81920K, 8% used [0x0000000089e00000,0x000000008a4bef80,0x000000008ee00000)
 Metaspace       used 20495K, capacity 21210K, committed 21296K, reserved 1067008K
  class space    used 2705K, capacity 2899K, committed 2944K, reserved 1048576K
}
Event: 6.233 GC heap before
{Heap before GC invocations=4 (full 1):
 PSYoungGen      total 35840K, used 5089K [0x00000000d8a00000, 0x00000000dd000000, 0x0000000100000000)
  eden space 30720K, 0% used [0x00000000d8a00000,0x00000000d8a00000,0x00000000da800000)
  from space 5120K, 99% used [0x00000000da800000,0x00000000dacf84f8,0x00000000dad00000)
  to   space 5120K, 0% used [0x00000000dcb00000,0x00000000dcb00000,0x00000000dd000000)
 ParOldGen       total 81920K, used 6907K [0x0000000089e00000, 0x000000008ee00000, 0x00000000d8a00000)
  object space 81920K, 8% used [0x0000000089e00000,0x000000008a4bef80,0x000000008ee00000)
 Metaspace       used 20495K, capacity 21210K, committed 21296K, reserved 1067008K
  class space    used 2705K, capacity 2899K, committed 2944K, reserved 1048576K
Event: 6.350 GC heap after
Heap after GC invocations=4 (full 1):
 PSYoungGen      total 35840K, used 0K [0x00000000d8a00000, 0x00000000dd000000, 0x0000000100000000)
  eden space 30720K, 0% used [0x00000000d8a00000,0x00000000d8a00000,0x00000000da800000)
  from space 5120K, 0% used [0x00000000da800000,0x00000000da800000,0x00000000dad00000)
  to   space 5120K, 0% used [0x00000000dcb00000,0x00000000dcb00000,0x00000000dd000000)
 ParOldGen       total 68608K, used 11422K [0x0000000089e00000, 0x000000008e100000, 0x00000000d8a00000)
  object space 68608K, 16% used [0x0000000089e00000,0x000000008a927a00,0x000000008e100000)
 Metaspace       used 20495K, capacity 21210K, committed 21296K, reserved 1067008K
  class space    used 2705K, capacity 2899K, committed 2944K, reserved 1048576K
}
Event: 34.522 GC heap before
{Heap before GC invocations=5 (full 1):
 PSYoungGen      total 35840K, used 30720K [0x00000000d8a00000, 0x00000000dd000000, 0x0000000100000000)
  eden space 30720K, 100% used [0x00000000d8a00000,0x00000000da800000,0x00000000da800000)
  from space 5120K, 0% used [0x00000000da800000,0x00000000da800000,0x00000000dad00000)
  to   space 5120K, 0% used [0x00000000dcb00000,0x00000000dcb00000,0x00000000dd000000)
 ParOldGen       total 68608K, used 11422K [0x0000000089e00000, 0x000000008e100000, 0x00000000d8a00000)
  object space 68608K, 16% used [0x0000000089e00000,0x000000008a927a00,0x000000008e100000)
 Metaspace       used 26237K, capacity 27242K, committed 27520K, reserved 1073152K
  class space    used 3423K, capacity 3653K, committed 3712K, reserved 1048576K
Event: 34.532 GC heap after
Heap after GC invocations=5 (full 1):
 PSYoungGen      total 44544K, used 3858K [0x00000000d8a00000, 0x00000000dcf00000, 0x0000000100000000)
  eden space 40448K, 0% used [0x00000000d8a00000,0x00000000d8a00000,0x00000000db180000)
  from space 4096K, 94% used [0x00000000dcb00000,0x00000000dcec4a68,0x00000000dcf00000)
  to   space 5120K, 0% used [0x00000000dc500000,0x00000000dc500000,0x00000000dca00000)
 ParOldGen       total 68608K, used 11430K [0x0000000089e00000, 0x000000008e100000, 0x00000000d8a00000)
  object space 68608K, 16% used [0x0000000089e00000,0x000000008a929a00,0x000000008e100000)
 Metaspace       used 26237K, capacity 27242K, committed 27520K, reserved 1073152K
  class space    used 3423K, capacity 3653K, committed 3712K, reserved 1048576K
}

