# JRE version: Java(TM) SE Runtime Environment (8.0_101-b13) (build 1.8.0_101-b13)
# Java VM: Java HotSpot(TM) 64-Bit Server VM (25.101-b13 mixed mode linux-amd64 compressed oops)
Heap:
 PSYoungGen      total 107008K, used 10307K [0x00000000d8a00000, 0x00000000e0600000, 0x0000000100000000)
  eden space 97280K, 10% used [0x00000000d8a00000,0x00000000d9410d20,0x00000000de900000)
  from space 9728K, 0% used [0x00000000df400000,0x00000000df400000,0x00000000dfd80000)
  to   space 11264K, 0% used [0x00000000de900000,0x00000000de900000,0x00000000df400000)
 ParOldGen       total 64000K, used 17265K [0x0000000089e00000, 0x000000008dc80000, 0x00000000d8a00000)
  object space 64000K, 26% used [0x0000000089e00000,0x000000008aedc4d0,0x000000008dc80000)
 Metaspace       used 35558K, capacity 36854K, committed 36992K, reserved 1081344K
  class space    used 4699K, capacity 4956K, committed 4992K, reserved 1048576K
GC Heap History (10 events):
Event: 7.312 GC heap before
{Heap before GC invocations=4 (full 1):
 PSYoungGen      total 35840K, used 5105K [0x00000000d8a00000, 0x00000000dd000000, 0x0000000100000000)
  eden space 30720K, 0% used [0x00000000d8a00000,0x00000000d8a00000,0x00000000da800000)
  from space 5120K, 99% used [0x00000000da800000,0x00000000dacfc6d8,0x00000000dad00000)
  to   space 5120K, 0% used [0x00000000dcb00000,0x00000000dcb00000,0x00000000dd000000)
 ParOldGen       total 81920K, used 5084K [0x0000000089e00000, 0x000000008ee00000, 0x00000000d8a00000)
  object space 81920K, 6% used [0x0000000089e00000,0x000000008a2f7058,0x000000008ee00000)
 Metaspace       used 20617K, capacity 21132K, committed 21296K, reserved 1067008K
  class space    used 2741K, capacity 2893K, committed 2944K, reserved 1048576K
Event: 7.349 GC heap after
Heap after GC invocations=4 (full 1):
 PSYoungGen      total 35840K, used 0K [0x00000000d8a00000, 0x00000000dd000000, 0x0000000100000000)
  eden space 30720K, 0% used [0x00000000d8a00000,0x00000000d8a00000,0x00000000da800000)
  from space 5120K, 0% used [0x00000000da800000,0x00000000da800000,0x00000000dad00000)
  to   space 5120K, 0% used [0x00000000dcb00000,0x00000000dcb00000,0x00000000dd000000)
 ParOldGen       total 48128K, used 7965K [0x0000000089e00000, 0x000000008cd00000, 0x00000000d8a00000)
  object space 48128K, 16% used [0x0000000089e00000,0x000000008a5c7628,0x000000008cd00000)
 Metaspace       used 20617K, capacity 21132K, committed 21296K, reserved 1067008K
  class space    used 2741K, capacity 2893K, committed 2944K, reserved 1048576K
}
Event: 12.843 GC heap before
{Heap before GC invocations=5 (full 1):
 PSYoungGen      total 35840K, used 30720K [0x00000000d8a00000, 0x00000000dd000000, 0x0000000100000000)
  eden space 30720K, 100% used [0x00000000d8a00000,0x00000000da800000,0x00000000da800000)
  from space 5120K, 0% used [0x00000000da800000,0x00000000da800000,0x00000000dad00000)
  to   space 5120K, 0% used [0x00000000dcb00000,0x00000000dcb00000,0x00000000dd000000)
 ParOldGen       total 48128K, used 7965K [0x0000000089e00000, 0x000000008cd00000, 0x00000000d8a00000)
  object space 48128K, 16% used [0x0000000089e00000,0x000000008a5c7628,0x000000008cd00000)
 Metaspace       used 26097K, capacity 26872K, committed 27136K, reserved 1073152K
  class space    used 3511K, capacity 3715K, committed 3840K, reserved 1048576K
Event: 12.850 GC heap after
Heap after GC invocations=5 (full 1):
 PSYoungGen      total 60416K, used 4294K [0x00000000d8a00000, 0x00000000dcf80000, 0x0000000100000000)
  eden space 55808K, 0% used [0x00000000d8a00000,0x00000000d8a00000,0x00000000dc080000)
  from space 4608K, 93% used [0x00000000dcb00000,0x00000000dcf31b70,0x00000000dcf80000)
  to   space 5120K, 0% used [0x00000000dc580000,0x00000000dc580000,0x00000000dca80000)
 ParOldGen       total 48128K, used 7973K [0x0000000089e00000, 0x000000008cd00000, 0x00000000d8a00000)
  object space 48128K, 16% used [0x0000000089e00000,0x000000008a5c9628,0x000000008cd00000)
 Metaspace       used 26097K, capacity 26872K, committed 27136K, reserved 1073152K
  class space    used 3511K, capacity 3715K, committed 3840K, reserved 1048576K
}
Event: 49.134 GC heap before
{Heap before GC invocations=6 (full 1):
 PSYoungGen      total 60416K, used 60102K [0x00000000d8a00000, 0x00000000dcf80000, 0x0000000100000000)
  eden space 55808K, 100% used [0x00000000d8a00000,0x00000000dc080000,0x00000000dc080000)
  from space 4608K, 93% used [0x00000000dcb00000,0x00000000dcf31b70,0x00000000dcf80000)
  to   space 5120K, 0% used [0x00000000dc580000,0x00000000dc580000,0x00000000dca80000)
 ParOldGen       total 48128K, used 7973K [0x0000000089e00000, 0x000000008cd00000, 0x00000000d8a00000)
  object space 48128K, 16% used [0x0000000089e00000,0x000000008a5c9628,0x000000008cd00000)
 Metaspace       used 30623K, capacity 31810K, committed 32128K, reserved 1077248K
  class space    used 4109K, capacity 4374K, committed 4480K, reserved 1048576K
Event: 49.145 GC heap after
Heap after GC invocations=6 (full 1):
 PSYoungGen      total 66048K, used 5091K [0x00000000d8a00000, 0x00000000dfd80000, 0x0000000100000000)
  eden space 60928K, 0% used [0x00000000d8a00000,0x00000000d8a00000,0x00000000dc580000)
  from space 5120K, 99% used [0x00000000dc580000,0x00000000dca78e00,0x00000000dca80000)
  to   space 9728K, 0% used [0x00000000df400000,0x00000000df400000,0x00000000dfd80000)
 ParOldGen       total 48128K, used 10010K [0x0000000089e00000, 0x000000008cd00000, 0x00000000d8a00000)
  object space 48128K, 20% used [0x0000000089e00000,0x000000008a7c6ab0,0x000000008cd00000)
 Metaspace       used 30623K, capacity 31810K, committed 32128K, reserved 1077248K
  class space    used 4109K, capacity 4374K, committed 4480K, reserved 1048576K
}
Event: 104.904 GC heap before
{Heap before GC invocations=7 (full 1):
 PSYoungGen      total 66048K, used 45651K [0x00000000d8a00000, 0x00000000dfd80000, 0x0000000100000000)
  eden space 60928K, 66% used [0x00000000d8a00000,0x00000000db19c058,0x00000000dc580000)
  from space 5120K, 99% used [0x00000000dc580000,0x00000000dca78e00,0x00000000dca80000)
  to   space 9728K, 0% used [0x00000000df400000,0x00000000df400000,0x00000000dfd80000)
 ParOldGen       total 48128K, used 10010K [0x0000000089e00000, 0x000000008cd00000, 0x00000000d8a00000)
  object space 48128K, 20% used [0x0000000089e00000,0x000000008a7c6ab0,0x000000008cd00000)
 Metaspace       used 34142K, capacity 35408K, committed 35456K, reserved 1079296K
  class space    used 4472K, capacity 4731K, committed 4736K, reserved 1048576K
Event: 104.914 GC heap after
Heap after GC invocations=7 (full 1):
 PSYoungGen      total 107008K, used 9439K [0x00000000d8a00000, 0x00000000e0600000, 0x0000000100000000)
  eden space 97280K, 0% used [0x00000000d8a00000,0x00000000d8a00000,0x00000000de900000)
  from space 9728K, 97% used [0x00000000df400000,0x00000000dfd37d20,0x00000000dfd80000)
  to   space 11264K, 0% used [0x00000000de900000,0x00000000de900000,0x00000000df400000)
 ParOldGen       total 48128K, used 10018K [0x0000000089e00000, 0x000000008cd00000, 0x00000000d8a00000)
  object space 48128K, 20% used [0x0000000089e00000,0x000000008a7c8ab0,0x000000008cd00000)
 Metaspace       used 34142K, capacity 35408K, committed 35456K, reserved 1079296K
  class space    used 4472K, capacity 4731K, committed 4736K, reserved 1048576K
}
Event: 104.914 GC heap before
{Heap before GC invocations=8 (full 2):
 PSYoungGen      total 107008K, used 9439K [0x00000000d8a00000, 0x00000000e0600000, 0x0000000100000000)
  eden space 97280K, 0% used [0x00000000d8a00000,0x00000000d8a00000,0x00000000de900000)
  from space 9728K, 97% used [0x00000000df400000,0x00000000dfd37d20,0x00000000dfd80000)
  to   space 11264K, 0% used [0x00000000de900000,0x00000000de900000,0x00000000df400000)
 ParOldGen       total 48128K, used 10018K [0x0000000089e00000, 0x000000008cd00000, 0x00000000d8a00000)
  object space 48128K, 20% used [0x0000000089e00000,0x000000008a7c8ab0,0x000000008cd00000)
 Metaspace       used 34142K, capacity 35408K, committed 35456K, reserved 1079296K
  class space    used 4472K, capacity 4731K, committed 4736K, reserved 1048576K
Event: 105.000 GC heap after
Heap after GC invocations=8 (full 2):
 PSYoungGen      total 107008K, used 0K [0x00000000d8a00000, 0x00000000e0600000, 0x0000000100000000)
  eden space 97280K, 0% used [0x00000000d8a00000,0x00000000d8a00000,0x00000000de900000)
  from space 9728K, 0% used [0x00000000df400000,0x00000000df400000,0x00000000dfd80000)
  to   space 11264K, 0% used [0x00000000de900000,0x00000000de900000,0x00000000df400000)
 ParOldGen       total 64000K, used 17265K [0x0000000089e00000, 0x000000008dc80000, 0x00000000d8a00000)
  object space 64000K, 26% used [0x0000000089e00000,0x000000008aedc4d0,0x000000008dc80000)
 Metaspace       used 34142K, capacity 35408K, committed 35456K, reserved 1079296K
  class space    used 4472K, capacity 4731K, committed 4736K, reserved 1048576K
}

