# JRE version: Java(TM) SE Runtime Environment (8.0_101-b13) (build 1.8.0_101-b13)
# Java VM: Java HotSpot(TM) Client VM (25.101-b13 mixed mode windows-x86 )
Heap:
 def new generation   total 8384K, used 4482K [0x04800000, 0x05110000, 0x09d50000)
  eden space 7488K,  48% used [0x04800000, 0x04b8bb10, 0x04f50000)
  from space 896K,  95% used [0x04f50000, 0x05024fc8, 0x05030000)
  to   space 896K,   0% used [0x05030000, 0x05030000, 0x05110000)
 tenured generation   total 18464K, used 13432K [0x09d50000, 0x0af58000, 0x14800000)
   the space 18464K,  72% used [0x09d50000, 0x0aa6e030, 0x0aa6e200, 0x0af58000)
 Metaspace       used 17966K, capacity 18639K, committed 18688K, reserved 18816K
GC Heap History (10 events):
Event: 5.951 GC heap before
{Heap before GC invocations=20 (full 1):
 def new generation   total 4992K, used 4988K [0x04800000, 0x04d60000, 0x09d50000)
  eden space 4480K, 100% used [0x04800000, 0x04c60000, 0x04c60000)
  from space 512K,  99% used [0x04ce0000, 0x04d5f128, 0x04d60000)
  to   space 512K,   0% used [0x04c60000, 0x04c60000, 0x04ce0000)
 tenured generation   total 10944K, used 10703K [0x09d50000, 0x0a800000, 0x14800000)
   the space 10944K,  97% used [0x09d50000, 0x0a7c3c58, 0x0a7c3e00, 0x0a800000)
 Metaspace       used 16069K, capacity 16607K, committed 16640K, reserved 16768K
Event: 5.954 GC heap after
Heap after GC invocations=21 (full 1):
 def new generation   total 4992K, used 512K [0x04800000, 0x04d60000, 0x09d50000)
  eden space 4480K,   0% used [0x04800000, 0x04800000, 0x04c60000)
  from space 512K, 100% used [0x04c60000, 0x04ce0000, 0x04ce0000)
  to   space 512K,   0% used [0x04ce0000, 0x04ce0000, 0x04d60000)
 tenured generation   total 10944K, used 10803K [0x09d50000, 0x0a800000, 0x14800000)
   the space 10944K,  98% used [0x09d50000, 0x0a7dcc18, 0x0a7dce00, 0x0a800000)
 Metaspace       used 16069K, capacity 16607K, committed 16640K, reserved 16768K
}
Event: 6.006 GC heap before
{Heap before GC invocations=21 (full 1):
 def new generation   total 4992K, used 4992K [0x04800000, 0x04d60000, 0x09d50000)
  eden space 4480K, 100% used [0x04800000, 0x04c60000, 0x04c60000)
  from space 512K, 100% used [0x04c60000, 0x04ce0000, 0x04ce0000)
  to   space 512K,   0% used [0x04ce0000, 0x04ce0000, 0x04d60000)
 tenured generation   total 10944K, used 10803K [0x09d50000, 0x0a800000, 0x14800000)
   the space 10944K,  98% used [0x09d50000, 0x0a7dcc18, 0x0a7dce00, 0x0a800000)
 Metaspace       used 16327K, capacity 16863K, committed 16896K, reserved 17792K
Event: 6.008 GC heap after
Heap after GC invocations=22 (full 1):
 def new generation   total 4992K, used 511K [0x04800000, 0x04d60000, 0x09d50000)
  eden space 4480K,   0% used [0x04800000, 0x04800000, 0x04c60000)
  from space 512K,  99% used [0x04ce0000, 0x04d5fea0, 0x04d60000)
  to   space 512K,   0% used [0x04c60000, 0x04c60000, 0x04ce0000)
 tenured generation   total 10944K, used 10874K [0x09d50000, 0x0a800000, 0x14800000)
   the space 10944K,  99% used [0x09d50000, 0x0a7ee9f0, 0x0a7eea00, 0x0a800000)
 Metaspace       used 16327K, capacity 16863K, committed 16896K, reserved 17792K
}
Event: 6.233 GC heap before
{Heap before GC invocations=22 (full 1):
 def new generation   total 4992K, used 4799K [0x04800000, 0x04d60000, 0x09d50000)
  eden space 4480K,  95% used [0x04800000, 0x04c30118, 0x04c60000)
  from space 512K,  99% used [0x04ce0000, 0x04d5fea0, 0x04d60000)
  to   space 512K,   0% used [0x04c60000, 0x04c60000, 0x04ce0000)
 tenured generation   total 10944K, used 10874K [0x09d50000, 0x0a800000, 0x14800000)
   the space 10944K,  99% used [0x09d50000, 0x0a7ee9f0, 0x0a7eea00, 0x0a800000)
 Metaspace       used 16603K, capacity 17149K, committed 17280K, reserved 17792K
Event: 6.264 GC heap after
Heap after GC invocations=23 (full 2):
 def new generation   total 8384K, used 0K [0x04800000, 0x05110000, 0x09d50000)
  eden space 7488K,   0% used [0x04800000, 0x04800000, 0x04f50000)
  from space 896K,   0% used [0x04f50000, 0x04f50000, 0x05030000)
  to   space 896K,   0% used [0x05030000, 0x05030000, 0x05110000)
 tenured generation   total 18464K, used 11076K [0x09d50000, 0x0af58000, 0x14800000)
   the space 18464K,  59% used [0x09d50000, 0x0a821310, 0x0a821400, 0x0af58000)
 Metaspace       used 16603K, capacity 17149K, committed 17280K, reserved 17792K
}
Event: 17.361 GC heap before
{Heap before GC invocations=23 (full 2):
 def new generation   total 8384K, used 7488K [0x04800000, 0x05110000, 0x09d50000)
  eden space 7488K, 100% used [0x04800000, 0x04f50000, 0x04f50000)
  from space 896K,   0% used [0x04f50000, 0x04f50000, 0x05030000)
  to   space 896K,   0% used [0x05030000, 0x05030000, 0x05110000)
 tenured generation   total 18464K, used 11076K [0x09d50000, 0x0af58000, 0x14800000)
   the space 18464K,  59% used [0x09d50000, 0x0a821310, 0x0a821400, 0x0af58000)
 Metaspace       used 17049K, capacity 17583K, committed 17664K, reserved 17792K
Event: 17.363 GC heap after
Heap after GC invocations=24 (full 2):
 def new generation   total 8384K, used 427K [0x04800000, 0x05110000, 0x09d50000)
  eden space 7488K,   0% used [0x04800000, 0x04800000, 0x04f50000)
  from space 896K,  47% used [0x05030000, 0x0509ad68, 0x05110000)
  to   space 896K,   0% used [0x04f50000, 0x04f50000, 0x05030000)
 tenured generation   total 18464K, used 12100K [0x09d50000, 0x0af58000, 0x14800000)
   the space 18464K,  65% used [0x09d50000, 0x0a921320, 0x0a921400, 0x0af58000)
 Metaspace       used 17049K, capacity 17583K, committed 17664K, reserved 17792K
}
Event: 18.418 GC heap before
{Heap before GC invocations=24 (full 2):
 def new generation   total 8384K, used 7915K [0x04800000, 0x05110000, 0x09d50000)
  eden space 7488K, 100% used [0x04800000, 0x04f50000, 0x04f50000)
  from space 896K,  47% used [0x05030000, 0x0509ad68, 0x05110000)
  to   space 896K,   0% used [0x04f50000, 0x04f50000, 0x05030000)
 tenured generation   total 18464K, used 12100K [0x09d50000, 0x0af58000, 0x14800000)
   the space 18464K,  65% used [0x09d50000, 0x0a921320, 0x0a921400, 0x0af58000)
 Metaspace       used 17506K, capacity 18141K, committed 18176K, reserved 18816K
Event: 18.422 GC heap after
Heap after GC invocations=25 (full 2):
 def new generation   total 8384K, used 851K [0x04800000, 0x05110000, 0x09d50000)
  eden space 7488K,   0% used [0x04800000, 0x04800000, 0x04f50000)
  from space 896K,  95% used [0x04f50000, 0x05024fc8, 0x05030000)
  to   space 896K,   0% used [0x05030000, 0x05030000, 0x05110000)
 tenured generation   total 18464K, used 13432K [0x09d50000, 0x0af58000, 0x14800000)
   the space 18464K,  72% used [0x09d50000, 0x0aa6e030, 0x0aa6e200, 0x0af58000)
 Metaspace       used 17506K, capacity 18141K, committed 18176K, reserved 18816K
}

