# JRE version: Java(TM) SE Runtime Environment (8.0_101-b13) (build 1.8.0_101-b13)
# Java VM: Java HotSpot(TM) Client VM (25.101-b13 mixed mode windows-x86 )
Heap:
 def new generation   total 9472K, used 4007K [0x04a00000, 0x05440000, 0x09f50000)
  eden space 8448K,  42% used [0x04a00000, 0x04d797f8, 0x05240000)
  from space 1024K,  43% used [0x05240000, 0x052b0750, 0x05340000)
  to   space 1024K,   0% used [0x05340000, 0x05340000, 0x05440000)
 tenured generation   total 20872K, used 13073K [0x09f50000, 0x0b3b2000, 0x14a00000)
   the space 20872K,  62% used [0x09f50000, 0x0ac14510, 0x0ac14600, 0x0b3b2000)
 Metaspace       used 17483K, capacity 18056K, committed 18176K, reserved 18816K
GC Heap History (10 events):
Event: 6.386 GC heap before
{Heap before GC invocations=21 (full 1):
 def new generation   total 4992K, used 4133K [0x04a00000, 0x04f60000, 0x09f50000)
  eden space 4480K,  81% used [0x04a00000, 0x04d8dc00, 0x04e60000)
  from space 512K,  96% used [0x04e60000, 0x04edbab8, 0x04ee0000)
  to   space 512K,   0% used [0x04ee0000, 0x04ee0000, 0x04f60000)
 tenured generation   total 10944K, used 9477K [0x09f50000, 0x0aa00000, 0x14a00000)
   the space 10944K,  86% used [0x09f50000, 0x0a891770, 0x0a891800, 0x0aa00000)
 Metaspace       used 16437K, capacity 16959K, committed 17024K, reserved 17792K
Event: 6.390 GC heap after
Heap after GC invocations=22 (full 1):
 def new generation   total 4992K, used 288K [0x04a00000, 0x04f60000, 0x09f50000)
  eden space 4480K,   0% used [0x04a00000, 0x04a00000, 0x04e60000)
  from space 512K,  56% used [0x04ee0000, 0x04f28060, 0x04f60000)
  to   space 512K,   0% used [0x04e60000, 0x04e60000, 0x04ee0000)
 tenured generation   total 10944K, used 9543K [0x09f50000, 0x0aa00000, 0x14a00000)
   the space 10944K,  87% used [0x09f50000, 0x0a8a1c98, 0x0a8a1e00, 0x0aa00000)
 Metaspace       used 16437K, capacity 16959K, committed 17024K, reserved 17792K
}
Event: 6.486 GC heap before
{Heap before GC invocations=22 (full 1):
 def new generation   total 4992K, used 3807K [0x04a00000, 0x04f60000, 0x09f50000)
  eden space 4480K,  78% used [0x04a00000, 0x04d6fd90, 0x04e60000)
  from space 512K,  56% used [0x04ee0000, 0x04f28060, 0x04f60000)
  to   space 512K,   0% used [0x04e60000, 0x04e60000, 0x04ee0000)
 tenured generation   total 10944K, used 9543K [0x09f50000, 0x0aa00000, 0x14a00000)
   the space 10944K,  87% used [0x09f50000, 0x0a8a1c98, 0x0a8a1e00, 0x0aa00000)
 Metaspace       used 16606K, capacity 17139K, committed 17280K, reserved 17792K
Event: 6.491 GC heap after
Heap after GC invocations=23 (full 1):
 def new generation   total 4992K, used 226K [0x04a00000, 0x04f60000, 0x09f50000)
  eden space 4480K,   0% used [0x04a00000, 0x04a00000, 0x04e60000)
  from space 512K,  44% used [0x04e60000, 0x04e98bf8, 0x04ee0000)
  to   space 512K,   0% used [0x04ee0000, 0x04ee0000, 0x04f60000)
 tenured generation   total 10944K, used 10774K [0x09f50000, 0x0aa00000, 0x14a00000)
   the space 10944K,  98% used [0x09f50000, 0x0a9d59b0, 0x0a9d5a00, 0x0aa00000)
 Metaspace       used 16606K, capacity 17139K, committed 17280K, reserved 17792K
}
Event: 6.730 GC heap before
{Heap before GC invocations=23 (full 1):
 def new generation   total 4992K, used 4706K [0x04a00000, 0x04f60000, 0x09f50000)
  eden space 4480K, 100% used [0x04a00000, 0x04e60000, 0x04e60000)
  from space 512K,  44% used [0x04e60000, 0x04e98bf8, 0x04ee0000)
  to   space 512K,   0% used [0x04ee0000, 0x04ee0000, 0x04f60000)
 tenured generation   total 10944K, used 10774K [0x09f50000, 0x0aa00000, 0x14a00000)
   the space 10944K,  98% used [0x09f50000, 0x0a9d59b0, 0x0a9d5a00, 0x0aa00000)
 Metaspace       used 16619K, capacity 17139K, committed 17280K, reserved 17792K
Event: 6.763 GC heap after
Heap after GC invocations=24 (full 2):
 def new generation   total 9472K, used 0K [0x04a00000, 0x05440000, 0x09f50000)
  eden space 8448K,   0% used [0x04a00000, 0x04a00000, 0x05240000)
  from space 1024K,   0% used [0x05240000, 0x05240000, 0x05340000)
  to   space 1024K,   0% used [0x05340000, 0x05340000, 0x05440000)
 tenured generation   total 20872K, used 12521K [0x09f50000, 0x0b3b2000, 0x14a00000)
   the space 20872K,  59% used [0x09f50000, 0x0ab8a450, 0x0ab8a600, 0x0b3b2000)
 Metaspace       used 16619K, capacity 17139K, committed 17280K, reserved 17792K
}
Event: 10.408 GC heap before
{Heap before GC invocations=24 (full 2):
 def new generation   total 9472K, used 8448K [0x04a00000, 0x05440000, 0x09f50000)
  eden space 8448K, 100% used [0x04a00000, 0x05240000, 0x05240000)
  from space 1024K,   0% used [0x05240000, 0x05240000, 0x05340000)
  to   space 1024K,   0% used [0x05340000, 0x05340000, 0x05440000)
 tenured generation   total 20872K, used 12521K [0x09f50000, 0x0b3b2000, 0x14a00000)
   the space 20872K,  59% used [0x09f50000, 0x0ab8a450, 0x0ab8a600, 0x0b3b2000)
 Metaspace       used 17135K, capacity 17713K, committed 17792K, reserved 17792K
Event: 10.413 GC heap after
Heap after GC invocations=25 (full 2):
 def new generation   total 9472K, used 727K [0x04a00000, 0x05440000, 0x09f50000)
  eden space 8448K,   0% used [0x04a00000, 0x04a00000, 0x05240000)
  from space 1024K,  71% used [0x05340000, 0x053f5e58, 0x05440000)
  to   space 1024K,   0% used [0x05240000, 0x05240000, 0x05340000)
 tenured generation   total 20872K, used 12521K [0x09f50000, 0x0b3b2000, 0x14a00000)
   the space 20872K,  59% used [0x09f50000, 0x0ab8a450, 0x0ab8a600, 0x0b3b2000)
 Metaspace       used 17135K, capacity 17713K, committed 17792K, reserved 17792K
}
Event: 14.561 GC heap before
{Heap before GC invocations=25 (full 2):
 def new generation   total 9472K, used 9165K [0x04a00000, 0x05440000, 0x09f50000)
  eden space 8448K,  99% used [0x04a00000, 0x0523d7d8, 0x05240000)
  from space 1024K,  71% used [0x05340000, 0x053f5e58, 0x05440000)
  to   space 1024K,   0% used [0x05240000, 0x05240000, 0x05340000)
 tenured generation   total 20872K, used 12521K [0x09f50000, 0x0b3b2000, 0x14a00000)
   the space 20872K,  59% used [0x09f50000, 0x0ab8a450, 0x0ab8a600, 0x0b3b2000)
 Metaspace       used 17204K, capacity 17800K, committed 17920K, reserved 18816K
Event: 14.564 GC heap after
Heap after GC invocations=26 (full 2):
 def new generation   total 9472K, used 449K [0x04a00000, 0x05440000, 0x09f50000)
  eden space 8448K,   0% used [0x04a00000, 0x04a00000, 0x05240000)
  from space 1024K,  43% used [0x05240000, 0x052b0750, 0x05340000)
  to   space 1024K,   0% used [0x05340000, 0x05340000, 0x05440000)
 tenured generation   total 20872K, used 13073K [0x09f50000, 0x0b3b2000, 0x14a00000)
   the space 20872K,  62% used [0x09f50000, 0x0ac14510, 0x0ac14600, 0x0b3b2000)
 Metaspace       used 17204K, capacity 17800K, committed 17920K, reserved 18816K
}

