# JRE version: Java(TM) SE Runtime Environment (8.0_101-b13) (build 1.8.0_101-b13)
# Java VM: Java HotSpot(TM) 64-Bit Server VM (25.101-b13 mixed mode linux-amd64 compressed oops)
Heap:
 PSYoungGen      total 35840K, used 28652K [0x00000000d8a00000, 0x00000000dbe00000, 0x0000000100000000)
  eden space 30720K, 77% used [0x00000000d8a00000,0x00000000da138cc0,0x00000000da800000)
  from space 5120K, 95% used [0x00000000da800000,0x00000000dacc2520,0x00000000dad00000)
  to   space 5120K, 0% used [0x00000000db900000,0x00000000db900000,0x00000000dbe00000)
 ParOldGen       total 62464K, used 8747K [0x0000000089e00000, 0x000000008db00000, 0x00000000d8a00000)
  object space 62464K, 14% used [0x0000000089e00000,0x000000008a68ace0,0x000000008db00000)
 Metaspace       used 26910K, capacity 27770K, committed 27904K, reserved 1073152K
  class space    used 3591K, capacity 3790K, committed 3840K, reserved 1048576K
GC Heap History (8 events):
Event: 1.637 GC heap before
{Heap before GC invocations=1 (full 0):
 PSYoungGen      total 35840K, used 30215K [0x00000000d8a00000, 0x00000000db200000, 0x0000000100000000)
  eden space 30720K, 98% used [0x00000000d8a00000,0x00000000da781cd8,0x00000000da800000)
  from space 5120K, 0% used [0x00000000dad00000,0x00000000dad00000,0x00000000db200000)
  to   space 5120K, 0% used [0x00000000da800000,0x00000000da800000,0x00000000dad00000)
 ParOldGen       total 81920K, used 0K [0x0000000089e00000, 0x000000008ee00000, 0x00000000d8a00000)
  object space 81920K, 0% used [0x0000000089e00000,0x0000000089e00000,0x000000008ee00000)
 Metaspace       used 14441K, capacity 15016K, committed 15104K, reserved 1062912K
  class space    used 2083K, capacity 2251K, committed 2304K, reserved 1048576K
Event: 1.651 GC heap after
Heap after GC invocations=1 (full 0):
 PSYoungGen      total 35840K, used 4432K [0x00000000d8a00000, 0x00000000db200000, 0x0000000100000000)
  eden space 30720K, 0% used [0x00000000d8a00000,0x00000000d8a00000,0x00000000da800000)
  from space 5120K, 86% used [0x00000000da800000,0x00000000dac54110,0x00000000dad00000)
  to   space 5120K, 0% used [0x00000000dad00000,0x00000000dad00000,0x00000000db200000)
 ParOldGen       total 81920K, used 8K [0x0000000089e00000, 0x000000008ee00000, 0x00000000d8a00000)
  object space 81920K, 0% used [0x0000000089e00000,0x0000000089e02000,0x000000008ee00000)
 Metaspace       used 14441K, capacity 15016K, committed 15104K, reserved 1062912K
  class space    used 2083K, capacity 2251K, committed 2304K, reserved 1048576K
}
Event: 5.670 GC heap before
{Heap before GC invocations=2 (full 0):
 PSYoungGen      total 35840K, used 26178K [0x00000000d8a00000, 0x00000000db200000, 0x0000000100000000)
  eden space 30720K, 70% used [0x00000000d8a00000,0x00000000d9f3c938,0x00000000da800000)
  from space 5120K, 86% used [0x00000000da800000,0x00000000dac54110,0x00000000dad00000)
  to   space 5120K, 0% used [0x00000000dad00000,0x00000000dad00000,0x00000000db200000)
 ParOldGen       total 81920K, used 8K [0x0000000089e00000, 0x000000008ee00000, 0x00000000d8a00000)
  object space 81920K, 0% used [0x0000000089e00000,0x0000000089e02000,0x000000008ee00000)
 Metaspace       used 20393K, capacity 21166K, committed 21248K, reserved 1067008K
  class space    used 2859K, capacity 3054K, committed 3072K, reserved 1048576K
Event: 5.684 GC heap after
Heap after GC invocations=2 (full 0):
 PSYoungGen      total 35840K, used 5118K [0x00000000d8a00000, 0x00000000db200000, 0x0000000100000000)
  eden space 30720K, 0% used [0x00000000d8a00000,0x00000000d8a00000,0x00000000da800000)
  from space 5120K, 99% used [0x00000000dad00000,0x00000000db1ff8b0,0x00000000db200000)
  to   space 5120K, 0% used [0x00000000da800000,0x00000000da800000,0x00000000dad00000)
 ParOldGen       total 81920K, used 3752K [0x0000000089e00000, 0x000000008ee00000, 0x00000000d8a00000)
  object space 81920K, 4% used [0x0000000089e00000,0x000000008a1aa010,0x000000008ee00000)
 Metaspace       used 20393K, capacity 21166K, committed 21248K, reserved 1067008K
  class space    used 2859K, capacity 3054K, committed 3072K, reserved 1048576K
}
Event: 5.684 GC heap before
{Heap before GC invocations=3 (full 1):
 PSYoungGen      total 35840K, used 5118K [0x00000000d8a00000, 0x00000000db200000, 0x0000000100000000)
  eden space 30720K, 0% used [0x00000000d8a00000,0x00000000d8a00000,0x00000000da800000)
  from space 5120K, 99% used [0x00000000dad00000,0x00000000db1ff8b0,0x00000000db200000)
  to   space 5120K, 0% used [0x00000000da800000,0x00000000da800000,0x00000000dad00000)
 ParOldGen       total 81920K, used 3752K [0x0000000089e00000, 0x000000008ee00000, 0x00000000d8a00000)
  object space 81920K, 4% used [0x0000000089e00000,0x000000008a1aa010,0x000000008ee00000)
 Metaspace       used 20393K, capacity 21166K, committed 21248K, reserved 1067008K
  class space    used 2859K, capacity 3054K, committed 3072K, reserved 1048576K
Event: 5.728 GC heap after
Heap after GC invocations=3 (full 1):
 PSYoungGen      total 35840K, used 0K [0x00000000d8a00000, 0x00000000db200000, 0x0000000100000000)
  eden space 30720K, 0% used [0x00000000d8a00000,0x00000000d8a00000,0x00000000da800000)
  from space 5120K, 0% used [0x00000000dad00000,0x00000000dad00000,0x00000000db200000)
  to   space 5120K, 0% used [0x00000000da800000,0x00000000da800000,0x00000000dad00000)
 ParOldGen       total 62464K, used 8739K [0x0000000089e00000, 0x000000008db00000, 0x00000000d8a00000)
  object space 62464K, 13% used [0x0000000089e00000,0x000000008a688ce0,0x000000008db00000)
 Metaspace       used 20393K, capacity 21166K, committed 21248K, reserved 1067008K
  class space    used 2859K, capacity 3054K, committed 3072K, reserved 1048576K
}
Event: 6.980 GC heap before
{Heap before GC invocations=4 (full 1):
 PSYoungGen      total 35840K, used 30720K [0x00000000d8a00000, 0x00000000db200000, 0x0000000100000000)
  eden space 30720K, 100% used [0x00000000d8a00000,0x00000000da800000,0x00000000da800000)
  from space 5120K, 0% used [0x00000000dad00000,0x00000000dad00000,0x00000000db200000)
  to   space 5120K, 0% used [0x00000000da800000,0x00000000da800000,0x00000000dad00000)
 ParOldGen       total 62464K, used 8739K [0x0000000089e00000, 0x000000008db00000, 0x00000000d8a00000)
  object space 62464K, 13% used [0x0000000089e00000,0x000000008a688ce0,0x000000008db00000)
 Metaspace       used 24193K, capacity 25004K, committed 25344K, reserved 1071104K
  class space    used 3296K, capacity 3493K, committed 3584K, reserved 1048576K
Event: 6.985 GC heap after
Heap after GC invocations=4 (full 1):
 PSYoungGen      total 35840K, used 4873K [0x00000000d8a00000, 0x00000000dbe00000, 0x0000000100000000)
  eden space 30720K, 0% used [0x00000000d8a00000,0x00000000d8a00000,0x00000000da800000)
  from space 5120K, 95% used [0x00000000da800000,0x00000000dacc2520,0x00000000dad00000)
  to   space 5120K, 0% used [0x00000000db900000,0x00000000db900000,0x00000000dbe00000)
 ParOldGen       total 62464K, used 8747K [0x0000000089e00000, 0x000000008db00000, 0x00000000d8a00000)
  object space 62464K, 14% used [0x0000000089e00000,0x000000008a68ace0,0x000000008db00000)
 Metaspace       used 24193K, capacity 25004K, committed 25344K, reserved 1071104K
  class space    used 3296K, capacity 3493K, committed 3584K, reserved 1048576K
}

