# JRE version: Java(TM) SE Runtime Environment (8.0_101-b13) (build 1.8.0_101-b13)
# Java VM: Java HotSpot(TM) 64-Bit Server VM (25.101-b13 mixed mode linux-amd64 compressed oops)
Heap:
 PSYoungGen      total 45568K, used 22250K [0x00000000d8a00000, 0x00000000dbc00000, 0x0000000100000000)
  eden space 40960K, 43% used [0x00000000d8a00000,0x00000000d9b3ad30,0x00000000db200000)
  from space 4608K, 99% used [0x00000000db780000,0x00000000dbbffaf0,0x00000000dbc00000)
  to   space 5120K, 0% used [0x00000000db200000,0x00000000db200000,0x00000000db700000)
 ParOldGen       total 65536K, used 8952K [0x0000000089e00000, 0x000000008de00000, 0x00000000d8a00000)
  object space 65536K, 13% used [0x0000000089e00000,0x000000008a6be0b0,0x000000008de00000)
 Metaspace       used 28625K, capacity 29498K, committed 29568K, reserved 1075200K
  class space    used 3741K, capacity 3956K, committed 3968K, reserved 1048576K
GC Heap History (10 events):
Event: 4.287 GC heap before
{Heap before GC invocations=1 (full 0):
 PSYoungGen      total 35840K, used 30720K [0x00000000d8a00000, 0x00000000db200000, 0x0000000100000000)
  eden space 30720K, 100% used [0x00000000d8a00000,0x00000000da800000,0x00000000da800000)
  from space 5120K, 0% used [0x00000000dad00000,0x00000000dad00000,0x00000000db200000)
  to   space 5120K, 0% used [0x00000000da800000,0x00000000da800000,0x00000000dad00000)
 ParOldGen       total 81920K, used 0K [0x0000000089e00000, 0x000000008ee00000, 0x00000000d8a00000)
  object space 81920K, 0% used [0x0000000089e00000,0x0000000089e00000,0x000000008ee00000)
 Metaspace       used 15510K, capacity 16144K, committed 16256K, reserved 1062912K
  class space    used 2181K, capacity 2357K, committed 2432K, reserved 1048576K
Event: 4.296 GC heap after
Heap after GC invocations=1 (full 0):
 PSYoungGen      total 35840K, used 4544K [0x00000000d8a00000, 0x00000000db200000, 0x0000000100000000)
  eden space 30720K, 0% used [0x00000000d8a00000,0x00000000d8a00000,0x00000000da800000)
  from space 5120K, 88% used [0x00000000da800000,0x00000000dac70208,0x00000000dad00000)
  to   space 5120K, 0% used [0x00000000dad00000,0x00000000dad00000,0x00000000db200000)
 ParOldGen       total 81920K, used 80K [0x0000000089e00000, 0x000000008ee00000, 0x00000000d8a00000)
  object space 81920K, 0% used [0x0000000089e00000,0x0000000089e14010,0x000000008ee00000)
 Metaspace       used 15510K, capacity 16144K, committed 16256K, reserved 1062912K
  class space    used 2181K, capacity 2357K, committed 2432K, reserved 1048576K
}
Event: 6.144 GC heap before
{Heap before GC invocations=2 (full 0):
 PSYoungGen      total 35840K, used 27496K [0x00000000d8a00000, 0x00000000db200000, 0x0000000100000000)
  eden space 30720K, 74% used [0x00000000d8a00000,0x00000000da069ed8,0x00000000da800000)
  from space 5120K, 88% used [0x00000000da800000,0x00000000dac70208,0x00000000dad00000)
  to   space 5120K, 0% used [0x00000000dad00000,0x00000000dad00000,0x00000000db200000)
 ParOldGen       total 81920K, used 80K [0x0000000089e00000, 0x000000008ee00000, 0x00000000d8a00000)
  object space 81920K, 0% used [0x0000000089e00000,0x0000000089e14010,0x000000008ee00000)
 Metaspace       used 20411K, capacity 21244K, committed 21296K, reserved 1067008K
  class space    used 2755K, capacity 2931K, committed 2944K, reserved 1048576K
Event: 6.157 GC heap after
Heap after GC invocations=2 (full 0):
 PSYoungGen      total 35840K, used 5118K [0x00000000d8a00000, 0x00000000db200000, 0x0000000100000000)
  eden space 30720K, 0% used [0x00000000d8a00000,0x00000000d8a00000,0x00000000da800000)
  from space 5120K, 99% used [0x00000000dad00000,0x00000000db1ffad8,0x00000000db200000)
  to   space 5120K, 0% used [0x00000000da800000,0x00000000da800000,0x00000000dad00000)
 ParOldGen       total 81920K, used 3991K [0x0000000089e00000, 0x000000008ee00000, 0x00000000d8a00000)
  object space 81920K, 4% used [0x0000000089e00000,0x000000008a1e5e38,0x000000008ee00000)
 Metaspace       used 20411K, capacity 21244K, committed 21296K, reserved 1067008K
  class space    used 2755K, capacity 2931K, committed 2944K, reserved 1048576K
}
Event: 6.157 GC heap before
{Heap before GC invocations=3 (full 1):
 PSYoungGen      total 35840K, used 5118K [0x00000000d8a00000, 0x00000000db200000, 0x0000000100000000)
  eden space 30720K, 0% used [0x00000000d8a00000,0x00000000d8a00000,0x00000000da800000)
  from space 5120K, 99% used [0x00000000dad00000,0x00000000db1ffad8,0x00000000db200000)
  to   space 5120K, 0% used [0x00000000da800000,0x00000000da800000,0x00000000dad00000)
 ParOldGen       total 81920K, used 3991K [0x0000000089e00000, 0x000000008ee00000, 0x00000000d8a00000)
  object space 81920K, 4% used [0x0000000089e00000,0x000000008a1e5e38,0x000000008ee00000)
 Metaspace       used 20411K, capacity 21244K, committed 21296K, reserved 1067008K
  class space    used 2755K, capacity 2931K, committed 2944K, reserved 1048576K
Event: 6.216 GC heap after
Heap after GC invocations=3 (full 1):
 PSYoungGen      total 35840K, used 0K [0x00000000d8a00000, 0x00000000db200000, 0x0000000100000000)
  eden space 30720K, 0% used [0x00000000d8a00000,0x00000000d8a00000,0x00000000da800000)
  from space 5120K, 0% used [0x00000000dad00000,0x00000000dad00000,0x00000000db200000)
  to   space 5120K, 0% used [0x00000000da800000,0x00000000da800000,0x00000000dad00000)
 ParOldGen       total 65536K, used 8944K [0x0000000089e00000, 0x000000008de00000, 0x00000000d8a00000)
  object space 65536K, 13% used [0x0000000089e00000,0x000000008a6bc0b0,0x000000008de00000)
 Metaspace       used 20411K, capacity 21244K, committed 21296K, reserved 1067008K
  class space    used 2755K, capacity 2931K, committed 2944K, reserved 1048576K
}
Event: 6.809 GC heap before
{Heap before GC invocations=4 (full 1):
 PSYoungGen      total 35840K, used 30720K [0x00000000d8a00000, 0x00000000db200000, 0x0000000100000000)
  eden space 30720K, 100% used [0x00000000d8a00000,0x00000000da800000,0x00000000da800000)
  from space 5120K, 0% used [0x00000000dad00000,0x00000000dad00000,0x00000000db200000)
  to   space 5120K, 0% used [0x00000000da800000,0x00000000da800000,0x00000000dad00000)
 ParOldGen       total 65536K, used 8944K [0x0000000089e00000, 0x000000008de00000, 0x00000000d8a00000)
  object space 65536K, 13% used [0x0000000089e00000,0x000000008a6bc0b0,0x000000008de00000)
 Metaspace       used 24431K, capacity 25244K, committed 25600K, reserved 1071104K
  class space    used 3284K, capacity 3475K, committed 3584K, reserved 1048576K
Event: 6.813 GC heap after
Heap after GC invocations=4 (full 1):
 PSYoungGen      total 35840K, used 3782K [0x00000000d8a00000, 0x00000000dbc80000, 0x0000000100000000)
  eden space 30720K, 0% used [0x00000000d8a00000,0x00000000d8a00000,0x00000000da800000)
  from space 5120K, 73% used [0x00000000da800000,0x00000000dabb1870,0x00000000dad00000)
  to   space 5120K, 0% used [0x00000000db780000,0x00000000db780000,0x00000000dbc80000)
 ParOldGen       total 65536K, used 8944K [0x0000000089e00000, 0x000000008de00000, 0x00000000d8a00000)
  object space 65536K, 13% used [0x0000000089e00000,0x000000008a6bc0b0,0x000000008de00000)
 Metaspace       used 24431K, capacity 25244K, committed 25600K, reserved 1071104K
  class space    used 3284K, capacity 3475K, committed 3584K, reserved 1048576K
}
Event: 9.752 GC heap before
{Heap before GC invocations=5 (full 1):
 PSYoungGen      total 35840K, used 34502K [0x00000000d8a00000, 0x00000000dbc80000, 0x0000000100000000)
  eden space 30720K, 100% used [0x00000000d8a00000,0x00000000da800000,0x00000000da800000)
  from space 5120K, 73% used [0x00000000da800000,0x00000000dabb1870,0x00000000dad00000)
  to   space 5120K, 0% used [0x00000000db780000,0x00000000db780000,0x00000000dbc80000)
 ParOldGen       total 65536K, used 8944K [0x0000000089e00000, 0x000000008de00000, 0x00000000d8a00000)
  object space 65536K, 13% used [0x0000000089e00000,0x000000008a6bc0b0,0x000000008de00000)
 Metaspace       used 27592K, capacity 28446K, committed 28800K, reserved 1075200K
  class space    used 3648K, capacity 3850K, committed 3968K, reserved 1048576K
Event: 9.759 GC heap after
Heap after GC invocations=5 (full 1):
 PSYoungGen      total 45568K, used 4606K [0x00000000d8a00000, 0x00000000dbc00000, 0x0000000100000000)
  eden space 40960K, 0% used [0x00000000d8a00000,0x00000000d8a00000,0x00000000db200000)
  from space 4608K, 99% used [0x00000000db780000,0x00000000dbbffaf0,0x00000000dbc00000)
  to   space 5120K, 0% used [0x00000000db200000,0x00000000db200000,0x00000000db700000)
 ParOldGen       total 65536K, used 8952K [0x0000000089e00000, 0x000000008de00000, 0x00000000d8a00000)
  object space 65536K, 13% used [0x0000000089e00000,0x000000008a6be0b0,0x000000008de00000)
 Metaspace       used 27592K, capacity 28446K, committed 28800K, reserved 1075200K
  class space    used 3648K, capacity 3850K, committed 3968K, reserved 1048576K
}

