# JRE version: Java(TM) SE Runtime Environment (8.0_101-b13) (build 1.8.0_101-b13)
# Java VM: Java HotSpot(TM) 64-Bit Server VM (25.101-b13 mixed mode linux-amd64 compressed oops)
Heap:
 PSYoungGen      total 55808K, used 16621K [0x00000000d8a00000, 0x00000000dcf00000, 0x0000000100000000)
  eden space 51712K, 24% used [0x00000000d8a00000,0x00000000d963f508,0x00000000dbc80000)
  from space 4096K, 99% used [0x00000000dcb00000,0x00000000dcefc1b8,0x00000000dcf00000)
  to   space 5120K, 0% used [0x00000000dc500000,0x00000000dc500000,0x00000000dca00000)
 ParOldGen       total 55808K, used 9739K [0x0000000089e00000, 0x000000008d480000, 0x00000000d8a00000)
  object space 55808K, 17% used [0x0000000089e00000,0x000000008a782dd8,0x000000008d480000)
 Metaspace       used 26712K, capacity 27736K, committed 28032K, reserved 1073152K
  class space    used 3440K, capacity 3664K, committed 3712K, reserved 1048576K
GC Heap History (10 events):
Event: 4.250 GC heap before
{Heap before GC invocations=1 (full 0):
 PSYoungGen      total 35840K, used 30720K [0x00000000d8a00000, 0x00000000db200000, 0x0000000100000000)
  eden space 30720K, 100% used [0x00000000d8a00000,0x00000000da800000,0x00000000da800000)
  from space 5120K, 0% used [0x00000000dad00000,0x00000000dad00000,0x00000000db200000)
  to   space 5120K, 0% used [0x00000000da800000,0x00000000da800000,0x00000000dad00000)
 ParOldGen       total 81920K, used 0K [0x0000000089e00000, 0x000000008ee00000, 0x00000000d8a00000)
  object space 81920K, 0% used [0x0000000089e00000,0x0000000089e00000,0x000000008ee00000)
 Metaspace       used 14598K, capacity 15230K, committed 15232K, reserved 1062912K
  class space    used 1995K, capacity 2176K, committed 2176K, reserved 1048576K
Event: 4.259 GC heap after
Heap after GC invocations=1 (full 0):
 PSYoungGen      total 35840K, used 4018K [0x00000000d8a00000, 0x00000000db200000, 0x0000000100000000)
  eden space 30720K, 0% used [0x00000000d8a00000,0x00000000d8a00000,0x00000000da800000)
  from space 5120K, 78% used [0x00000000da800000,0x00000000dabecbb0,0x00000000dad00000)
  to   space 5120K, 0% used [0x00000000dad00000,0x00000000dad00000,0x00000000db200000)
 ParOldGen       total 81920K, used 8K [0x0000000089e00000, 0x000000008ee00000, 0x00000000d8a00000)
  object space 81920K, 0% used [0x0000000089e00000,0x0000000089e02000,0x000000008ee00000)
 Metaspace       used 14598K, capacity 15230K, committed 15232K, reserved 1062912K
  class space    used 1995K, capacity 2176K, committed 2176K, reserved 1048576K
}
Event: 6.267 GC heap before
{Heap before GC invocations=2 (full 0):
 PSYoungGen      total 35840K, used 34738K [0x00000000d8a00000, 0x00000000db200000, 0x0000000100000000)
  eden space 30720K, 100% used [0x00000000d8a00000,0x00000000da800000,0x00000000da800000)
  from space 5120K, 78% used [0x00000000da800000,0x00000000dabecbb0,0x00000000dad00000)
  to   space 5120K, 0% used [0x00000000dad00000,0x00000000dad00000,0x00000000db200000)
 ParOldGen       total 81920K, used 8K [0x0000000089e00000, 0x000000008ee00000, 0x00000000d8a00000)
  object space 81920K, 0% used [0x0000000089e00000,0x0000000089e02000,0x000000008ee00000)
 Metaspace       used 19498K, capacity 20234K, committed 20480K, reserved 1067008K
  class space    used 2570K, capacity 2769K, committed 2816K, reserved 1048576K
Event: 6.288 GC heap after
Heap after GC invocations=2 (full 0):
 PSYoungGen      total 35840K, used 5108K [0x00000000d8a00000, 0x00000000db200000, 0x0000000100000000)
  eden space 30720K, 0% used [0x00000000d8a00000,0x00000000d8a00000,0x00000000da800000)
  from space 5120K, 99% used [0x00000000dad00000,0x00000000db1fd1f0,0x00000000db200000)
  to   space 5120K, 0% used [0x00000000da800000,0x00000000da800000,0x00000000dad00000)
 ParOldGen       total 81920K, used 5599K [0x0000000089e00000, 0x000000008ee00000, 0x00000000d8a00000)
  object space 81920K, 6% used [0x0000000089e00000,0x000000008a377da8,0x000000008ee00000)
 Metaspace       used 19498K, capacity 20234K, committed 20480K, reserved 1067008K
  class space    used 2570K, capacity 2769K, committed 2816K, reserved 1048576K
}
Event: 6.624 GC heap before
{Heap before GC invocations=3 (full 0):
 PSYoungGen      total 35840K, used 11526K [0x00000000d8a00000, 0x00000000db200000, 0x0000000100000000)
  eden space 30720K, 20% used [0x00000000d8a00000,0x00000000d9044850,0x00000000da800000)
  from space 5120K, 99% used [0x00000000dad00000,0x00000000db1fd1f0,0x00000000db200000)
  to   space 5120K, 0% used [0x00000000da800000,0x00000000da800000,0x00000000dad00000)
 ParOldGen       total 81920K, used 5599K [0x0000000089e00000, 0x000000008ee00000, 0x00000000d8a00000)
  object space 81920K, 6% used [0x0000000089e00000,0x000000008a377da8,0x000000008ee00000)
 Metaspace       used 20533K, capacity 21200K, committed 21296K, reserved 1067008K
  class space    used 2708K, capacity 2898K, committed 2944K, reserved 1048576K
Event: 6.637 GC heap after
Heap after GC invocations=3 (full 0):
 PSYoungGen      total 35840K, used 5091K [0x00000000d8a00000, 0x00000000dd000000, 0x0000000100000000)
  eden space 30720K, 0% used [0x00000000d8a00000,0x00000000d8a00000,0x00000000da800000)
  from space 5120K, 99% used [0x00000000da800000,0x00000000dacf8c20,0x00000000dad00000)
  to   space 5120K, 0% used [0x00000000dcb00000,0x00000000dcb00000,0x00000000dd000000)
 ParOldGen       total 81920K, used 6601K [0x0000000089e00000, 0x000000008ee00000, 0x00000000d8a00000)
  object space 81920K, 8% used [0x0000000089e00000,0x000000008a4726a8,0x000000008ee00000)
 Metaspace       used 20533K, capacity 21200K, committed 21296K, reserved 1067008K
  class space    used 2708K, capacity 2898K, committed 2944K, reserved 1048576K
}
Event: 6.637 GC heap before
{Heap before GC invocations=4 (full 1):
 PSYoungGen      total 35840K, used 5091K [0x00000000d8a00000, 0x00000000dd000000, 0x0000000100000000)
  eden space 30720K, 0% used [0x00000000d8a00000,0x00000000d8a00000,0x00000000da800000)
  from space 5120K, 99% used [0x00000000da800000,0x00000000dacf8c20,0x00000000dad00000)
  to   space 5120K, 0% used [0x00000000dcb00000,0x00000000dcb00000,0x00000000dd000000)
 ParOldGen       total 81920K, used 6601K [0x0000000089e00000, 0x000000008ee00000, 0x00000000d8a00000)
  object space 81920K, 8% used [0x0000000089e00000,0x000000008a4726a8,0x000000008ee00000)
 Metaspace       used 20533K, capacity 21200K, committed 21296K, reserved 1067008K
  class space    used 2708K, capacity 2898K, committed 2944K, reserved 1048576K
Event: 6.679 GC heap after
Heap after GC invocations=4 (full 1):
 PSYoungGen      total 35840K, used 0K [0x00000000d8a00000, 0x00000000dd000000, 0x0000000100000000)
  eden space 30720K, 0% used [0x00000000d8a00000,0x00000000d8a00000,0x00000000da800000)
  from space 5120K, 0% used [0x00000000da800000,0x00000000da800000,0x00000000dad00000)
  to   space 5120K, 0% used [0x00000000dcb00000,0x00000000dcb00000,0x00000000dd000000)
 ParOldGen       total 55808K, used 9731K [0x0000000089e00000, 0x000000008d480000, 0x00000000d8a00000)
  object space 55808K, 17% used [0x0000000089e00000,0x000000008a780dd8,0x000000008d480000)
 Metaspace       used 20533K, capacity 21200K, committed 21296K, reserved 1067008K
  class space    used 2708K, capacity 2898K, committed 2944K, reserved 1048576K
}
Event: 12.927 GC heap before
{Heap before GC invocations=5 (full 1):
 PSYoungGen      total 35840K, used 30720K [0x00000000d8a00000, 0x00000000dd000000, 0x0000000100000000)
  eden space 30720K, 100% used [0x00000000d8a00000,0x00000000da800000,0x00000000da800000)
  from space 5120K, 0% used [0x00000000da800000,0x00000000da800000,0x00000000dad00000)
  to   space 5120K, 0% used [0x00000000dcb00000,0x00000000dcb00000,0x00000000dd000000)
 ParOldGen       total 55808K, used 9731K [0x0000000089e00000, 0x000000008d480000, 0x00000000d8a00000)
  object space 55808K, 17% used [0x0000000089e00000,0x000000008a780dd8,0x000000008d480000)
 Metaspace       used 26326K, capacity 27250K, committed 27520K, reserved 1073152K
  class space    used 3424K, capacity 3655K, committed 3712K, reserved 1048576K
Event: 12.937 GC heap after
Heap after GC invocations=5 (full 1):
 PSYoungGen      total 55808K, used 4080K [0x00000000d8a00000, 0x00000000dcf00000, 0x0000000100000000)
  eden space 51712K, 0% used [0x00000000d8a00000,0x00000000d8a00000,0x00000000dbc80000)
  from space 4096K, 99% used [0x00000000dcb00000,0x00000000dcefc1b8,0x00000000dcf00000)
  to   space 5120K, 0% used [0x00000000dc500000,0x00000000dc500000,0x00000000dca00000)
 ParOldGen       total 55808K, used 9739K [0x0000000089e00000, 0x000000008d480000, 0x00000000d8a00000)
  object space 55808K, 17% used [0x0000000089e00000,0x000000008a782dd8,0x000000008d480000)
 Metaspace       used 26326K, capacity 27250K, committed 27520K, reserved 1073152K
  class space    used 3424K, capacity 3655K, committed 3712K, reserved 1048576K
}

