# JRE version: Java(TM) SE Runtime Environment (8.0_111-b14) (build 1.8.0_111-b14)
# Java VM: Java HotSpot(TM) 64-Bit Server VM (25.111-b14 mixed mode linux-amd64 compressed oops)
Heap:
 PSYoungGen      total 83456K, used 75935K [0x00000000d8a00000, 0x00000000dfa00000, 0x0000000100000000)
  eden space 72704K, 89% used [0x00000000d8a00000,0x00000000dc9ae6b8,0x00000000dd100000)
  from space 10752K, 99% used [0x00000000ddd80000,0x00000000de7f95d0,0x00000000de800000)
  to   space 12800K, 0% used [0x00000000dd100000,0x00000000dd100000,0x00000000ddd80000)
 ParOldGen       total 56320K, used 13477K [0x0000000089e00000, 0x000000008d500000, 0x00000000d8a00000)
  object space 56320K, 23% used [0x0000000089e00000,0x000000008ab29638,0x000000008d500000)
 Metaspace       used 28490K, capacity 30444K, committed 30720K, reserved 1075200K
  class space    used 3993K, capacity 4319K, committed 4352K, reserved 1048576K
GC Heap History (10 events):
Event: 3.293 GC heap before
{Heap before GC invocations=3 (full 0):
 PSYoungGen      total 35840K, used 12452K [0x00000000d8a00000, 0x00000000db200000, 0x0000000100000000)
  eden space 30720K, 23% used [0x00000000d8a00000,0x00000000d912db10,0x00000000da800000)
  from space 5120K, 99% used [0x00000000dad00000,0x00000000db1fb798,0x00000000db200000)
  to   space 5120K, 0% used [0x00000000da800000,0x00000000da800000,0x00000000dad00000)
 ParOldGen       total 81920K, used 19718K [0x0000000089e00000, 0x000000008ee00000, 0x00000000d8a00000)
  object space 81920K, 24% used [0x0000000089e00000,0x000000008b141868,0x000000008ee00000)
 Metaspace       used 20253K, capacity 21034K, committed 21248K, reserved 1067008K
  class space    used 2769K, capacity 2988K, committed 3072K, reserved 1048576K
Event: 3.304 GC heap after
Heap after GC invocations=3 (full 0):
 PSYoungGen      total 35840K, used 5101K [0x00000000d8a00000, 0x00000000dd000000, 0x0000000100000000)
  eden space 30720K, 0% used [0x00000000d8a00000,0x00000000d8a00000,0x00000000da800000)
  from space 5120K, 99% used [0x00000000da800000,0x00000000dacfb798,0x00000000dad00000)
  to   space 5120K, 0% used [0x00000000dcb00000,0x00000000dcb00000,0x00000000dd000000)
 ParOldGen       total 81920K, used 20884K [0x0000000089e00000, 0x000000008ee00000, 0x00000000d8a00000)
  object space 81920K, 25% used [0x0000000089e00000,0x000000008b265220,0x000000008ee00000)
 Metaspace       used 20253K, capacity 21034K, committed 21248K, reserved 1067008K
  class space    used 2769K, capacity 2988K, committed 3072K, reserved 1048576K
}
Event: 3.304 GC heap before
{Heap before GC invocations=4 (full 1):
 PSYoungGen      total 35840K, used 5101K [0x00000000d8a00000, 0x00000000dd000000, 0x0000000100000000)
  eden space 30720K, 0% used [0x00000000d8a00000,0x00000000d8a00000,0x00000000da800000)
  from space 5120K, 99% used [0x00000000da800000,0x00000000dacfb798,0x00000000dad00000)
  to   space 5120K, 0% used [0x00000000dcb00000,0x00000000dcb00000,0x00000000dd000000)
 ParOldGen       total 81920K, used 20884K [0x0000000089e00000, 0x000000008ee00000, 0x00000000d8a00000)
  object space 81920K, 25% used [0x0000000089e00000,0x000000008b265220,0x000000008ee00000)
 Metaspace       used 20253K, capacity 21034K, committed 21248K, reserved 1067008K
  class space    used 2769K, capacity 2988K, committed 3072K, reserved 1048576K
Event: 3.343 GC heap after
Heap after GC invocations=4 (full 1):
 PSYoungGen      total 35840K, used 0K [0x00000000d8a00000, 0x00000000dd000000, 0x0000000100000000)
  eden space 30720K, 0% used [0x00000000d8a00000,0x00000000d8a00000,0x00000000da800000)
  from space 5120K, 0% used [0x00000000da800000,0x00000000da800000,0x00000000dad00000)
  to   space 5120K, 0% used [0x00000000dcb00000,0x00000000dcb00000,0x00000000dd000000)
 ParOldGen       total 56320K, used 8334K [0x0000000089e00000, 0x000000008d500000, 0x00000000d8a00000)
  object space 56320K, 14% used [0x0000000089e00000,0x000000008a623a40,0x000000008d500000)
 Metaspace       used 20253K, capacity 21034K, committed 21248K, reserved 1067008K
  class space    used 2769K, capacity 2988K, committed 3072K, reserved 1048576K
}
Event: 4.816 GC heap before
{Heap before GC invocations=5 (full 1):
 PSYoungGen      total 35840K, used 30720K [0x00000000d8a00000, 0x00000000dd000000, 0x0000000100000000)
  eden space 30720K, 100% used [0x00000000d8a00000,0x00000000da800000,0x00000000da800000)
  from space 5120K, 0% used [0x00000000da800000,0x00000000da800000,0x00000000dad00000)
  to   space 5120K, 0% used [0x00000000dcb00000,0x00000000dcb00000,0x00000000dd000000)
 ParOldGen       total 56320K, used 8334K [0x0000000089e00000, 0x000000008d500000, 0x00000000d8a00000)
  object space 56320K, 14% used [0x0000000089e00000,0x000000008a623a40,0x000000008d500000)
 Metaspace       used 23684K, capacity 24730K, committed 24960K, reserved 1071104K
  class space    used 3388K, capacity 3626K, committed 3712K, reserved 1048576K
Event: 4.822 GC heap after
Heap after GC invocations=5 (full 1):
 PSYoungGen      total 54272K, used 5083K [0x00000000d8a00000, 0x00000000dd000000, 0x0000000100000000)
  eden space 49152K, 0% used [0x00000000d8a00000,0x00000000d8a00000,0x00000000dba00000)
  from space 5120K, 99% used [0x00000000dcb00000,0x00000000dcff6f58,0x00000000dd000000)
  to   space 5120K, 0% used [0x00000000dc600000,0x00000000dc600000,0x00000000dcb00000)
 ParOldGen       total 56320K, used 8342K [0x0000000089e00000, 0x000000008d500000, 0x00000000d8a00000)
  object space 56320K, 14% used [0x0000000089e00000,0x000000008a625a40,0x000000008d500000)
 Metaspace       used 23684K, capacity 24730K, committed 24960K, reserved 1071104K
  class space    used 3388K, capacity 3626K, committed 3712K, reserved 1048576K
}
Event: 15.502 GC heap before
{Heap before GC invocations=6 (full 1):
 PSYoungGen      total 54272K, used 54235K [0x00000000d8a00000, 0x00000000dd000000, 0x0000000100000000)
  eden space 49152K, 100% used [0x00000000d8a00000,0x00000000dba00000,0x00000000dba00000)
  from space 5120K, 99% used [0x00000000dcb00000,0x00000000dcff6f58,0x00000000dd000000)
  to   space 5120K, 0% used [0x00000000dc600000,0x00000000dc600000,0x00000000dcb00000)
 ParOldGen       total 56320K, used 8342K [0x0000000089e00000, 0x000000008d500000, 0x00000000d8a00000)
  object space 56320K, 14% used [0x0000000089e00000,0x000000008a625a40,0x000000008d500000)
 Metaspace       used 25378K, capacity 26690K, committed 26880K, reserved 1073152K
  class space    used 3528K, capacity 3790K, committed 3840K, reserved 1048576K
Event: 15.511 GC heap after
Heap after GC invocations=6 (full 1):
 PSYoungGen      total 66560K, used 5098K [0x00000000d8a00000, 0x00000000de800000, 0x0000000100000000)
  eden space 61440K, 0% used [0x00000000d8a00000,0x00000000d8a00000,0x00000000dc600000)
  from space 5120K, 99% used [0x00000000dc600000,0x00000000dcafaa08,0x00000000dcb00000)
  to   space 10752K, 0% used [0x00000000ddd80000,0x00000000ddd80000,0x00000000de800000)
 ParOldGen       total 56320K, used 13037K [0x0000000089e00000, 0x000000008d500000, 0x00000000d8a00000)
  object space 56320K, 23% used [0x0000000089e00000,0x000000008aabb638,0x000000008d500000)
 Metaspace       used 25378K, capacity 26690K, committed 26880K, reserved 1073152K
  class space    used 3528K, capacity 3790K, committed 3840K, reserved 1048576K
}
Event: 128.805 GC heap before
{Heap before GC invocations=7 (full 1):
 PSYoungGen      total 66560K, used 66538K [0x00000000d8a00000, 0x00000000de800000, 0x0000000100000000)
  eden space 61440K, 100% used [0x00000000d8a00000,0x00000000dc600000,0x00000000dc600000)
  from space 5120K, 99% used [0x00000000dc600000,0x00000000dcafaa08,0x00000000dcb00000)
  to   space 10752K, 0% used [0x00000000ddd80000,0x00000000ddd80000,0x00000000de800000)
 ParOldGen       total 56320K, used 13037K [0x0000000089e00000, 0x000000008d500000, 0x00000000d8a00000)
  object space 56320K, 23% used [0x0000000089e00000,0x000000008aabb638,0x000000008d500000)
 Metaspace       used 27698K, capacity 29544K, committed 29568K, reserved 1075200K
  class space    used 3890K, capacity 4223K, committed 4224K, reserved 1048576K
Event: 128.831 GC heap after
Heap after GC invocations=7 (full 1):
 PSYoungGen      total 83456K, used 10725K [0x00000000d8a00000, 0x00000000dfa00000, 0x0000000100000000)
  eden space 72704K, 0% used [0x00000000d8a00000,0x00000000d8a00000,0x00000000dd100000)
  from space 10752K, 99% used [0x00000000ddd80000,0x00000000de7f95d0,0x00000000de800000)
  to   space 12800K, 0% used [0x00000000dd100000,0x00000000dd100000,0x00000000ddd80000)
 ParOldGen       total 56320K, used 13477K [0x0000000089e00000, 0x000000008d500000, 0x00000000d8a00000)
  object space 56320K, 23% used [0x0000000089e00000,0x000000008ab29638,0x000000008d500000)
 Metaspace       used 27698K, capacity 29544K, committed 29568K, reserved 1075200K
  class space    used 3890K, capacity 4223K, committed 4224K, reserved 1048576K
}

