# JRE version: Java(TM) SE Runtime Environment (8.0_101-b13) (build 1.8.0_101-b13)
# Java VM: Java HotSpot(TM) Client VM (25.101-b13 mixed mode windows-x86 )
Heap:
 def new generation   total 8256K, used 5974K [0x04a00000, 0x052f0000, 0x09f50000)
  eden space 7360K,  76% used [0x04a00000, 0x04f86c10, 0x05130000)
  from space 896K,  35% used [0x05130000, 0x0517eda8, 0x05210000)
  to   space 896K,   0% used [0x05210000, 0x05210000, 0x052f0000)
 tenured generation   total 18232K, used 13541K [0x09f50000, 0x0b11e000, 0x14a00000)
   the space 18232K,  74% used [0x09f50000, 0x0ac89510, 0x0ac89600, 0x0b11e000)
 Metaspace       used 15666K, capacity 16304K, committed 16384K, reserved 16768K
GC Heap History (10 events):
Event: 2.791 GC heap before
{Heap before GC invocations=14 (full 1):
 def new generation   total 8256K, used 8255K [0x04a00000, 0x052f0000, 0x09f50000)
  eden space 7360K, 100% used [0x04a00000, 0x05130000, 0x05130000)
  from space 896K,  99% used [0x05210000, 0x052efff8, 0x052f0000)
  to   space 896K,   0% used [0x05130000, 0x05130000, 0x05210000)
 tenured generation   total 18232K, used 11468K [0x09f50000, 0x0b11e000, 0x14a00000)
   the space 18232K,  62% used [0x09f50000, 0x0aa83278, 0x0aa83400, 0x0b11e000)
 Metaspace       used 13619K, capacity 14130K, committed 14208K, reserved 14720K
Event: 2.794 GC heap after
Heap after GC invocations=15 (full 1):
 def new generation   total 8256K, used 896K [0x04a00000, 0x052f0000, 0x09f50000)
  eden space 7360K,   0% used [0x04a00000, 0x04a00000, 0x05130000)
  from space 896K, 100% used [0x05130000, 0x05210000, 0x05210000)
  to   space 896K,   0% used [0x05210000, 0x05210000, 0x052f0000)
 tenured generation   total 18232K, used 12627K [0x09f50000, 0x0b11e000, 0x14a00000)
   the space 18232K,  69% used [0x09f50000, 0x0aba4ed0, 0x0aba5000, 0x0b11e000)
 Metaspace       used 13619K, capacity 14130K, committed 14208K, reserved 14720K
}
Event: 3.114 GC heap before
{Heap before GC invocations=15 (full 1):
 def new generation   total 8256K, used 8256K [0x04a00000, 0x052f0000, 0x09f50000)
  eden space 7360K, 100% used [0x04a00000, 0x05130000, 0x05130000)
  from space 896K, 100% used [0x05130000, 0x05210000, 0x05210000)
  to   space 896K,   0% used [0x05210000, 0x05210000, 0x052f0000)
 tenured generation   total 18232K, used 12627K [0x09f50000, 0x0b11e000, 0x14a00000)
   the space 18232K,  69% used [0x09f50000, 0x0aba4ed0, 0x0aba5000, 0x0b11e000)
 Metaspace       used 14411K, capacity 14935K, committed 14976K, reserved 15744K
Event: 3.117 GC heap after
Heap after GC invocations=16 (full 1):
 def new generation   total 8256K, used 896K [0x04a00000, 0x052f0000, 0x09f50000)
  eden space 7360K,   0% used [0x04a00000, 0x04a00000, 0x05130000)
  from space 896K, 100% used [0x05210000, 0x052f0000, 0x052f0000)
  to   space 896K,   0% used [0x05130000, 0x05130000, 0x05210000)
 tenured generation   total 18232K, used 13041K [0x09f50000, 0x0b11e000, 0x14a00000)
   the space 18232K,  71% used [0x09f50000, 0x0ac0c630, 0x0ac0c800, 0x0b11e000)
 Metaspace       used 14411K, capacity 14935K, committed 14976K, reserved 15744K
}
Event: 5.438 GC heap before
{Heap before GC invocations=16 (full 1):
 def new generation   total 8256K, used 8256K [0x04a00000, 0x052f0000, 0x09f50000)
  eden space 7360K, 100% used [0x04a00000, 0x05130000, 0x05130000)
  from space 896K, 100% used [0x05210000, 0x052f0000, 0x052f0000)
  to   space 896K,   0% used [0x05130000, 0x05130000, 0x05210000)
 tenured generation   total 18232K, used 13041K [0x09f50000, 0x0b11e000, 0x14a00000)
   the space 18232K,  71% used [0x09f50000, 0x0ac0c630, 0x0ac0c800, 0x0b11e000)
 Metaspace       used 15519K, capacity 16109K, committed 16128K, reserved 16768K
Event: 5.443 GC heap after
Heap after GC invocations=17 (full 1):
 def new generation   total 8256K, used 393K [0x04a00000, 0x052f0000, 0x09f50000)
  eden space 7360K,   0% used [0x04a00000, 0x04a00000, 0x05130000)
  from space 896K,  43% used [0x05130000, 0x05192728, 0x05210000)
  to   space 896K,   0% used [0x05210000, 0x05210000, 0x052f0000)
 tenured generation   total 18232K, used 13205K [0x09f50000, 0x0b11e000, 0x14a00000)
   the space 18232K,  72% used [0x09f50000, 0x0ac35638, 0x0ac35800, 0x0b11e000)
 Metaspace       used 15519K, capacity 16109K, committed 16128K, reserved 16768K
}
Event: 11.032 GC heap before
{Heap before GC invocations=17 (full 1):
 def new generation   total 8256K, used 7753K [0x04a00000, 0x052f0000, 0x09f50000)
  eden space 7360K, 100% used [0x04a00000, 0x05130000, 0x05130000)
  from space 896K,  43% used [0x05130000, 0x05192728, 0x05210000)
  to   space 896K,   0% used [0x05210000, 0x05210000, 0x052f0000)
 tenured generation   total 18232K, used 13205K [0x09f50000, 0x0b11e000, 0x14a00000)
   the space 18232K,  72% used [0x09f50000, 0x0ac35638, 0x0ac35800, 0x0b11e000)
 Metaspace       used 15637K, capacity 16262K, committed 16384K, reserved 16768K
Event: 11.035 GC heap after
Heap after GC invocations=18 (full 1):
 def new generation   total 8256K, used 728K [0x04a00000, 0x052f0000, 0x09f50000)
  eden space 7360K,   0% used [0x04a00000, 0x04a00000, 0x05130000)
  from space 896K,  81% used [0x05210000, 0x052c63c8, 0x052f0000)
  to   space 896K,   0% used [0x05130000, 0x05130000, 0x05210000)
 tenured generation   total 18232K, used 13205K [0x09f50000, 0x0b11e000, 0x14a00000)
   the space 18232K,  72% used [0x09f50000, 0x0ac35638, 0x0ac35800, 0x0b11e000)
 Metaspace       used 15637K, capacity 16262K, committed 16384K, reserved 16768K
}
Event: 26.175 GC heap before
{Heap before GC invocations=18 (full 1):
 def new generation   total 8256K, used 8088K [0x04a00000, 0x052f0000, 0x09f50000)
  eden space 7360K, 100% used [0x04a00000, 0x05130000, 0x05130000)
  from space 896K,  81% used [0x05210000, 0x052c63c8, 0x052f0000)
  to   space 896K,   0% used [0x05130000, 0x05130000, 0x05210000)
 tenured generation   total 18232K, used 13205K [0x09f50000, 0x0b11e000, 0x14a00000)
   the space 18232K,  72% used [0x09f50000, 0x0ac35638, 0x0ac35800, 0x0b11e000)
 Metaspace       used 15644K, capacity 16267K, committed 16384K, reserved 16768K
Event: 26.180 GC heap after
Heap after GC invocations=19 (full 1):
 def new generation   total 8256K, used 315K [0x04a00000, 0x052f0000, 0x09f50000)
  eden space 7360K,   0% used [0x04a00000, 0x04a00000, 0x05130000)
  from space 896K,  35% used [0x05130000, 0x0517eda8, 0x05210000)
  to   space 896K,   0% used [0x05210000, 0x05210000, 0x052f0000)
 tenured generation   total 18232K, used 13541K [0x09f50000, 0x0b11e000, 0x14a00000)
   the space 18232K,  74% used [0x09f50000, 0x0ac89510, 0x0ac89600, 0x0b11e000)
 Metaspace       used 15644K, capacity 16267K, committed 16384K, reserved 16768K
}

