# JRE version: Java(TM) SE Runtime Environment (8.0_101-b13) (build 1.8.0_101-b13)
# Java VM: Java HotSpot(TM) Client VM (25.101-b13 mixed mode, sharing windows-x86 )
Heap:
 def new generation   total 7360K, used 6370K [0x04800000, 0x04ff0000, 0x09d50000)
  eden space 6592K,  86% used [0x04800000, 0x04d8a168, 0x04e70000)
  from space 768K,  90% used [0x04e70000, 0x04f1e748, 0x04f30000)
  to   space 768K,   0% used [0x04f30000, 0x04f30000, 0x04ff0000)
 tenured generation   total 16196K, used 11072K [0x09d50000, 0x0ad21000, 0x14800000)
   the space 16196K,  68% used [0x09d50000, 0x0a8200f8, 0x0a820200, 0x0ad21000)
 Metaspace       used 11829K, capacity 12459K, committed 12544K, reserved 12672K
GC Heap History (10 events):
Event: 4.366 GC heap before
{Heap before GC invocations=14 (full 0):
 def new generation   total 4928K, used 4928K [0x04800000, 0x04d50000, 0x09d50000)
  eden space 4416K, 100% used [0x04800000, 0x04c50000, 0x04c50000)
  from space 512K, 100% used [0x04c50000, 0x04cd0000, 0x04cd0000)
  to   space 512K,   0% used [0x04cd0000, 0x04cd0000, 0x04d50000)
 tenured generation   total 10944K, used 9528K [0x09d50000, 0x0a800000, 0x14800000)
   the space 10944K,  87% used [0x09d50000, 0x0a69e068, 0x0a69e200, 0x0a800000)
 Metaspace       used 9827K, capacity 10361K, committed 10368K, reserved 10624K
Event: 4.368 GC heap after
Heap after GC invocations=15 (full 0):
 def new generation   total 4928K, used 511K [0x04800000, 0x04d50000, 0x09d50000)
  eden space 4416K,   0% used [0x04800000, 0x04800000, 0x04c50000)
  from space 512K,  99% used [0x04cd0000, 0x04d4fff8, 0x04d50000)
  to   space 512K,   0% used [0x04c50000, 0x04c50000, 0x04cd0000)
 tenured generation   total 10944K, used 9963K [0x09d50000, 0x0a800000, 0x14800000)
   the space 10944K,  91% used [0x09d50000, 0x0a70afb8, 0x0a70b000, 0x0a800000)
 Metaspace       used 9827K, capacity 10361K, committed 10368K, reserved 10624K
}
Event: 4.421 GC heap before
{Heap before GC invocations=15 (full 0):
 def new generation   total 4928K, used 4927K [0x04800000, 0x04d50000, 0x09d50000)
  eden space 4416K, 100% used [0x04800000, 0x04c50000, 0x04c50000)
  from space 512K,  99% used [0x04cd0000, 0x04d4fff8, 0x04d50000)
  to   space 512K,   0% used [0x04c50000, 0x04c50000, 0x04cd0000)
 tenured generation   total 10944K, used 9963K [0x09d50000, 0x0a800000, 0x14800000)
   the space 10944K,  91% used [0x09d50000, 0x0a70afb8, 0x0a70b000, 0x0a800000)
 Metaspace       used 10295K, capacity 10809K, committed 10880K, reserved 11648K
Event: 4.424 GC heap after
Heap after GC invocations=16 (full 0):
 def new generation   total 4928K, used 512K [0x04800000, 0x04d50000, 0x09d50000)
  eden space 4416K,   0% used [0x04800000, 0x04800000, 0x04c50000)
  from space 512K, 100% used [0x04c50000, 0x04cd0000, 0x04cd0000)
  to   space 512K,   0% used [0x04cd0000, 0x04cd0000, 0x04d50000)
 tenured generation   total 10944K, used 10324K [0x09d50000, 0x0a800000, 0x14800000)
   the space 10944K,  94% used [0x09d50000, 0x0a765218, 0x0a765400, 0x0a800000)
 Metaspace       used 10295K, capacity 10809K, committed 10880K, reserved 11648K
}
Event: 4.877 GC heap before
{Heap before GC invocations=16 (full 0):
 def new generation   total 4928K, used 4272K [0x04800000, 0x04d50000, 0x09d50000)
  eden space 4416K,  85% used [0x04800000, 0x04bac050, 0x04c50000)
  from space 512K, 100% used [0x04c50000, 0x04cd0000, 0x04cd0000)
  to   space 512K,   0% used [0x04cd0000, 0x04cd0000, 0x04d50000)
 tenured generation   total 10944K, used 10324K [0x09d50000, 0x0a800000, 0x14800000)
   the space 10944K,  94% used [0x09d50000, 0x0a765218, 0x0a765400, 0x0a800000)
 Metaspace       used 10533K, capacity 11053K, committed 11136K, reserved 11648K
Event: 4.904 GC heap after
Heap after GC invocations=17 (full 1):
 def new generation   total 7360K, used 0K [0x04800000, 0x04ff0000, 0x09d50000)
  eden space 6592K,   0% used [0x04800000, 0x04800000, 0x04e70000)
  from space 768K,   0% used [0x04e70000, 0x04e70000, 0x04f30000)
  to   space 768K,   0% used [0x04f30000, 0x04f30000, 0x04ff0000)
 tenured generation   total 16196K, used 9717K [0x09d50000, 0x0ad21000, 0x14800000)
   the space 16196K,  59% used [0x09d50000, 0x0a6cd590, 0x0a6cd600, 0x0ad21000)
 Metaspace       used 10533K, capacity 11053K, committed 11136K, reserved 11648K
}
Event: 6.735 GC heap before
{Heap before GC invocations=17 (full 1):
 def new generation   total 7360K, used 6592K [0x04800000, 0x04ff0000, 0x09d50000)
  eden space 6592K, 100% used [0x04800000, 0x04e70000, 0x04e70000)
  from space 768K,   0% used [0x04e70000, 0x04e70000, 0x04f30000)
  to   space 768K,   0% used [0x04f30000, 0x04f30000, 0x04ff0000)
 tenured generation   total 16196K, used 9717K [0x09d50000, 0x0ad21000, 0x14800000)
   the space 16196K,  59% used [0x09d50000, 0x0a6cd590, 0x0a6cd600, 0x0ad21000)
 Metaspace       used 11275K, capacity 11867K, committed 11904K, reserved 12672K
Event: 6.738 GC heap after
Heap after GC invocations=18 (full 1):
 def new generation   total 7360K, used 395K [0x04800000, 0x04ff0000, 0x09d50000)
  eden space 6592K,   0% used [0x04800000, 0x04800000, 0x04e70000)
  from space 768K,  51% used [0x04f30000, 0x04f92d28, 0x04ff0000)
  to   space 768K,   0% used [0x04e70000, 0x04e70000, 0x04f30000)
 tenured generation   total 16196K, used 10741K [0x09d50000, 0x0ad21000, 0x14800000)
   the space 16196K,  66% used [0x09d50000, 0x0a7cd5a0, 0x0a7cd600, 0x0ad21000)
 Metaspace       used 11275K, capacity 11867K, committed 11904K, reserved 12672K
}
Event: 10.811 GC heap before
{Heap before GC invocations=18 (full 1):
 def new generation   total 7360K, used 6987K [0x04800000, 0x04ff0000, 0x09d50000)
  eden space 6592K,  99% used [0x04800000, 0x04e6ffd8, 0x04e70000)
  from space 768K,  51% used [0x04f30000, 0x04f92d28, 0x04ff0000)
  to   space 768K,   0% used [0x04e70000, 0x04e70000, 0x04f30000)
 tenured generation   total 16196K, used 10741K [0x09d50000, 0x0ad21000, 0x14800000)
   the space 16196K,  66% used [0x09d50000, 0x0a7cd5a0, 0x0a7cd600, 0x0ad21000)
 Metaspace       used 11820K, capacity 12456K, committed 12544K, reserved 12672K
Event: 10.818 GC heap after
Heap after GC invocations=19 (full 1):
 def new generation   total 7360K, used 697K [0x04800000, 0x04ff0000, 0x09d50000)
  eden space 6592K,   0% used [0x04800000, 0x04800000, 0x04e70000)
  from space 768K,  90% used [0x04e70000, 0x04f1e748, 0x04f30000)
  to   space 768K,   0% used [0x04f30000, 0x04f30000, 0x04ff0000)
 tenured generation   total 16196K, used 11072K [0x09d50000, 0x0ad21000, 0x14800000)
   the space 16196K,  68% used [0x09d50000, 0x0a8200f8, 0x0a820200, 0x0ad21000)
 Metaspace       used 11820K, capacity 12456K, committed 12544K, reserved 12672K
}

