# JRE version: Java(TM) SE Runtime Environment (8.0_101-b13) (build 1.8.0_101-b13)
# Java VM: Java HotSpot(TM) 64-Bit Server VM (25.101-b13 mixed mode linux-amd64 compressed oops)
Heap:
 PSYoungGen      total 46080K, used 17743K [0x00000000d8a00000, 0x00000000dcf80000, 0x0000000100000000)
  eden space 41472K, 32% used [0x00000000d8a00000,0x00000000d97529b8,0x00000000db280000)
  from space 4608K, 89% used [0x00000000dcb00000,0x00000000dcf014a8,0x00000000dcf80000)
  to   space 5120K, 0% used [0x00000000dc580000,0x00000000dc580000,0x00000000dca80000)
 ParOldGen       total 67584K, used 11461K [0x0000000089e00000, 0x000000008e000000, 0x00000000d8a00000)
  object space 67584K, 16% used [0x0000000089e00000,0x000000008a9317e0,0x000000008e000000)
 Metaspace       used 26667K, capacity 27644K, committed 27776K, reserved 1073152K
  class space    used 3438K, capacity 3654K, committed 3712K, reserved 1048576K
GC Heap History (10 events):
Event: 2.034 GC heap before
{Heap before GC invocations=1 (full 0):
 PSYoungGen      total 35840K, used 30720K [0x00000000d8a00000, 0x00000000db200000, 0x0000000100000000)
  eden space 30720K, 100% used [0x00000000d8a00000,0x00000000da800000,0x00000000da800000)
  from space 5120K, 0% used [0x00000000dad00000,0x00000000dad00000,0x00000000db200000)
  to   space 5120K, 0% used [0x00000000da800000,0x00000000da800000,0x00000000dad00000)
 ParOldGen       total 81920K, used 0K [0x0000000089e00000, 0x000000008ee00000, 0x00000000d8a00000)
  object space 81920K, 0% used [0x0000000089e00000,0x0000000089e00000,0x000000008ee00000)
 Metaspace       used 14595K, capacity 15214K, committed 15488K, reserved 1062912K
  class space    used 1986K, capacity 2146K, committed 2176K, reserved 1048576K
Event: 2.050 GC heap after
Heap after GC invocations=1 (full 0):
 PSYoungGen      total 35840K, used 4034K [0x00000000d8a00000, 0x00000000db200000, 0x0000000100000000)
  eden space 30720K, 0% used [0x00000000d8a00000,0x00000000d8a00000,0x00000000da800000)
  from space 5120K, 78% used [0x00000000da800000,0x00000000dabf0bc0,0x00000000dad00000)
  to   space 5120K, 0% used [0x00000000dad00000,0x00000000dad00000,0x00000000db200000)
 ParOldGen       total 81920K, used 8K [0x0000000089e00000, 0x000000008ee00000, 0x00000000d8a00000)
  object space 81920K, 0% used [0x0000000089e00000,0x0000000089e02000,0x000000008ee00000)
 Metaspace       used 14595K, capacity 15214K, committed 15488K, reserved 1062912K
  class space    used 1986K, capacity 2146K, committed 2176K, reserved 1048576K
}
Event: 3.978 GC heap before
{Heap before GC invocations=2 (full 0):
 PSYoungGen      total 35840K, used 34754K [0x00000000d8a00000, 0x00000000db200000, 0x0000000100000000)
  eden space 30720K, 100% used [0x00000000d8a00000,0x00000000da800000,0x00000000da800000)
  from space 5120K, 78% used [0x00000000da800000,0x00000000dabf0bc0,0x00000000dad00000)
  to   space 5120K, 0% used [0x00000000dad00000,0x00000000dad00000,0x00000000db200000)
 ParOldGen       total 81920K, used 8K [0x0000000089e00000, 0x000000008ee00000, 0x00000000d8a00000)
  object space 81920K, 0% used [0x0000000089e00000,0x0000000089e02000,0x000000008ee00000)
 Metaspace       used 19772K, capacity 20468K, committed 20736K, reserved 1067008K
  class space    used 2620K, capacity 2802K, committed 2816K, reserved 1048576K
Event: 3.995 GC heap after
Heap after GC invocations=2 (full 0):
 PSYoungGen      total 35840K, used 5096K [0x00000000d8a00000, 0x00000000db200000, 0x0000000100000000)
  eden space 30720K, 0% used [0x00000000d8a00000,0x00000000d8a00000,0x00000000da800000)
  from space 5120K, 99% used [0x00000000dad00000,0x00000000db1fa138,0x00000000db200000)
  to   space 5120K, 0% used [0x00000000da800000,0x00000000da800000,0x00000000dad00000)
 ParOldGen       total 81920K, used 5942K [0x0000000089e00000, 0x000000008ee00000, 0x00000000d8a00000)
  object space 81920K, 7% used [0x0000000089e00000,0x000000008a3cdbf0,0x000000008ee00000)
 Metaspace       used 19772K, capacity 20468K, committed 20736K, reserved 1067008K
  class space    used 2620K, capacity 2802K, committed 2816K, reserved 1048576K
}
Event: 4.583 GC heap before
{Heap before GC invocations=3 (full 0):
 PSYoungGen      total 35840K, used 11186K [0x00000000d8a00000, 0x00000000db200000, 0x0000000100000000)
  eden space 30720K, 19% used [0x00000000d8a00000,0x00000000d8ff28e8,0x00000000da800000)
  from space 5120K, 99% used [0x00000000dad00000,0x00000000db1fa138,0x00000000db200000)
  to   space 5120K, 0% used [0x00000000da800000,0x00000000da800000,0x00000000dad00000)
 ParOldGen       total 81920K, used 5942K [0x0000000089e00000, 0x000000008ee00000, 0x00000000d8a00000)
  object space 81920K, 7% used [0x0000000089e00000,0x000000008a3cdbf0,0x000000008ee00000)
 Metaspace       used 20490K, capacity 21210K, committed 21296K, reserved 1067008K
  class space    used 2711K, capacity 2899K, committed 2944K, reserved 1048576K
Event: 4.594 GC heap after
Heap after GC invocations=3 (full 0):
 PSYoungGen      total 35840K, used 5092K [0x00000000d8a00000, 0x00000000dd000000, 0x0000000100000000)
  eden space 30720K, 0% used [0x00000000d8a00000,0x00000000d8a00000,0x00000000da800000)
  from space 5120K, 99% used [0x00000000da800000,0x00000000dacf9018,0x00000000dad00000)
  to   space 5120K, 0% used [0x00000000dcb00000,0x00000000dcb00000,0x00000000dd000000)
 ParOldGen       total 81920K, used 6766K [0x0000000089e00000, 0x000000008ee00000, 0x00000000d8a00000)
  object space 81920K, 8% used [0x0000000089e00000,0x000000008a49ba38,0x000000008ee00000)
 Metaspace       used 20490K, capacity 21210K, committed 21296K, reserved 1067008K
  class space    used 2711K, capacity 2899K, committed 2944K, reserved 1048576K
}
Event: 4.594 GC heap before
{Heap before GC invocations=4 (full 1):
 PSYoungGen      total 35840K, used 5092K [0x00000000d8a00000, 0x00000000dd000000, 0x0000000100000000)
  eden space 30720K, 0% used [0x00000000d8a00000,0x00000000d8a00000,0x00000000da800000)
  from space 5120K, 99% used [0x00000000da800000,0x00000000dacf9018,0x00000000dad00000)
  to   space 5120K, 0% used [0x00000000dcb00000,0x00000000dcb00000,0x00000000dd000000)
 ParOldGen       total 81920K, used 6766K [0x0000000089e00000, 0x000000008ee00000, 0x00000000d8a00000)
  object space 81920K, 8% used [0x0000000089e00000,0x000000008a49ba38,0x000000008ee00000)
 Metaspace       used 20490K, capacity 21210K, committed 21296K, reserved 1067008K
  class space    used 2711K, capacity 2899K, committed 2944K, reserved 1048576K
Event: 4.670 GC heap after
Heap after GC invocations=4 (full 1):
 PSYoungGen      total 35840K, used 0K [0x00000000d8a00000, 0x00000000dd000000, 0x0000000100000000)
  eden space 30720K, 0% used [0x00000000d8a00000,0x00000000d8a00000,0x00000000da800000)
  from space 5120K, 0% used [0x00000000da800000,0x00000000da800000,0x00000000dad00000)
  to   space 5120K, 0% used [0x00000000dcb00000,0x00000000dcb00000,0x00000000dd000000)
 ParOldGen       total 67584K, used 11453K [0x0000000089e00000, 0x000000008e000000, 0x00000000d8a00000)
  object space 67584K, 16% used [0x0000000089e00000,0x000000008a92f7e0,0x000000008e000000)
 Metaspace       used 20490K, capacity 21210K, committed 21296K, reserved 1067008K
  class space    used 2711K, capacity 2899K, committed 2944K, reserved 1048576K
}
Event: 20.676 GC heap before
{Heap before GC invocations=5 (full 1):
 PSYoungGen      total 35840K, used 30720K [0x00000000d8a00000, 0x00000000dd000000, 0x0000000100000000)
  eden space 30720K, 100% used [0x00000000d8a00000,0x00000000da800000,0x00000000da800000)
  from space 5120K, 0% used [0x00000000da800000,0x00000000da800000,0x00000000dad00000)
  to   space 5120K, 0% used [0x00000000dcb00000,0x00000000dcb00000,0x00000000dd000000)
 ParOldGen       total 67584K, used 11453K [0x0000000089e00000, 0x000000008e000000, 0x00000000d8a00000)
  object space 67584K, 16% used [0x0000000089e00000,0x000000008a92f7e0,0x000000008e000000)
 Metaspace       used 26374K, capacity 27286K, committed 27520K, reserved 1073152K
  class space    used 3421K, capacity 3645K, committed 3712K, reserved 1048576K
Event: 20.684 GC heap after
Heap after GC invocations=5 (full 1):
 PSYoungGen      total 46080K, used 4101K [0x00000000d8a00000, 0x00000000dcf80000, 0x0000000100000000)
  eden space 41472K, 0% used [0x00000000d8a00000,0x00000000d8a00000,0x00000000db280000)
  from space 4608K, 89% used [0x00000000dcb00000,0x00000000dcf014a8,0x00000000dcf80000)
  to   space 5120K, 0% used [0x00000000dc580000,0x00000000dc580000,0x00000000dca80000)
 ParOldGen       total 67584K, used 11461K [0x0000000089e00000, 0x000000008e000000, 0x00000000d8a00000)
  object space 67584K, 16% used [0x0000000089e00000,0x000000008a9317e0,0x000000008e000000)
 Metaspace       used 26374K, capacity 27286K, committed 27520K, reserved 1073152K
  class space    used 3421K, capacity 3645K, committed 3712K, reserved 1048576K
}

