# JRE version: Java(TM) SE Runtime Environment (8.0_101-b13) (build 1.8.0_101-b13)
# Java VM: Java HotSpot(TM) Client VM (25.101-b13 mixed mode windows-x86 )
Heap:
 def new generation   total 8640K, used 5001K [0x04c00000, 0x05560000, 0x0a150000)
  eden space 7680K,  58% used [0x04c00000, 0x0506c610, 0x05380000)
  from space 960K,  49% used [0x05470000, 0x054e6028, 0x05560000)
  to   space 960K,   0% used [0x05380000, 0x05380000, 0x05470000)
 tenured generation   total 19160K, used 11493K [0x0a150000, 0x0b406000, 0x14c00000)
   the space 19160K,  59% used [0x0a150000, 0x0ac897f8, 0x0ac89800, 0x0b406000)
 Metaspace       used 15848K, capacity 16447K, committed 16512K, reserved 16768K
GC Heap History (10 events):
Event: 2.952 GC heap before
{Heap before GC invocations=13 (full 1):
 def new generation   total 5696K, used 5696K [0x04c00000, 0x05220000, 0x0a150000)
  eden space 5120K, 100% used [0x04c00000, 0x05100000, 0x05100000)
  from space 576K, 100% used [0x05100000, 0x05190000, 0x05190000)
  to   space 576K,   0% used [0x05190000, 0x05190000, 0x05220000)
 tenured generation   total 12452K, used 8884K [0x0a150000, 0x0ad79000, 0x14c00000)
   the space 12452K,  71% used [0x0a150000, 0x0a9fd240, 0x0a9fd400, 0x0ad79000)
 Metaspace       used 13573K, capacity 14113K, committed 14208K, reserved 14720K
Event: 2.956 GC heap after
Heap after GC invocations=14 (full 1):
 def new generation   total 5696K, used 575K [0x04c00000, 0x05220000, 0x0a150000)
  eden space 5120K,   0% used [0x04c00000, 0x04c00000, 0x05100000)
  from space 576K,  99% used [0x05190000, 0x0521fff8, 0x05220000)
  to   space 576K,   0% used [0x05100000, 0x05100000, 0x05190000)
 tenured generation   total 12452K, used 9674K [0x0a150000, 0x0ad79000, 0x14c00000)
   the space 12452K,  77% used [0x0a150000, 0x0aac2ac0, 0x0aac2c00, 0x0ad79000)
 Metaspace       used 13573K, capacity 14113K, committed 14208K, reserved 14720K
}
Event: 3.045 GC heap before
{Heap before GC invocations=14 (full 1):
 def new generation   total 5696K, used 5695K [0x04c00000, 0x05220000, 0x0a150000)
  eden space 5120K, 100% used [0x04c00000, 0x05100000, 0x05100000)
  from space 576K,  99% used [0x05190000, 0x0521fff8, 0x05220000)
  to   space 576K,   0% used [0x05100000, 0x05100000, 0x05190000)
 tenured generation   total 12452K, used 9674K [0x0a150000, 0x0ad79000, 0x14c00000)
   the space 12452K,  77% used [0x0a150000, 0x0aac2ac0, 0x0aac2c00, 0x0ad79000)
 Metaspace       used 14184K, capacity 14721K, committed 14848K, reserved 15744K
Event: 3.048 GC heap after
Heap after GC invocations=15 (full 1):
 def new generation   total 5696K, used 576K [0x04c00000, 0x05220000, 0x0a150000)
  eden space 5120K,   0% used [0x04c00000, 0x04c00000, 0x05100000)
  from space 576K, 100% used [0x05100000, 0x05190000, 0x05190000)
  to   space 576K,   0% used [0x05190000, 0x05190000, 0x05220000)
 tenured generation   total 12452K, used 10404K [0x0a150000, 0x0ad79000, 0x14c00000)
   the space 12452K,  83% used [0x0a150000, 0x0ab792e8, 0x0ab79400, 0x0ad79000)
 Metaspace       used 14184K, capacity 14721K, committed 14848K, reserved 15744K
}
Event: 3.302 GC heap before
{Heap before GC invocations=15 (full 1):
 def new generation   total 5696K, used 4447K [0x04c00000, 0x05220000, 0x0a150000)
  eden space 5120K,  75% used [0x04c00000, 0x04fc7f48, 0x05100000)
  from space 576K, 100% used [0x05100000, 0x05190000, 0x05190000)
  to   space 576K,   0% used [0x05190000, 0x05190000, 0x05220000)
 tenured generation   total 12452K, used 10404K [0x0a150000, 0x0ad79000, 0x14c00000)
   the space 12452K,  83% used [0x0a150000, 0x0ab792e8, 0x0ab79400, 0x0ad79000)
 Metaspace       used 14593K, capacity 15138K, committed 15232K, reserved 15744K
Event: 3.307 GC heap after
Heap after GC invocations=16 (full 1):
 def new generation   total 5696K, used 396K [0x04c00000, 0x05220000, 0x0a150000)
  eden space 5120K,   0% used [0x04c00000, 0x04c00000, 0x05100000)
  from space 576K,  68% used [0x05190000, 0x051f3108, 0x05220000)
  to   space 576K,   0% used [0x05100000, 0x05100000, 0x05190000)
 tenured generation   total 12452K, used 10574K [0x0a150000, 0x0ad79000, 0x14c00000)
   the space 12452K,  84% used [0x0a150000, 0x0aba3b40, 0x0aba3c00, 0x0ad79000)
 Metaspace       used 14593K, capacity 15138K, committed 15232K, reserved 15744K
}
Event: 4.314 GC heap before
{Heap before GC invocations=16 (full 1):
 def new generation   total 5696K, used 5516K [0x04c00000, 0x05220000, 0x0a150000)
  eden space 5120K, 100% used [0x04c00000, 0x05100000, 0x05100000)
  from space 576K,  68% used [0x05190000, 0x051f3108, 0x05220000)
  to   space 576K,   0% used [0x05100000, 0x05100000, 0x05190000)
 tenured generation   total 12452K, used 10574K [0x0a150000, 0x0ad79000, 0x14c00000)
   the space 12452K,  84% used [0x0a150000, 0x0aba3b40, 0x0aba3c00, 0x0ad79000)
 Metaspace       used 14704K, capacity 15249K, committed 15360K, reserved 15744K
Event: 4.346 GC heap after
Heap after GC invocations=17 (full 2):
 def new generation   total 8640K, used 0K [0x04c00000, 0x05560000, 0x0a150000)
  eden space 7680K,   0% used [0x04c00000, 0x04c00000, 0x05380000)
  from space 960K,   0% used [0x05380000, 0x05380000, 0x05470000)
  to   space 960K,   0% used [0x05470000, 0x05470000, 0x05560000)
 tenured generation   total 19160K, used 11493K [0x0a150000, 0x0b406000, 0x14c00000)
   the space 19160K,  59% used [0x0a150000, 0x0ac897f8, 0x0ac89800, 0x0b406000)
 Metaspace       used 14704K, capacity 15249K, committed 15360K, reserved 15744K
}
Event: 7.528 GC heap before
{Heap before GC invocations=17 (full 2):
 def new generation   total 8640K, used 7680K [0x04c00000, 0x05560000, 0x0a150000)
  eden space 7680K, 100% used [0x04c00000, 0x05380000, 0x05380000)
  from space 960K,   0% used [0x05380000, 0x05380000, 0x05470000)
  to   space 960K,   0% used [0x05470000, 0x05470000, 0x05560000)
 tenured generation   total 19160K, used 11493K [0x0a150000, 0x0b406000, 0x14c00000)
   the space 19160K,  59% used [0x0a150000, 0x0ac897f8, 0x0ac89800, 0x0b406000)
 Metaspace       used 15793K, capacity 16378K, committed 16384K, reserved 16768K
Event: 7.531 GC heap after
Heap after GC invocations=18 (full 2):
 def new generation   total 8640K, used 472K [0x04c00000, 0x05560000, 0x0a150000)
  eden space 7680K,   0% used [0x04c00000, 0x04c00000, 0x05380000)
  from space 960K,  49% used [0x05470000, 0x054e6028, 0x05560000)
  to   space 960K,   0% used [0x05380000, 0x05380000, 0x05470000)
 tenured generation   total 19160K, used 11493K [0x0a150000, 0x0b406000, 0x14c00000)
   the space 19160K,  59% used [0x0a150000, 0x0ac897f8, 0x0ac89800, 0x0b406000)
 Metaspace       used 15793K, capacity 16378K, committed 16384K, reserved 16768K
}

