# JRE version: Java(TM) SE Runtime Environment (8.0_101-b13) (build 1.8.0_101-b13)
# Java VM: Java HotSpot(TM) Client VM (25.101-b13 mixed mode windows-x86 )
Heap:
 def new generation   total 8128K, used 4786K [0x04800000, 0x050d0000, 0x09d50000)
  eden space 7232K,  58% used [0x04800000, 0x04c2a7b8, 0x04f10000)
  from space 896K,  58% used [0x04ff0000, 0x050720a0, 0x050d0000)
  to   space 896K,   0% used [0x04f10000, 0x04f10000, 0x04ff0000)
 tenured generation   total 17912K, used 13145K [0x09d50000, 0x0aece000, 0x14800000)
   the space 17912K,  73% used [0x09d50000, 0x0aa26740, 0x0aa26800, 0x0aece000)
 Metaspace       used 17148K, capacity 17716K, committed 17792K, reserved 17792K
GC Heap History (10 events):
Event: 5.550 GC heap before
{Heap before GC invocations=15 (full 2):
 def new generation   total 8128K, used 7992K [0x04800000, 0x050d0000, 0x09d50000)
  eden space 7232K, 100% used [0x04800000, 0x04f10000, 0x04f10000)
  from space 896K,  84% used [0x04f10000, 0x04fce010, 0x04ff0000)
  to   space 896K,   0% used [0x04ff0000, 0x04ff0000, 0x050d0000)
 tenured generation   total 17912K, used 12217K [0x09d50000, 0x0aece000, 0x14800000)
   the space 17912K,  68% used [0x09d50000, 0x0a93e588, 0x0a93e600, 0x0aece000)
 Metaspace       used 14478K, capacity 15027K, committed 15104K, reserved 15744K
Event: 5.553 GC heap after
Heap after GC invocations=16 (full 2):
 def new generation   total 8128K, used 818K [0x04800000, 0x050d0000, 0x09d50000)
  eden space 7232K,   0% used [0x04800000, 0x04800000, 0x04f10000)
  from space 896K,  91% used [0x04ff0000, 0x050bcb18, 0x050d0000)
  to   space 896K,   0% used [0x04f10000, 0x04f10000, 0x04ff0000)
 tenured generation   total 17912K, used 12418K [0x09d50000, 0x0aece000, 0x14800000)
   the space 17912K,  69% used [0x09d50000, 0x0a970a88, 0x0a970c00, 0x0aece000)
 Metaspace       used 14478K, capacity 15027K, committed 15104K, reserved 15744K
}
Event: 5.802 GC heap before
{Heap before GC invocations=16 (full 2):
 def new generation   total 8128K, used 8050K [0x04800000, 0x050d0000, 0x09d50000)
  eden space 7232K, 100% used [0x04800000, 0x04f10000, 0x04f10000)
  from space 896K,  91% used [0x04ff0000, 0x050bcb18, 0x050d0000)
  to   space 896K,   0% used [0x04f10000, 0x04f10000, 0x04ff0000)
 tenured generation   total 17912K, used 12418K [0x09d50000, 0x0aece000, 0x14800000)
   the space 17912K,  69% used [0x09d50000, 0x0a970a88, 0x0a970c00, 0x0aece000)
 Metaspace       used 15184K, capacity 15731K, committed 15744K, reserved 15744K
Event: 5.805 GC heap after
Heap after GC invocations=17 (full 2):
 def new generation   total 8128K, used 895K [0x04800000, 0x050d0000, 0x09d50000)
  eden space 7232K,   0% used [0x04800000, 0x04800000, 0x04f10000)
  from space 896K,  99% used [0x04f10000, 0x04feffa8, 0x04ff0000)
  to   space 896K,   0% used [0x04ff0000, 0x04ff0000, 0x050d0000)
 tenured generation   total 17912K, used 12736K [0x09d50000, 0x0aece000, 0x14800000)
   the space 17912K,  71% used [0x09d50000, 0x0a9c0030, 0x0a9c0200, 0x0aece000)
 Metaspace       used 15184K, capacity 15731K, committed 15744K, reserved 15744K
}
Event: 5.893 GC heap before
{Heap before GC invocations=17 (full 2):
 def new generation   total 8128K, used 8127K [0x04800000, 0x050d0000, 0x09d50000)
  eden space 7232K, 100% used [0x04800000, 0x04f10000, 0x04f10000)
  from space 896K,  99% used [0x04f10000, 0x04feffa8, 0x04ff0000)
  to   space 896K,   0% used [0x04ff0000, 0x04ff0000, 0x050d0000)
 tenured generation   total 17912K, used 12736K [0x09d50000, 0x0aece000, 0x14800000)
   the space 17912K,  71% used [0x09d50000, 0x0a9c0030, 0x0a9c0200, 0x0aece000)
 Metaspace       used 15860K, capacity 16435K, committed 16512K, reserved 16768K
Event: 5.895 GC heap after
Heap after GC invocations=18 (full 2):
 def new generation   total 8128K, used 895K [0x04800000, 0x050d0000, 0x09d50000)
  eden space 7232K,   0% used [0x04800000, 0x04800000, 0x04f10000)
  from space 896K,  99% used [0x04ff0000, 0x050cfef8, 0x050d0000)
  to   space 896K,   0% used [0x04f10000, 0x04f10000, 0x04ff0000)
 tenured generation   total 17912K, used 12977K [0x09d50000, 0x0aece000, 0x14800000)
   the space 17912K,  72% used [0x09d50000, 0x0a9fc5a0, 0x0a9fc600, 0x0aece000)
 Metaspace       used 15860K, capacity 16435K, committed 16512K, reserved 16768K
}
Event: 5.979 GC heap before
{Heap before GC invocations=18 (full 2):
 def new generation   total 8128K, used 8127K [0x04800000, 0x050d0000, 0x09d50000)
  eden space 7232K, 100% used [0x04800000, 0x04f10000, 0x04f10000)
  from space 896K,  99% used [0x04ff0000, 0x050cfef8, 0x050d0000)
  to   space 896K,   0% used [0x04f10000, 0x04f10000, 0x04ff0000)
 tenured generation   total 17912K, used 12977K [0x09d50000, 0x0aece000, 0x14800000)
   the space 17912K,  72% used [0x09d50000, 0x0a9fc5a0, 0x0a9fc600, 0x0aece000)
 Metaspace       used 16403K, capacity 16947K, committed 17024K, reserved 17792K
Event: 5.982 GC heap after
Heap after GC invocations=19 (full 2):
 def new generation   total 8128K, used 882K [0x04800000, 0x050d0000, 0x09d50000)
  eden space 7232K,   0% used [0x04800000, 0x04800000, 0x04f10000)
  from space 896K,  98% used [0x04f10000, 0x04fec910, 0x04ff0000)
  to   space 896K,   0% used [0x04ff0000, 0x04ff0000, 0x050d0000)
 tenured generation   total 17912K, used 13065K [0x09d50000, 0x0aece000, 0x14800000)
   the space 17912K,  72% used [0x09d50000, 0x0aa12410, 0x0aa12600, 0x0aece000)
 Metaspace       used 16403K, capacity 16947K, committed 17024K, reserved 17792K
}
Event: 7.799 GC heap before
{Heap before GC invocations=19 (full 2):
 def new generation   total 8128K, used 8114K [0x04800000, 0x050d0000, 0x09d50000)
  eden space 7232K, 100% used [0x04800000, 0x04f10000, 0x04f10000)
  from space 896K,  98% used [0x04f10000, 0x04fec910, 0x04ff0000)
  to   space 896K,   0% used [0x04ff0000, 0x04ff0000, 0x050d0000)
 tenured generation   total 17912K, used 13065K [0x09d50000, 0x0aece000, 0x14800000)
   the space 17912K,  72% used [0x09d50000, 0x0aa12410, 0x0aa12600, 0x0aece000)
 Metaspace       used 16838K, capacity 17391K, committed 17408K, reserved 17792K
Event: 7.806 GC heap after
Heap after GC invocations=20 (full 2):
 def new generation   total 8128K, used 520K [0x04800000, 0x050d0000, 0x09d50000)
  eden space 7232K,   0% used [0x04800000, 0x04800000, 0x04f10000)
  from space 896K,  58% used [0x04ff0000, 0x050720a0, 0x050d0000)
  to   space 896K,   0% used [0x04f10000, 0x04f10000, 0x04ff0000)
 tenured generation   total 17912K, used 13145K [0x09d50000, 0x0aece000, 0x14800000)
   the space 17912K,  73% used [0x09d50000, 0x0aa26740, 0x0aa26800, 0x0aece000)
 Metaspace       used 16838K, capacity 17391K, committed 17408K, reserved 17792K
}

