# JRE version: Java(TM) SE Runtime Environment (8.0_101-b13) (build 1.8.0_101-b13)
# Java VM: Java HotSpot(TM) 64-Bit Server VM (25.101-b13 mixed mode linux-amd64 compressed oops)
Heap:
 PSYoungGen      total 54272K, used 15140K [0x00000000d8a00000, 0x00000000dcf80000, 0x0000000100000000)
  eden space 49664K, 21% used [0x00000000d8a00000,0x00000000d9465700,0x00000000dba80000)
  from space 4608K, 97% used [0x00000000dcb00000,0x00000000dcf63b00,0x00000000dcf80000)
  to   space 5120K, 0% used [0x00000000dc580000,0x00000000dc580000,0x00000000dca80000)
 ParOldGen       total 56320K, used 8730K [0x0000000089e00000, 0x000000008d500000, 0x00000000d8a00000)
  object space 56320K, 15% used [0x0000000089e00000,0x000000008a686a18,0x000000008d500000)
 Metaspace       used 26476K, capacity 27456K, committed 27520K, reserved 1073152K
  class space    used 3425K, capacity 3656K, committed 3712K, reserved 1048576K
GC Heap History (10 events):
Event: 2.077 GC heap before
{Heap before GC invocations=1 (full 0):
 PSYoungGen      total 35840K, used 30720K [0x00000000d8a00000, 0x00000000db200000, 0x0000000100000000)
  eden space 30720K, 100% used [0x00000000d8a00000,0x00000000da800000,0x00000000da800000)
  from space 5120K, 0% used [0x00000000dad00000,0x00000000dad00000,0x00000000db200000)
  to   space 5120K, 0% used [0x00000000da800000,0x00000000da800000,0x00000000dad00000)
 ParOldGen       total 81920K, used 12K [0x0000000089e00000, 0x000000008ee00000, 0x00000000d8a00000)
  object space 81920K, 0% used [0x0000000089e00000,0x0000000089e03338,0x000000008ee00000)
 Metaspace       used 14035K, capacity 14672K, committed 14976K, reserved 1062912K
  class space    used 1939K, capacity 2115K, committed 2176K, reserved 1048576K
Event: 2.091 GC heap after
Heap after GC invocations=1 (full 0):
 PSYoungGen      total 35840K, used 3970K [0x00000000d8a00000, 0x00000000db200000, 0x0000000100000000)
  eden space 30720K, 0% used [0x00000000d8a00000,0x00000000d8a00000,0x00000000da800000)
  from space 5120K, 77% used [0x00000000da800000,0x00000000dabe0bc0,0x00000000dad00000)
  to   space 5120K, 0% used [0x00000000dad00000,0x00000000dad00000,0x00000000db200000)
 ParOldGen       total 81920K, used 20K [0x0000000089e00000, 0x000000008ee00000, 0x00000000d8a00000)
  object space 81920K, 0% used [0x0000000089e00000,0x0000000089e05338,0x000000008ee00000)
 Metaspace       used 14035K, capacity 14672K, committed 14976K, reserved 1062912K
  class space    used 1939K, capacity 2115K, committed 2176K, reserved 1048576K
}
Event: 3.951 GC heap before
{Heap before GC invocations=2 (full 0):
 PSYoungGen      total 35840K, used 34690K [0x00000000d8a00000, 0x00000000db200000, 0x0000000100000000)
  eden space 30720K, 100% used [0x00000000d8a00000,0x00000000da800000,0x00000000da800000)
  from space 5120K, 77% used [0x00000000da800000,0x00000000dabe0bc0,0x00000000dad00000)
  to   space 5120K, 0% used [0x00000000dad00000,0x00000000dad00000,0x00000000db200000)
 ParOldGen       total 81920K, used 28K [0x0000000089e00000, 0x000000008ee00000, 0x00000000d8a00000)
  object space 81920K, 0% used [0x0000000089e00000,0x0000000089e07318,0x000000008ee00000)
 Metaspace       used 19619K, capacity 20346K, committed 20480K, reserved 1067008K
  class space    used 2590K, capacity 2761K, committed 2816K, reserved 1048576K
Event: 3.967 GC heap after
Heap after GC invocations=2 (full 0):
 PSYoungGen      total 35840K, used 5109K [0x00000000d8a00000, 0x00000000db200000, 0x0000000100000000)
  eden space 30720K, 0% used [0x00000000d8a00000,0x00000000d8a00000,0x00000000da800000)
  from space 5120K, 99% used [0x00000000dad00000,0x00000000db1fd658,0x00000000db200000)
  to   space 5120K, 0% used [0x00000000da800000,0x00000000da800000,0x00000000dad00000)
 ParOldGen       total 81920K, used 5110K [0x0000000089e00000, 0x000000008ee00000, 0x00000000d8a00000)
  object space 81920K, 6% used [0x0000000089e00000,0x000000008a2fd988,0x000000008ee00000)
 Metaspace       used 19619K, capacity 20346K, committed 20480K, reserved 1067008K
  class space    used 2590K, capacity 2761K, committed 2816K, reserved 1048576K
}
Event: 4.239 GC heap before
{Heap before GC invocations=3 (full 0):
 PSYoungGen      total 35840K, used 10316K [0x00000000d8a00000, 0x00000000db200000, 0x0000000100000000)
  eden space 30720K, 16% used [0x00000000d8a00000,0x00000000d8f15b60,0x00000000da800000)
  from space 5120K, 99% used [0x00000000dad00000,0x00000000db1fd658,0x00000000db200000)
  to   space 5120K, 0% used [0x00000000da800000,0x00000000da800000,0x00000000dad00000)
 ParOldGen       total 81920K, used 5110K [0x0000000089e00000, 0x000000008ee00000, 0x00000000d8a00000)
  object space 81920K, 6% used [0x0000000089e00000,0x000000008a2fd988,0x000000008ee00000)
 Metaspace       used 20453K, capacity 21158K, committed 21296K, reserved 1067008K
  class space    used 2676K, capacity 2859K, committed 2944K, reserved 1048576K
Event: 4.249 GC heap after
Heap after GC invocations=3 (full 0):
 PSYoungGen      total 35840K, used 5097K [0x00000000d8a00000, 0x00000000dd000000, 0x0000000100000000)
  eden space 30720K, 0% used [0x00000000d8a00000,0x00000000d8a00000,0x00000000da800000)
  from space 5120K, 99% used [0x00000000da800000,0x00000000dacfa658,0x00000000dad00000)
  to   space 5120K, 0% used [0x00000000dcb00000,0x00000000dcb00000,0x00000000dd000000)
 ParOldGen       total 81920K, used 6029K [0x0000000089e00000, 0x000000008ee00000, 0x00000000d8a00000)
  object space 81920K, 7% used [0x0000000089e00000,0x000000008a3e3500,0x000000008ee00000)
 Metaspace       used 20453K, capacity 21158K, committed 21296K, reserved 1067008K
  class space    used 2676K, capacity 2859K, committed 2944K, reserved 1048576K
}
Event: 4.249 GC heap before
{Heap before GC invocations=4 (full 1):
 PSYoungGen      total 35840K, used 5097K [0x00000000d8a00000, 0x00000000dd000000, 0x0000000100000000)
  eden space 30720K, 0% used [0x00000000d8a00000,0x00000000d8a00000,0x00000000da800000)
  from space 5120K, 99% used [0x00000000da800000,0x00000000dacfa658,0x00000000dad00000)
  to   space 5120K, 0% used [0x00000000dcb00000,0x00000000dcb00000,0x00000000dd000000)
 ParOldGen       total 81920K, used 6029K [0x0000000089e00000, 0x000000008ee00000, 0x00000000d8a00000)
  object space 81920K, 7% used [0x0000000089e00000,0x000000008a3e3500,0x000000008ee00000)
 Metaspace       used 20453K, capacity 21158K, committed 21296K, reserved 1067008K
  class space    used 2676K, capacity 2859K, committed 2944K, reserved 1048576K
Event: 4.283 GC heap after
Heap after GC invocations=4 (full 1):
 PSYoungGen      total 35840K, used 0K [0x00000000d8a00000, 0x00000000dd000000, 0x0000000100000000)
  eden space 30720K, 0% used [0x00000000d8a00000,0x00000000d8a00000,0x00000000da800000)
  from space 5120K, 0% used [0x00000000da800000,0x00000000da800000,0x00000000dad00000)
  to   space 5120K, 0% used [0x00000000dcb00000,0x00000000dcb00000,0x00000000dd000000)
 ParOldGen       total 56320K, used 8722K [0x0000000089e00000, 0x000000008d500000, 0x00000000d8a00000)
  object space 56320K, 15% used [0x0000000089e00000,0x000000008a684a18,0x000000008d500000)
 Metaspace       used 20449K, capacity 21152K, committed 21296K, reserved 1067008K
  class space    used 2675K, capacity 2858K, committed 2944K, reserved 1048576K
}
Event: 8.911 GC heap before
{Heap before GC invocations=5 (full 1):
 PSYoungGen      total 35840K, used 30720K [0x00000000d8a00000, 0x00000000dd000000, 0x0000000100000000)
  eden space 30720K, 100% used [0x00000000d8a00000,0x00000000da800000,0x00000000da800000)
  from space 5120K, 0% used [0x00000000da800000,0x00000000da800000,0x00000000dad00000)
  to   space 5120K, 0% used [0x00000000dcb00000,0x00000000dcb00000,0x00000000dd000000)
 ParOldGen       total 56320K, used 8722K [0x0000000089e00000, 0x000000008d500000, 0x00000000d8a00000)
  object space 56320K, 15% used [0x0000000089e00000,0x000000008a684a18,0x000000008d500000)
 Metaspace       used 26116K, capacity 27072K, committed 27264K, reserved 1073152K
  class space    used 3402K, capacity 3620K, committed 3712K, reserved 1048576K
Event: 8.918 GC heap after
Heap after GC invocations=5 (full 1):
 PSYoungGen      total 54272K, used 4494K [0x00000000d8a00000, 0x00000000dcf80000, 0x0000000100000000)
  eden space 49664K, 0% used [0x00000000d8a00000,0x00000000d8a00000,0x00000000dba80000)
  from space 4608K, 97% used [0x00000000dcb00000,0x00000000dcf63b00,0x00000000dcf80000)
  to   space 5120K, 0% used [0x00000000dc580000,0x00000000dc580000,0x00000000dca80000)
 ParOldGen       total 56320K, used 8730K [0x0000000089e00000, 0x000000008d500000, 0x00000000d8a00000)
  object space 56320K, 15% used [0x0000000089e00000,0x000000008a686a18,0x000000008d500000)
 Metaspace       used 26116K, capacity 27072K, committed 27264K, reserved 1073152K
  class space    used 3402K, capacity 3620K, committed 3712K, reserved 1048576K
}

